<?xml version="1.0" encoding="UTF-8"?>
<testsuite xmlns:xsi="http://www.w3.org/2001/XMLSchema-instance" xsi:noNamespaceSchemaLocation="https://maven.apache.org/surefire/maven-surefire-plugin/xsd/surefire-test-report-3.0.xsd" version="3.0" name="AlertDashboard.TestRunner_AlertDashboard" time="114.568" tests="8" errors="0" skipped="0" failures="0">
  <properties>
[...]
</properties>
  <testcase name="Verify alert dashboard page" classname="Alert Dashboard and Video Analysis Verification" time="17.286">
    <system-out><![CDATA[
@TC_01
Scenario Outline: Verify alert dashboard page                            &amp#27;[90m# src/test/resources/Features/Alerts.feature:12&amp#27;[0m
User is at Login Page
  &amp#27;[32mGiven &amp#27;[0m&amp#27;[32muser is on login page&amp#27;[0m                                            &amp#27;[90m# AlertDashboard.AlertDashboard.loginpage()&amp#27;[0m
  &amp#27;[32mAnd &amp#27;[0m&amp#27;[32mentered &amp#27;[0m&amp#27;[32m&amp#27;[1m"Akash_QA1"&amp#27;[0m&amp#27;[32m and &amp#27;[0m&amp#27;[32m&amp#27;[1m"root@1234"&amp#27;[0m                                &amp#27;[90m# AlertDashboard.AlertDashboard.credentials(java.lang.String,java.lang.String)&amp#27;[0m
Logged In
  &amp#27;[32mThen &amp#27;[0m&amp#27;[32mclicked signin button&amp#27;[0m                                             &amp#27;[90m# AlertDashboard.AlertDashboard.loggedin()&amp#27;[0m

    Embedding All Alerts tabs [image/png 160126 bytes]

  &amp#27;[32mAnd &amp#27;[0m&amp#27;[32mclicked All Alerts tabs&amp#27;[0m                                            &amp#27;[90m# AlertDashboard.AlertDashboard.allalertspage()&amp#27;[0m
Dashboard title: Alert Monitoring Dashboard
  &amp#27;[32mWhen &amp#27;[0m&amp#27;[32muser logged in it should display Alert Monitoring Dashboard title&amp#27;[0m &amp#27;[90m# AlertDashboard.AlertDashboard.alertdashboard()&amp#27;[0m
User found list of alerts
  &amp#27;[32mAnd &amp#27;[0m&amp#27;[32mAll Alerts tabs should display Alert history&amp#27;[0m                       &amp#27;[90m# AlertDashboard.AlertDashboard.allalerts()&amp#27;[0m
Test case Executed
]]></system-out>
    <system-err><![CDATA[Starting ChromeDriver 141.0.7390.122 (b477534e7e10d193e916cd4e2967c589383625b2-refs/branch-heads/7390@{#2667}) on port 27959
Only local connections are allowed.
Please see https://chromedriver.chromium.org/security-considerations for suggestions on keeping ChromeDriver safe.
ChromeDriver was started successfully on port 27959.
[1765630262.507][WARNING]: This version of ChromeDriver has not been tested with Chrome version 142.
Dec 13, 2025 6:21:03 PM org.openqa.selenium.remote.ProtocolHandshake createSession
INFO: Detected dialect: W3C
]]></system-err>
  </testcase>
  <testcase name="Verify the search functionality in the alert dashboard #1" classname="Alert Dashboard and Video Analysis Verification" time="13.349">
    <system-out><![CDATA[
@TC_02
Scenario Outline: Verify the search functionality in the alert dashboard                                &amp#27;[90m# src/test/resources/Features/Alerts.feature:23&amp#27;[0m
User is at Login Page
  &amp#27;[32mGiven &amp#27;[0m&amp#27;[32muser is on login page&amp#27;[0m                                                                           &amp#27;[90m# AlertDashboard.AlertDashboard.loginpage()&amp#27;[0m
  &amp#27;[32mAnd &amp#27;[0m&amp#27;[32mentered &amp#27;[0m&amp#27;[32m&amp#27;[1m"Akash_QA1"&amp#27;[0m&amp#27;[32m and &amp#27;[0m&amp#27;[32m&amp#27;[1m"root@1234"&amp#27;[0m                                                               &amp#27;[90m# AlertDashboard.AlertDashboard.credentials(java.lang.String,java.lang.String)&amp#27;[0m
Logged In
  &amp#27;[32mThen &amp#27;[0m&amp#27;[32mclicked signin button&amp#27;[0m                                                                            &amp#27;[90m# AlertDashboard.AlertDashboard.loggedin()&amp#27;[0m

    Embedding All Alerts tabs [image/png 160126 bytes]

  &amp#27;[32mAnd &amp#27;[0m&amp#27;[32mclicked All Alerts tabs&amp#27;[0m                                                                           &amp#27;[90m# AlertDashboard.AlertDashboard.allalertspage()&amp#27;[0m

    Embedding Search Alert ID [image/png 53873 bytes]

  &amp#27;[32mWhen &amp#27;[0m&amp#27;[32muser enters a valid &amp#27;[0m&amp#27;[32m&amp#27;[1m"657a79b9-11d9-491b-9f2b-636581b7e717"&amp#27;[0m&amp#27;[32m in the search bar&amp#27;[0m                     &amp#27;[90m# AlertDashboard.AlertDashboard.enteralertid(java.lang.String)&amp#27;[0m
Alert found with ID: 657a79b9-11d9-491b-9f2b-636581b7e717
  &amp#27;[32mThen &amp#27;[0m&amp#27;[32mthe system should display the corresponding alert details &amp#27;[0m&amp#27;[32m&amp#27;[1m"657a79b9-11d9-491b-9f2b-636581b7e717"&amp#27;[0m &amp#27;[90m# AlertDashboard.AlertDashboard.validatealert(java.lang.String)&amp#27;[0m
Test case Executed
]]></system-out>
    <system-err><![CDATA[Starting ChromeDriver 141.0.7390.122 (b477534e7e10d193e916cd4e2967c589383625b2-refs/branch-heads/7390@{#2667}) on port 34003
Only local connections are allowed.
Please see https://chromedriver.chromium.org/security-considerations for suggestions on keeping ChromeDriver safe.
ChromeDriver was started successfully on port 34003.
[1765630275.851][WARNING]: This version of ChromeDriver has not been tested with Chrome version 142.
Dec 13, 2025 6:21:15 PM org.openqa.selenium.remote.ProtocolHandshake createSession
INFO: Detected dialect: W3C
]]></system-err>
  </testcase>
  <testcase name="Verify the search functionality in the alert dashboard #2" classname="Alert Dashboard and Video Analysis Verification" time="13.783">
    <system-out><![CDATA[
@TC_03
Scenario Outline: Verify the search functionality in the alert dashboard                                     &amp#27;[90m# src/test/resources/Features/Alerts.feature:32&amp#27;[0m
User is at Login Page
  &amp#27;[32mGiven &amp#27;[0m&amp#27;[32muser is on login page&amp#27;[0m                                                                                &amp#27;[90m# AlertDashboard.AlertDashboard.loginpage()&amp#27;[0m
  &amp#27;[32mAnd &amp#27;[0m&amp#27;[32mentered &amp#27;[0m&amp#27;[32m&amp#27;[1m"Akash_QA1"&amp#27;[0m&amp#27;[32m and &amp#27;[0m&amp#27;[32m&amp#27;[1m"root@1234"&amp#27;[0m                                                                    &amp#27;[90m# AlertDashboard.AlertDashboard.credentials(java.lang.String,java.lang.String)&amp#27;[0m
Logged In
  &amp#27;[32mThen &amp#27;[0m&amp#27;[32mclicked signin button&amp#27;[0m                                                                                 &amp#27;[90m# AlertDashboard.AlertDashboard.loggedin()&amp#27;[0m

    Embedding All Alerts tabs [image/png 160126 bytes]

  &amp#27;[32mAnd &amp#27;[0m&amp#27;[32mclicked All Alerts tabs&amp#27;[0m                                                                                &amp#27;[90m# AlertDashboard.AlertDashboard.allalertspage()&amp#27;[0m
  &amp#27;[32mWhen &amp#27;[0m&amp#27;[32muser enters a Invalid &amp#27;[0m&amp#27;[32m&amp#27;[1m"657a79b9-11d9-491b-9f2b-636581b7e717"&amp#27;[0m&amp#27;[32m in the search bar&amp#27;[0m                        &amp#27;[90m# AlertDashboard.AlertDashboard.enterinvalidalertid(java.lang.String)&amp#27;[0m
Alert found with ID: 657a79b9-11d9-491b-9f2b-636581b7e717
  &amp#27;[32mThen &amp#27;[0m&amp#27;[32mthe system should display message No Alerts Found for provided &amp#27;[0m&amp#27;[32m&amp#27;[1m"657a79b9-11d9-491b-9f2b-636581b7e717"&amp#27;[0m &amp#27;[90m# AlertDashboard.AlertDashboard.noalerts(java.lang.String)&amp#27;[0m
Test case Executed
]]></system-out>
    <system-err><![CDATA[Starting ChromeDriver 141.0.7390.122 (b477534e7e10d193e916cd4e2967c589383625b2-refs/branch-heads/7390@{#2667}) on port 56319
Only local connections are allowed.
Please see https://chromedriver.chromium.org/security-considerations for suggestions on keeping ChromeDriver safe.
ChromeDriver was started successfully on port 56319.
[1765630289.259][WARNING]: This version of ChromeDriver has not been tested with Chrome version 142.
Dec 13, 2025 6:21:29 PM org.openqa.selenium.remote.ProtocolHandshake createSession
INFO: Detected dialect: W3C
]]></system-err>
  </testcase>
  <testcase name="Verify the alert list by selecting valid date range" classname="Alert Dashboard and Video Analysis Verification" time="12.531">
    <system-out><![CDATA[
@TC_04
Scenario Outline: Verify the alert list by selecting valid date range      &amp#27;[90m# src/test/resources/Features/Alerts.feature:41&amp#27;[0m
User is at Login Page
  &amp#27;[32mGiven &amp#27;[0m&amp#27;[32muser is on login page&amp#27;[0m                                              &amp#27;[90m# AlertDashboard.AlertDashboard.loginpage()&amp#27;[0m
  &amp#27;[32mAnd &amp#27;[0m&amp#27;[32mentered &amp#27;[0m&amp#27;[32m&amp#27;[1m"Akash_QA1"&amp#27;[0m&amp#27;[32m and &amp#27;[0m&amp#27;[32m&amp#27;[1m"root@1234"&amp#27;[0m                                  &amp#27;[90m# AlertDashboard.AlertDashboard.credentials(java.lang.String,java.lang.String)&amp#27;[0m
Logged In
  &amp#27;[32mThen &amp#27;[0m&amp#27;[32mclicked signin button&amp#27;[0m                                               &amp#27;[90m# AlertDashboard.AlertDashboard.loggedin()&amp#27;[0m

    Embedding All Alerts tabs [image/png 160126 bytes]

  &amp#27;[32mAnd &amp#27;[0m&amp#27;[32mclicked All Alerts tabs&amp#27;[0m                                              &amp#27;[90m# AlertDashboard.AlertDashboard.allalertspage()&amp#27;[0m

    Embedding Date Range [image/png 124000 bytes]

  &amp#27;[32mWhen &amp#27;[0m&amp#27;[32muser selects a valid date range from &amp#27;[0m&amp#27;[32m&amp#27;[1m"03-12-2025"&amp#27;[0m&amp#27;[32m to &amp#27;[0m&amp#27;[32m&amp#27;[1m"03-12-2025"&amp#27;[0m   &amp#27;[90m# AlertDashboard.AlertDashboard.selectdaterange(java.lang.String,java.lang.String)&amp#27;[0m
Number of Alerts found for the selected date range: 6
  &amp#27;[32mThen &amp#27;[0m&amp#27;[32mthe system should display the alerts within the selected date range&amp#27;[0m &amp#27;[90m# AlertDashboard.AlertDashboard.displayalerts()&amp#27;[0m
Test case Executed
]]></system-out>
    <system-err><![CDATA[Starting ChromeDriver 141.0.7390.122 (b477534e7e10d193e916cd4e2967c589383625b2-refs/branch-heads/7390@{#2667}) on port 31029
Only local connections are allowed.
Please see https://chromedriver.chromium.org/security-considerations for suggestions on keeping ChromeDriver safe.
ChromeDriver was started successfully on port 31029.
[1765630303.392][WARNING]: This version of ChromeDriver has not been tested with Chrome version 142.
Dec 13, 2025 6:21:43 PM org.openqa.selenium.remote.ProtocolHandshake createSession
INFO: Detected dialect: W3C
]]></system-err>
  </testcase>
  <testcase name="Verify the alert list by selecting invalid date range" classname="Alert Dashboard and Video Analysis Verification" time="11.788">
    <system-out><![CDATA[
@TC_05
Scenario Outline: Verify the alert list by selecting invalid date range     &amp#27;[90m# src/test/resources/Features/Alerts.feature:50&amp#27;[0m
User is at Login Page
  &amp#27;[32mGiven &amp#27;[0m&amp#27;[32muser is on login page&amp#27;[0m                                               &amp#27;[90m# AlertDashboard.AlertDashboard.loginpage()&amp#27;[0m
  &amp#27;[32mAnd &amp#27;[0m&amp#27;[32mentered &amp#27;[0m&amp#27;[32m&amp#27;[1m"Akash_QA1"&amp#27;[0m&amp#27;[32m and &amp#27;[0m&amp#27;[32m&amp#27;[1m"root@1234"&amp#27;[0m                                   &amp#27;[90m# AlertDashboard.AlertDashboard.credentials(java.lang.String,java.lang.String)&amp#27;[0m
Logged In
  &amp#27;[32mThen &amp#27;[0m&amp#27;[32mclicked signin button&amp#27;[0m                                                &amp#27;[90m# AlertDashboard.AlertDashboard.loggedin()&amp#27;[0m

    Embedding All Alerts tabs [image/png 160126 bytes]

  &amp#27;[32mAnd &amp#27;[0m&amp#27;[32mclicked All Alerts tabs&amp#27;[0m                                               &amp#27;[90m# AlertDashboard.AlertDashboard.allalertspage()&amp#27;[0m

    Embedding Date Range [image/png 35831 bytes]

  &amp#27;[32mWhen &amp#27;[0m&amp#27;[32muser selects an invalid date range from &amp#27;[0m&amp#27;[32m&amp#27;[1m"18-11-2025"&amp#27;[0m&amp#27;[32m to &amp#27;[0m&amp#27;[32m&amp#27;[1m"19-11-2025"&amp#27;[0m &amp#27;[90m# AlertDashboard.AlertDashboard.selectinvaliddaterange(java.lang.String,java.lang.String)&amp#27;[0m
No Alerts found for the selected date range
  &amp#27;[32mThen &amp#27;[0m&amp#27;[32mthe system should display no alerts for the selected date range&amp#27;[0m      &amp#27;[90m# AlertDashboard.AlertDashboard.displayerrormessage()&amp#27;[0m
Test case Executed
]]></system-out>
    <system-err><![CDATA[Starting ChromeDriver 141.0.7390.122 (b477534e7e10d193e916cd4e2967c589383625b2-refs/branch-heads/7390@{#2667}) on port 39504
Only local connections are allowed.
Please see https://chromedriver.chromium.org/security-considerations for suggestions on keeping ChromeDriver safe.
ChromeDriver was started successfully on port 39504.
[1765630314.654][WARNING]: This version of ChromeDriver has not been tested with Chrome version 142.
Dec 13, 2025 6:21:54 PM org.openqa.selenium.remote.ProtocolHandshake createSession
INFO: Detected dialect: W3C
]]></system-err>
  </testcase>
  <testcase name="Verify the alert list by selecting severity" classname="Alert Dashboard and Video Analysis Verification" time="11.607">
    <system-out><![CDATA[
@TC_06
Scenario Outline: Verify the alert list by selecting severity                        &amp#27;[90m# src/test/resources/Features/Alerts.feature:59&amp#27;[0m
User is at Login Page
  &amp#27;[32mGiven &amp#27;[0m&amp#27;[32muser is on login page&amp#27;[0m                                                        &amp#27;[90m# AlertDashboard.AlertDashboard.loginpage()&amp#27;[0m
  &amp#27;[32mAnd &amp#27;[0m&amp#27;[32mentered &amp#27;[0m&amp#27;[32m&amp#27;[1m"Akash_QA1"&amp#27;[0m&amp#27;[32m and &amp#27;[0m&amp#27;[32m&amp#27;[1m"root@1234"&amp#27;[0m                                            &amp#27;[90m# AlertDashboard.AlertDashboard.credentials(java.lang.String,java.lang.String)&amp#27;[0m
Logged In
  &amp#27;[32mThen &amp#27;[0m&amp#27;[32mclicked signin button&amp#27;[0m                                                         &amp#27;[90m# AlertDashboard.AlertDashboard.loggedin()&amp#27;[0m

    Embedding All Alerts tabs [image/png 160126 bytes]

  &amp#27;[32mAnd &amp#27;[0m&amp#27;[32mclicked All Alerts tabs&amp#27;[0m                                                        &amp#27;[90m# AlertDashboard.AlertDashboard.allalertspage()&amp#27;[0m
Selected severity: Medium

    Embedding Severity [image/png 163631 bytes]

  &amp#27;[32mWhen &amp#27;[0m&amp#27;[32muser selects a severity of alert &amp#27;[0m&amp#27;[32m&amp#27;[1m"Medium"&amp#27;[0m                                     &amp#27;[90m# AlertDashboard.AlertDashboard.selectseverity(java.lang.String)&amp#27;[0m
Alert found with severity: medium
  &amp#27;[32mThen &amp#27;[0m&amp#27;[32mthe system should display the alerts for the selected severity level &amp#27;[0m&amp#27;[32m&amp#27;[1m"Medium"&amp#27;[0m &amp#27;[90m# AlertDashboard.AlertDashboard.displayalerts(java.lang.String)&amp#27;[0m
Test case Executed
]]></system-out>
    <system-err><![CDATA[Starting ChromeDriver 141.0.7390.122 (b477534e7e10d193e916cd4e2967c589383625b2-refs/branch-heads/7390@{#2667}) on port 56072
Only local connections are allowed.
Please see https://chromedriver.chromium.org/security-considerations for suggestions on keeping ChromeDriver safe.
ChromeDriver was started successfully on port 56072.
[1765630326.876][WARNING]: This version of ChromeDriver has not been tested with Chrome version 142.
Dec 13, 2025 6:22:06 PM org.openqa.selenium.remote.ProtocolHandshake createSession
INFO: Detected dialect: W3C
]]></system-err>
  </testcase>
  <testcase name="Devices that capture video reference for raised alerts" classname="Alert Dashboard and Video Analysis Verification" time="12.339">
    <system-out><![CDATA[
@TC_07
Scenario Outline: Devices that capture video reference for raised alerts                  &amp#27;[90m# src/test/resources/Features/Alerts.feature:68&amp#27;[0m
User is at Login Page
  &amp#27;[32mGiven &amp#27;[0m&amp#27;[32muser is on login page&amp#27;[0m                                                             &amp#27;[90m# AlertDashboard.AlertDashboard.loginpage()&amp#27;[0m
  &amp#27;[32mAnd &amp#27;[0m&amp#27;[32mentered &amp#27;[0m&amp#27;[32m&amp#27;[1m"Akash_QA1"&amp#27;[0m&amp#27;[32m and &amp#27;[0m&amp#27;[32m&amp#27;[1m"root@1234"&amp#27;[0m                                                 &amp#27;[90m# AlertDashboard.AlertDashboard.credentials(java.lang.String,java.lang.String)&amp#27;[0m
Logged In
  &amp#27;[32mThen &amp#27;[0m&amp#27;[32mclicked signin button&amp#27;[0m                                                              &amp#27;[90m# AlertDashboard.AlertDashboard.loggedin()&amp#27;[0m

    Embedding All Alerts tabs [image/png 160126 bytes]

  &amp#27;[32mAnd &amp#27;[0m&amp#27;[32mclicked All Alerts tabs&amp#27;[0m                                                             &amp#27;[90m# AlertDashboard.AlertDashboard.allalertspage()&amp#27;[0m
Alert found with ID: 657a79b9-11d9-491b-9f2b-636581b7e717

    Embedding View Devices [image/png 59728 bytes]

  &amp#27;[32mWhen &amp#27;[0m&amp#27;[32muser enters &amp#27;[0m&amp#27;[32m&amp#27;[1m"657a79b9-11d9-491b-9f2b-636581b7e717"&amp#27;[0m&amp#27;[32m and clicked View Devices option&amp#27;[0m &amp#27;[90m# AlertDashboard.AlertDashboard.viewdevices(java.lang.String)&amp#27;[0m
Device name: ASNI DEMO CAM 01
  &amp#27;[32mThen &amp#27;[0m&amp#27;[32mthe system should display the devices that are invovled in raised alert&amp#27;[0m            &amp#27;[90m# AlertDashboard.AlertDashboard.displaydevices()&amp#27;[0m
Test case Executed
]]></system-out>
    <system-err><![CDATA[Starting ChromeDriver 141.0.7390.122 (b477534e7e10d193e916cd4e2967c589383625b2-refs/branch-heads/7390@{#2667}) on port 56671
Only local connections are allowed.
Please see https://chromedriver.chromium.org/security-considerations for suggestions on keeping ChromeDriver safe.
ChromeDriver was started successfully on port 56671.
[1765630338.121][WARNING]: This version of ChromeDriver has not been tested with Chrome version 142.
Dec 13, 2025 6:22:18 PM org.openqa.selenium.remote.ProtocolHandshake createSession
INFO: Detected dialect: W3C
[1765630349.477][SEVERE]: Unable to receive message from renderer
]]></system-err>
  </testcase>
  <testcase name="Verify the specific alert details" classname="Alert Dashboard and Video Analysis Verification" time="20.044">
    <system-out><![CDATA[
@TC_08
Scenario Outline: Verify the specific alert details                                                                       &amp#27;[90m# src/test/resources/Features/Alerts.feature:79&amp#27;[0m
User is at Login Page
  &amp#27;[32mGiven &amp#27;[0m&amp#27;[32muser is on login page&amp#27;[0m                                                                                             &amp#27;[90m# AlertDashboard.AlertDashboard.loginpage()&amp#27;[0m
  &amp#27;[32mAnd &amp#27;[0m&amp#27;[32mentered &amp#27;[0m&amp#27;[32m&amp#27;[1m"Akash_QA1"&amp#27;[0m&amp#27;[32m and &amp#27;[0m&amp#27;[32m&amp#27;[1m"root@1234"&amp#27;[0m                                                                                 &amp#27;[90m# AlertDashboard.AlertDashboard.credentials(java.lang.String,java.lang.String)&amp#27;[0m
Logged In
  &amp#27;[32mThen &amp#27;[0m&amp#27;[32mclicked signin button&amp#27;[0m                                                                                              &amp#27;[90m# AlertDashboard.AlertDashboard.loggedin()&amp#27;[0m

    Embedding All Alerts tabs [image/png 160126 bytes]

  &amp#27;[32mAnd &amp#27;[0m&amp#27;[32mclicked All Alerts tabs&amp#27;[0m                                                                                             &amp#27;[90m# AlertDashboard.AlertDashboard.allalertspage()&amp#27;[0m
Alert found with ID: 657a79b9-11d9-491b-9f2b-636581b7e717

    Embedding Alert Specific Details [image/png 55579 bytes]

  &amp#27;[32mWhen &amp#27;[0m&amp#27;[32muser clicked specific &amp#27;[0m&amp#27;[32m&amp#27;[1m"657a79b9-11d9-491b-9f2b-636581b7e717"&amp#27;[0m                                                       &amp#27;[90m# AlertDashboard.AlertDashboard.clickedalertid(java.lang.String)&amp#27;[0m

    Embedding Alert Specific Details [image/png 55579 bytes]


    Embedding Alert Specific Details [image/png 163509 bytes]

User navigated to alert specific details page 657a79b9-11d9-491b-9f2b-636581b7e717
  &amp#27;[32mThen &amp#27;[0m&amp#27;[32muser navigate to the specific alert &amp#27;[0m&amp#27;[32m&amp#27;[1m"657a79b9-11d9-491b-9f2b-636581b7e717"&amp#27;[0m&amp#27;[32m details page&amp#27;[0m                            &amp#27;[90m# AlertDashboard.AlertDashboard.alertspecificdetails(java.lang.String)&amp#27;[0m
Alert Information: 657a79b9-11d9-491b-9f2b-636581b7e717
Medium
Person detected with no safety equipment.
2025-12-03 15:32:05
Complete

    Embedding Alert Specific Details [image/png 163509 bytes]

  &amp#27;[32mAnd &amp#27;[0m&amp#27;[32mDetails section should display the following information AlertID, Severity, Alertmessage, Status, Timestamp&amp#27;[0m         &amp#27;[90m# AlertDashboard.AlertDashboard.displayalertinformation()&amp#27;[0m
ASNI_DEMO_CAM_01
Inference Breakdown
Start:
15:32:05
End:
15:32:15
LLM Response:
On 2025-12-03 at 15:32:05, ASNI DEMO CAM 01 detected a person without the required safety equipment in the location with coordinates [Longitude: -0.00003944, Latitude: 0.00000954]. The violation lasted for 12.093259 seconds.

    Embedding Alert Specific Details [image/png 125185 bytes]

  &amp#27;[32mThen &amp#27;[0m&amp#27;[32mView Details & Actions button should be clickable and it should display Device Name, Inference Analysis and Status&amp#27;[0m &amp#27;[90m# AlertDashboard.AlertDashboard.clickviewdetailsactions()&amp#27;[0m
Test case Executed
]]></system-out>
    <system-err><![CDATA[Starting ChromeDriver 141.0.7390.122 (b477534e7e10d193e916cd4e2967c589383625b2-refs/branch-heads/7390@{#2667}) on port 36709
Only local connections are allowed.
Please see https://chromedriver.chromium.org/security-considerations for suggestions on keeping ChromeDriver safe.
ChromeDriver was started successfully on port 36709.
[1765630350.483][WARNING]: This version of ChromeDriver has not been tested with Chrome version 142.
Dec 13, 2025 6:22:30 PM org.openqa.selenium.remote.ProtocolHandshake createSession
INFO: Detected dialect: W3C
]]></system-err>
  </testcase>
</testsuite>