<?xml version="1.0" encoding="UTF-8"?>
<testsuite xmlns:xsi="http://www.w3.org/2001/XMLSchema-instance" xsi:noNamespaceSchemaLocation="https://maven.apache.org/surefire/maven-surefire-plugin/xsd/surefire-test-report-3.0.xsd" version="3.0" name="LoginPage.TestRunner_LoginPage" time="93.433" tests="9" errors="0" skipped="0" failures="2">
  <properties>
[...]
</properties>
  <testcase name="Check login is successful with valid credentials" classname="feature to test login funtionality" time="16.214">
    <system-out><![CDATA[
@Validcredentials
Scenario Outline: Check login is successful with valid credentials &amp#27;[90m# src/test/resources/Features/login.feature:18&amp#27;[0m
Login Page
  &amp#27;[32mGiven &amp#27;[0m&amp#27;[32muser in on login page&amp#27;[0m                                      &amp#27;[90m# LoginPage.LoginSteps.user_in_on_login_page()&amp#27;[0m
Valid Credentials entered
  &amp#27;[32mWhen &amp#27;[0m&amp#27;[32muser enters valid credentials &amp#27;[0m&amp#27;[32m&amp#27;[1mAkash_QA1&amp#27;[0m&amp#27;[32m and &amp#27;[0m&amp#27;[32m&amp#27;[1mroot@1234&amp#27;[0m       &amp#27;[90m# LoginPage.LoginSteps.user_enters_valid_username_password(java.lang.String,java.lang.String)&amp#27;[0m
Clicked Signin option
  &amp#27;[32mAnd &amp#27;[0m&amp#27;[32mclicks on sign in button&amp#27;[0m                                     &amp#27;[90m# LoginPage.LoginSteps.click_on_signin_button()&amp#27;[0m
User navigated to Dashboard page
  &amp#27;[32mThen &amp#27;[0m&amp#27;[32muser is navigated to main Dashboard&amp#27;[0m                         &amp#27;[90m# LoginPage.LoginSteps.user_navigated_to_Dashboard()&amp#27;[0m
Clicked menu option
  &amp#27;[32mAnd &amp#27;[0m&amp#27;[32muser click open menu option&amp#27;[0m                                  &amp#27;[90m# LoginPage.LoginSteps.menu_option()&amp#27;[0m
Clicked logout option
  &amp#27;[32mWhen &amp#27;[0m&amp#27;[32muser click logout option&amp#27;[0m                                    &amp#27;[90m# LoginPage.LoginSteps.logout_option()&amp#27;[0m
Navigated back to login page
  &amp#27;[32mThen &amp#27;[0m&amp#27;[32muser navigated back to Login page&amp#27;[0m                           &amp#27;[90m# LoginPage.LoginSteps.Login_page()&amp#27;[0m
Test case executed
]]></system-out>
    <system-err><![CDATA[Starting ChromeDriver 141.0.7390.122 (b477534e7e10d193e916cd4e2967c589383625b2-refs/branch-heads/7390@{#2667}) on port 47517
Only local connections are allowed.
Please see https://chromedriver.chromium.org/security-considerations for suggestions on keeping ChromeDriver safe.
ChromeDriver was started successfully on port 47517.
[1763822788.686][WARNING]: This version of ChromeDriver has not been tested with Chrome version 142.
Nov 22, 2025 8:16:28 PM org.openqa.selenium.remote.ProtocolHandshake createSession
INFO: Detected dialect: W3C
]]></system-err>
  </testcase>
  <testcase name="Check login is unsuccessful with Invalid username" classname="feature to test login funtionality" time="12.937">
    <system-out><![CDATA[
@InvalidUsername
Scenario Outline: Check login is unsuccessful with Invalid username &amp#27;[90m# src/test/resources/Features/login.feature:29&amp#27;[0m
Login Page
  &amp#27;[32mGiven &amp#27;[0m&amp#27;[32muser in on login page&amp#27;[0m                                       &amp#27;[90m# LoginPage.LoginSteps.user_in_on_login_page()&amp#27;[0m
Invalid username entered
  &amp#27;[32mWhen &amp#27;[0m&amp#27;[32muser enters Invalid &amp#27;[0m&amp#27;[32m&amp#27;[1mAkash&amp#27;[0m&amp#27;[32m and &amp#27;[0m&amp#27;[32m&amp#27;[1mroot@1234&amp#27;[0m                      &amp#27;[90m# LoginPage.LoginSteps.Invalid_Username(java.lang.String,java.lang.String)&amp#27;[0m
Clicked Signin option
  &amp#27;[32mAnd &amp#27;[0m&amp#27;[32mclicks on sign in button&amp#27;[0m                                      &amp#27;[90m# LoginPage.LoginSteps.click_on_signin_button()&amp#27;[0m
  &amp#27;[32mThen &amp#27;[0m&amp#27;[32mThrowing exception Invalid username&amp#27;[0m                          &amp#27;[90m# LoginPage.LoginSteps.Invalid_exception()&amp#27;[0m
Test case executed
]]></system-out>
    <system-err><![CDATA[Starting ChromeDriver 141.0.7390.122 (b477534e7e10d193e916cd4e2967c589383625b2-refs/branch-heads/7390@{#2667}) on port 44282
Only local connections are allowed.
Please see https://chromedriver.chromium.org/security-considerations for suggestions on keeping ChromeDriver safe.
ChromeDriver was started successfully on port 44282.
[1763822804.883][WARNING]: This version of ChromeDriver has not been tested with Chrome version 142.
Nov 22, 2025 8:16:44 PM org.openqa.selenium.remote.ProtocolHandshake createSession
INFO: Detected dialect: W3C
]]></system-err>
  </testcase>
  <testcase name="Check login is unsuccessful with Invalid password" classname="feature to test login funtionality" time="10.11">
    <failure message="expected:&lt;[Expectedoutput: Invalid Username or Password.]&gt; but was:&lt;[Password must be at least 6 characters]&gt;" type="org.junit.ComparisonFailure"><![CDATA[org.junit.ComparisonFailure: expected:<[Expectedoutput: Invalid Username or Password.]> but was:<[Password must be at least 6 characters]>
	at org.junit.Assert.assertEquals(Assert.java:117)
	at org.junit.Assert.assertEquals(Assert.java:146)
	at LoginPage.LoginSteps.Invalidpwd_exception(LoginSteps.java:117)
	at ✽.Throwing exception Invalid password(file:///C:/Users/ASUS/eclipse-workspace/CucumberJava01/src/test/resources/Features/login.feature:36)
]]></failure>
    <system-out><![CDATA[
@InvalidPassword
Scenario Outline: Check login is unsuccessful with Invalid password &amp#27;[90m# src/test/resources/Features/login.feature:40&amp#27;[0m
Login Page
  &amp#27;[32mGiven &amp#27;[0m&amp#27;[32muser in on login page&amp#27;[0m                                       &amp#27;[90m# LoginPage.LoginSteps.user_in_on_login_page()&amp#27;[0m
Invalid password entered
  &amp#27;[32mWhen &amp#27;[0m&amp#27;[32muser enters &amp#27;[0m&amp#27;[32m&amp#27;[1mAkash_QA1&amp#27;[0m&amp#27;[32m and Invalid &amp#27;[0m&amp#27;[32m&amp#27;[1mroot&amp#27;[0m                       &amp#27;[90m# LoginPage.LoginSteps.Invalid_Password(java.lang.String,java.lang.String)&amp#27;[0m
Clicked Signin option
  &amp#27;[32mAnd &amp#27;[0m&amp#27;[32mclicks on sign in button&amp#27;[0m                                      &amp#27;[90m# LoginPage.LoginSteps.click_on_signin_button()&amp#27;[0m
  &amp#27;[31mThen &amp#27;[0m&amp#27;[31mThrowing exception Invalid password&amp#27;[0m                          &amp#27;[90m# LoginPage.LoginSteps.Invalidpwd_exception()&amp#27;[0m
      &amp#27;[31morg.junit.ComparisonFailure: expected:<[Expectedoutput: Invalid Username or Password.]> but was:<[Password must be at least 6 characters]>
	at org.junit.Assert.assertEquals(Assert.java:117)
	at org.junit.Assert.assertEquals(Assert.java:146)
	at LoginPage.LoginSteps.Invalidpwd_exception(LoginSteps.java:117)
	at ✽.Throwing exception Invalid password(file:///C:/Users/ASUS/eclipse-workspace/CucumberJava01/src/test/resources/Features/login.feature:36)
&amp#27;[0m
Test case executed
]]></system-out>
    <system-err><![CDATA[Starting ChromeDriver 141.0.7390.122 (b477534e7e10d193e916cd4e2967c589383625b2-refs/branch-heads/7390@{#2667}) on port 51691
Only local connections are allowed.
Please see https://chromedriver.chromium.org/security-considerations for suggestions on keeping ChromeDriver safe.
ChromeDriver was started successfully on port 51691.
[1763822817.831][WARNING]: This version of ChromeDriver has not been tested with Chrome version 142.
Nov 22, 2025 8:16:57 PM org.openqa.selenium.remote.ProtocolHandshake createSession
INFO: Detected dialect: W3C
]]></system-err>
  </testcase>
  <testcase name="Check login is unsuccessful with empty credentials" classname="feature to test login funtionality" time="8.671">
    <system-out><![CDATA[
@EmptyCredentials
Scenario Outline: Check login is unsuccessful with empty credentials    &amp#27;[90m# src/test/resources/Features/login.feature:51&amp#27;[0m
Login Page
  &amp#27;[32mGiven &amp#27;[0m&amp#27;[32muser in on login page&amp#27;[0m                                           &amp#27;[90m# LoginPage.LoginSteps.user_in_on_login_page()&amp#27;[0m
Empty Username and Password
  &amp#27;[32mWhen &amp#27;[0m&amp#27;[32muser enters empty  and empty &amp#27;[0m                                    &amp#27;[90m# LoginPage.LoginSteps.emptycredentials()&amp#27;[0m
Clicked Signin option
  &amp#27;[32mAnd &amp#27;[0m&amp#27;[32mclicks on sign in button&amp#27;[0m                                          &amp#27;[90m# LoginPage.LoginSteps.click_on_signin_button()&amp#27;[0m
Username is required Password is required
  &amp#27;[32mThen &amp#27;[0m&amp#27;[32mThrowing exception Username is required and Password is required&amp#27;[0m &amp#27;[90m# LoginPage.LoginSteps.empty_case()&amp#27;[0m
Test case executed
]]></system-out>
    <system-err><![CDATA[Starting ChromeDriver 141.0.7390.122 (b477534e7e10d193e916cd4e2967c589383625b2-refs/branch-heads/7390@{#2667}) on port 16300
Only local connections are allowed.
Please see https://chromedriver.chromium.org/security-considerations for suggestions on keeping ChromeDriver safe.
ChromeDriver was started successfully on port 16300.
[1763822827.951][WARNING]: This version of ChromeDriver has not been tested with Chrome version 142.
Nov 22, 2025 8:17:07 PM org.openqa.selenium.remote.ProtocolHandshake createSession
INFO: Detected dialect: W3C
]]></system-err>
  </testcase>
  <testcase name="Check range of the username #1" classname="feature to test login funtionality" time="9.845">
    <system-out><![CDATA[
@UsernamelessRange
Scenario Outline: Check range of the username                    &amp#27;[90m# src/test/resources/Features/login.feature:62&amp#27;[0m
Login Page
  &amp#27;[32mGiven &amp#27;[0m&amp#27;[32muser in on login page&amp#27;[0m                                    &amp#27;[90m# LoginPage.LoginSteps.user_in_on_login_page()&amp#27;[0m
Entered less character username and valid password
  &amp#27;[32mWhen &amp#27;[0m&amp#27;[32muser enter less than 3 characters &amp#27;[0m&amp#27;[32m&amp#27;[1mab&amp#27;[0m&amp#27;[32m and valid &amp#27;[0m&amp#27;[32m&amp#27;[1mroot@1234&amp#27;[0m  &amp#27;[90m# LoginPage.LoginSteps.lesscharacter_username(java.lang.String,java.lang.String)&amp#27;[0m
Clicked Signin option
  &amp#27;[32mAnd &amp#27;[0m&amp#27;[32mclicks on sign in button&amp#27;[0m                                   &amp#27;[90m# LoginPage.LoginSteps.click_on_signin_button()&amp#27;[0m
  &amp#27;[32mThen &amp#27;[0m&amp#27;[32mThrowing exception Username must be at least 3 characters&amp#27;[0m &amp#27;[90m# LoginPage.LoginSteps.less_username()&amp#27;[0m
Test case executed
]]></system-out>
    <system-err><![CDATA[Starting ChromeDriver 141.0.7390.122 (b477534e7e10d193e916cd4e2967c589383625b2-refs/branch-heads/7390@{#2667}) on port 40712
Only local connections are allowed.
Please see https://chromedriver.chromium.org/security-considerations for suggestions on keeping ChromeDriver safe.
ChromeDriver was started successfully on port 40712.
[1763822836.689][WARNING]: This version of ChromeDriver has not been tested with Chrome version 142.
Nov 22, 2025 8:17:16 PM org.openqa.selenium.remote.ProtocolHandshake createSession
INFO: Detected dialect: W3C
]]></system-err>
  </testcase>
  <testcase name="Check range of the password #1" classname="feature to test login funtionality" time="8.662">
    <system-out><![CDATA[
@PasswordlessRange
Scenario Outline: Check range of the password                        &amp#27;[90m# src/test/resources/Features/login.feature:73&amp#27;[0m
Login Page
  &amp#27;[32mGiven &amp#27;[0m&amp#27;[32muser in on login page&amp#27;[0m                                        &amp#27;[90m# LoginPage.LoginSteps.user_in_on_login_page()&amp#27;[0m
Entered less character password and valid username
  &amp#27;[32mWhen &amp#27;[0m&amp#27;[32muser enter valid &amp#27;[0m&amp#27;[32m&amp#27;[1mAkash_QA1&amp#27;[0m&amp#27;[32m and less than 6 characters in &amp#27;[0m&amp#27;[32m&amp#27;[1mroot&amp#27;[0m &amp#27;[90m# LoginPage.LoginSteps.lesscharacter_password(java.lang.String,java.lang.String)&amp#27;[0m
Clicked Signin option
  &amp#27;[32mAnd &amp#27;[0m&amp#27;[32mclicks on sign in button&amp#27;[0m                                       &amp#27;[90m# LoginPage.LoginSteps.click_on_signin_button()&amp#27;[0m
  &amp#27;[32mThen &amp#27;[0m&amp#27;[32mThrow exception Password must be at least 6 characters&amp#27;[0m        &amp#27;[90m# LoginPage.LoginSteps.less_pwd()&amp#27;[0m
Test case executed
]]></system-out>
    <system-err><![CDATA[Starting ChromeDriver 141.0.7390.122 (b477534e7e10d193e916cd4e2967c589383625b2-refs/branch-heads/7390@{#2667}) on port 62265
Only local connections are allowed.
Please see https://chromedriver.chromium.org/security-considerations for suggestions on keeping ChromeDriver safe.
ChromeDriver was started successfully on port 62265.
[1763822846.602][WARNING]: This version of ChromeDriver has not been tested with Chrome version 142.
Nov 22, 2025 8:17:26 PM org.openqa.selenium.remote.ProtocolHandshake createSession
INFO: Detected dialect: W3C
]]></system-err>
  </testcase>
  <testcase name="Check range of the username #2" classname="feature to test login funtionality" time="8.466">
    <system-out><![CDATA[
@UsernamemoreRange
Scenario Outline: Check range of the username                                           &amp#27;[90m# src/test/resources/Features/login.feature:84&amp#27;[0m
Login Page
  &amp#27;[32mGiven &amp#27;[0m&amp#27;[32muser in on login page&amp#27;[0m                                                           &amp#27;[90m# LoginPage.LoginSteps.user_in_on_login_page()&amp#27;[0m
Entered 20 character in username
  &amp#27;[32mWhen &amp#27;[0m&amp#27;[32muser enter more than 20 characters in &amp#27;[0m&amp#27;[32m&amp#27;[1mabcdefghijklmnopqrstuv&amp#27;[0m&amp#27;[32m and valid &amp#27;[0m&amp#27;[32m&amp#27;[1mroot@1234&amp#27;[0m &amp#27;[90m# LoginPage.LoginSteps.morecharacter_username(java.lang.String,java.lang.String)&amp#27;[0m
Clicked Signin option
  &amp#27;[32mAnd &amp#27;[0m&amp#27;[32mclicks on sign in button&amp#27;[0m                                                          &amp#27;[90m# LoginPage.LoginSteps.click_on_signin_button()&amp#27;[0m
  &amp#27;[32mThen &amp#27;[0m&amp#27;[32mThrow exception Username must be no more than 20 characters&amp#27;[0m                      &amp#27;[90m# LoginPage.LoginSteps.usr_morerange()&amp#27;[0m
Test case executed
]]></system-out>
    <system-err><![CDATA[Starting ChromeDriver 141.0.7390.122 (b477534e7e10d193e916cd4e2967c589383625b2-refs/branch-heads/7390@{#2667}) on port 30575
Only local connections are allowed.
Please see https://chromedriver.chromium.org/security-considerations for suggestions on keeping ChromeDriver safe.
ChromeDriver was started successfully on port 30575.
[1763822855.180][WARNING]: This version of ChromeDriver has not been tested with Chrome version 142.
Nov 22, 2025 8:17:35 PM org.openqa.selenium.remote.ProtocolHandshake createSession
INFO: Detected dialect: W3C
]]></system-err>
  </testcase>
  <testcase name="Check range of the password #2" classname="feature to test login funtionality" time="9.463">
    <failure message="expected:&lt;[Password must be no more than 24 characters]&gt; but was:&lt;[Invalid Username or Password.]&gt;" type="org.junit.ComparisonFailure"><![CDATA[org.junit.ComparisonFailure: expected:<[Password must be no more than 24 characters]> but was:<[Invalid Username or Password.]>
	at org.junit.Assert.assertEquals(Assert.java:117)
	at org.junit.Assert.assertEquals(Assert.java:146)
	at LoginPage.LoginSteps.pwd_morerange(LoginSteps.java:202)
	at ✽.Throw password must be more than 24 characters exception(file:///C:/Users/ASUS/eclipse-workspace/CucumberJava01/src/test/resources/Features/login.feature:91)
]]></failure>
    <system-out><![CDATA[
@PasswordmoreRange
Scenario Outline: Check range of the password                                                    &amp#27;[90m# src/test/resources/Features/login.feature:95&amp#27;[0m
Login Page
  &amp#27;[32mGiven &amp#27;[0m&amp#27;[32muser in on login page&amp#27;[0m                                                                    &amp#27;[90m# LoginPage.LoginSteps.user_in_on_login_page()&amp#27;[0m
Entered 24 characters in password
  &amp#27;[32mWhen &amp#27;[0m&amp#27;[32muser enter valid &amp#27;[0m&amp#27;[32m&amp#27;[1mAkash_QA1&amp#27;[0m&amp#27;[32m and more than 24 characters &amp#27;[0m&amp#27;[32m&amp#27;[1mabcdefghijklmnopqrstuvwxyzabcdefgh&amp#27;[0m &amp#27;[90m# LoginPage.LoginSteps.morecharacter_password(java.lang.String,java.lang.String)&amp#27;[0m
Clicked Signin option
  &amp#27;[32mAnd &amp#27;[0m&amp#27;[32mclicks on sign in button&amp#27;[0m                                                                   &amp#27;[90m# LoginPage.LoginSteps.click_on_signin_button()&amp#27;[0m
  &amp#27;[31mThen &amp#27;[0m&amp#27;[31mThrow password must be more than 24 characters exception&amp#27;[0m                                  &amp#27;[90m# LoginPage.LoginSteps.pwd_morerange()&amp#27;[0m
      &amp#27;[31morg.junit.ComparisonFailure: expected:<[Password must be no more than 24 characters]> but was:<[Invalid Username or Password.]>
	at org.junit.Assert.assertEquals(Assert.java:117)
	at org.junit.Assert.assertEquals(Assert.java:146)
	at LoginPage.LoginSteps.pwd_morerange(LoginSteps.java:202)
	at ✽.Throw password must be more than 24 characters exception(file:///C:/Users/ASUS/eclipse-workspace/CucumberJava01/src/test/resources/Features/login.feature:91)
&amp#27;[0m
Test case executed
]]></system-out>
    <system-err><![CDATA[Starting ChromeDriver 141.0.7390.122 (b477534e7e10d193e916cd4e2967c589383625b2-refs/branch-heads/7390@{#2667}) on port 44774
Only local connections are allowed.
Please see https://chromedriver.chromium.org/security-considerations for suggestions on keeping ChromeDriver safe.
ChromeDriver was started successfully on port 44774.
[1763822863.631][WARNING]: This version of ChromeDriver has not been tested with Chrome version 142.
Nov 22, 2025 8:17:43 PM org.openqa.selenium.remote.ProtocolHandshake createSession
INFO: Detected dialect: W3C
]]></system-err>
  </testcase>
  <testcase name="Check the case senstivity of username" classname="feature to test login funtionality" time="9.018">
    <system-out><![CDATA[
@Casesensitivitycheck
Scenario Outline: Check the case senstivity of username            &amp#27;[90m# src/test/resources/Features/login.feature:106&amp#27;[0m
Login Page
  &amp#27;[32mGiven &amp#27;[0m&amp#27;[32muser in on login page&amp#27;[0m                                      &amp#27;[90m# LoginPage.LoginSteps.user_in_on_login_page()&amp#27;[0m
Entered username without casesensitive
  &amp#27;[32mWhen &amp#27;[0m&amp#27;[32muser enters not casesensitive &amp#27;[0m&amp#27;[32m&amp#27;[1makash_qa1&amp#27;[0m&amp#27;[32m and valid &amp#27;[0m&amp#27;[32m&amp#27;[1mroot@1234&amp#27;[0m &amp#27;[90m# LoginPage.LoginSteps.casesensitive(java.lang.String,java.lang.String)&amp#27;[0m
Clicked Signin option
  &amp#27;[32mAnd &amp#27;[0m&amp#27;[32mclicks on sign in button&amp#27;[0m                                     &amp#27;[90m# LoginPage.LoginSteps.click_on_signin_button()&amp#27;[0m
  &amp#27;[32mThen &amp#27;[0m&amp#27;[32mThrowing exception Invalid casesensitive username&amp#27;[0m           &amp#27;[90m# LoginPage.LoginSteps.usr_case()&amp#27;[0m
Test case executed
]]></system-out>
    <system-err><![CDATA[Starting ChromeDriver 141.0.7390.122 (b477534e7e10d193e916cd4e2967c589383625b2-refs/branch-heads/7390@{#2667}) on port 26216
Only local connections are allowed.
Please see https://chromedriver.chromium.org/security-considerations for suggestions on keeping ChromeDriver safe.
ChromeDriver was started successfully on port 26216.
[1763822873.072][WARNING]: This version of ChromeDriver has not been tested with Chrome version 142.
Nov 22, 2025 8:17:53 PM org.openqa.selenium.remote.ProtocolHandshake createSession
INFO: Detected dialect: W3C
]]></system-err>
  </testcase>
</testsuite>