<?xml version="1.0" encoding="UTF-8"?>
<testsuite xmlns:xsi="http://www.w3.org/2001/XMLSchema-instance" xsi:noNamespaceSchemaLocation="https://maven.apache.org/surefire/maven-surefire-plugin/xsd/surefire-test-report-3.0.xsd" version="3.0" name="DeviceList.TestRunner_DeviceList" time="156.673" tests="8" errors="0" skipped="0" failures="0">
  <properties>
[...]
</properties>
  <testcase name="Testing list of Devices" classname="Testing Device list page" time="15.216">
    <system-out><![CDATA[
@validscenario
Scenario Outline: Testing list of Devices  &amp#27;[90m# src/test/resources/Features/DeviceList.feature:12&amp#27;[0m
Logged In
  &amp#27;[32mGiven &amp#27;[0m&amp#27;[32muser is on login page&amp#27;[0m              &amp#27;[90m# DeviceList.DeviceList.login()&amp#27;[0m
Provided credentials
  &amp#27;[32mAnd &amp#27;[0m&amp#27;[32mprovided &amp#27;[0m&amp#27;[32m&amp#27;[1m"Akash_QA1"&amp#27;[0m&amp#27;[32m and &amp#27;[0m&amp#27;[32m&amp#27;[1m"root@1234"&amp#27;[0m &amp#27;[90m# DeviceList.DeviceList.credentials(java.lang.String,java.lang.String)&amp#27;[0m
Landed to Main Dashboard
  &amp#27;[32mThen &amp#27;[0m&amp#27;[32mclicked signin button&amp#27;[0m               &amp#27;[90m# DeviceList.DeviceList.signin()&amp#27;[0m
Displayed Menu List
  &amp#27;[32mAnd &amp#27;[0m&amp#27;[32mselect menu option&amp#27;[0m                   &amp#27;[90m# DeviceList.DeviceList.menu()&amp#27;[0m
Device list option selected
  &amp#27;[32mThen &amp#27;[0m&amp#27;[32muser select Device list option&amp#27;[0m      &amp#27;[90m# DeviceList.DeviceList.Dlistopt()&amp#27;[0m
User is at Device List page 
  &amp#27;[32mAnd &amp#27;[0m&amp#27;[32mredirected to Device List page&amp#27;[0m       &amp#27;[90m# DeviceList.DeviceList.Dlistpage()&amp#27;[0m
Device List
  &amp#27;[32mAnd &amp#27;[0m&amp#27;[32muser able to see list of Devices&amp#27;[0m     &amp#27;[90m# DeviceList.DeviceList.Dlist()&amp#27;[0m
User able to see Active Devices
  &amp#27;[32mThen &amp#27;[0m&amp#27;[32muser able to see Active Devices&amp#27;[0m     &amp#27;[90m# DeviceList.DeviceList.Active()&amp#27;[0m
Test case executed
]]></system-out>
    <system-err><![CDATA[Starting ChromeDriver 141.0.7390.122 (b477534e7e10d193e916cd4e2967c589383625b2-refs/branch-heads/7390@{#2667}) on port 39594
Only local connections are allowed.
Please see https://chromedriver.chromium.org/security-considerations for suggestions on keeping ChromeDriver safe.
ChromeDriver was started successfully on port 39594.
[1763822556.546][WARNING]: This version of ChromeDriver has not been tested with Chrome version 142.
Nov 22, 2025 8:12:36 PM org.openqa.selenium.remote.ProtocolHandshake createSession
INFO: Detected dialect: W3C
]]></system-err>
  </testcase>
  <testcase name="Testing Device configuration option" classname="Testing Device list page" time="18.07">
    <system-out><![CDATA[
@Configurationoption
Scenario Outline: Testing Device configuration option               &amp#27;[90m# src/test/resources/Features/DeviceList.feature:18&amp#27;[0m
Logged In
  &amp#27;[32mGiven &amp#27;[0m&amp#27;[32muser is on login page&amp#27;[0m                                       &amp#27;[90m# DeviceList.DeviceList.login()&amp#27;[0m
Provided credentials
  &amp#27;[32mAnd &amp#27;[0m&amp#27;[32mprovided &amp#27;[0m&amp#27;[32m&amp#27;[1m"Akash_QA1"&amp#27;[0m&amp#27;[32m and &amp#27;[0m&amp#27;[32m&amp#27;[1m"root@1234"&amp#27;[0m                          &amp#27;[90m# DeviceList.DeviceList.credentials(java.lang.String,java.lang.String)&amp#27;[0m
Landed to Main Dashboard
  &amp#27;[32mThen &amp#27;[0m&amp#27;[32mclicked signin button&amp#27;[0m                                        &amp#27;[90m# DeviceList.DeviceList.signin()&amp#27;[0m
Displayed Menu List
  &amp#27;[32mAnd &amp#27;[0m&amp#27;[32mselect menu option&amp#27;[0m                                            &amp#27;[90m# DeviceList.DeviceList.menu()&amp#27;[0m
Device list option selected
  &amp#27;[32mThen &amp#27;[0m&amp#27;[32muser select Device list option&amp#27;[0m                               &amp#27;[90m# DeviceList.DeviceList.Dlistopt()&amp#27;[0m
User is at Device List page 
  &amp#27;[32mAnd &amp#27;[0m&amp#27;[32mredirected to Device List page&amp#27;[0m                                &amp#27;[90m# DeviceList.DeviceList.Dlistpage()&amp#27;[0m
Only Active Device able to Configure Object Detection
  &amp#27;[32mAnd &amp#27;[0m&amp#27;[32muser able to see configuration option only for Active Devices&amp#27;[0m &amp#27;[90m# DeviceList.DeviceList.Cngopt()&amp#27;[0m
  &amp#27;[32mThen &amp#27;[0m&amp#27;[32mclicked configuration option&amp#27;[0m                                 &amp#27;[90m# DeviceList.DeviceList.opt()&amp#27;[0m
  &amp#27;[32mAnd &amp#27;[0m&amp#27;[32muser redirected to Device configuration page&amp#27;[0m                  &amp#27;[90m# DeviceList.DeviceList.DvcCng()&amp#27;[0m
Test case executed
]]></system-out>
    <system-err><![CDATA[Starting ChromeDriver 141.0.7390.122 (b477534e7e10d193e916cd4e2967c589383625b2-refs/branch-heads/7390@{#2667}) on port 52274
Only local connections are allowed.
Please see https://chromedriver.chromium.org/security-considerations for suggestions on keeping ChromeDriver safe.
ChromeDriver was started successfully on port 52274.
[1763822571.626][WARNING]: This version of ChromeDriver has not been tested with Chrome version 142.
Nov 22, 2025 8:12:51 PM org.openqa.selenium.remote.ProtocolHandshake createSession
INFO: Detected dialect: W3C
]]></system-err>
  </testcase>
  <testcase name="Testing Device configuration for object Detection #1" classname="Testing Device list page" time="23.462">
    <system-out><![CDATA[
@Deviceconfiguration
Scenario Outline: Testing Device configuration for object Detection &amp#27;[90m# src/test/resources/Features/DeviceList.feature:37&amp#27;[0m
Logged In
  &amp#27;[32mGiven &amp#27;[0m&amp#27;[32muser is on login page&amp#27;[0m                                       &amp#27;[90m# DeviceList.DeviceList.login()&amp#27;[0m
Provided credentials
  &amp#27;[32mAnd &amp#27;[0m&amp#27;[32mprovided &amp#27;[0m&amp#27;[32m&amp#27;[1m"Akash_QA1"&amp#27;[0m&amp#27;[32m and &amp#27;[0m&amp#27;[32m&amp#27;[1m"root@1234"&amp#27;[0m                          &amp#27;[90m# DeviceList.DeviceList.credentials(java.lang.String,java.lang.String)&amp#27;[0m
Landed to Main Dashboard
  &amp#27;[32mThen &amp#27;[0m&amp#27;[32mclicked signin button&amp#27;[0m                                        &amp#27;[90m# DeviceList.DeviceList.signin()&amp#27;[0m
Displayed Menu List
  &amp#27;[32mAnd &amp#27;[0m&amp#27;[32mselect menu option&amp#27;[0m                                            &amp#27;[90m# DeviceList.DeviceList.menu()&amp#27;[0m
Device list option selected
  &amp#27;[32mThen &amp#27;[0m&amp#27;[32muser select Device list option&amp#27;[0m                               &amp#27;[90m# DeviceList.DeviceList.Dlistopt()&amp#27;[0m
User is at Device List page 
  &amp#27;[32mAnd &amp#27;[0m&amp#27;[32mredirected to Device List page&amp#27;[0m                                &amp#27;[90m# DeviceList.DeviceList.Dlistpage()&amp#27;[0m
User clicked Setting option
  &amp#27;[32mAnd &amp#27;[0m&amp#27;[32muser click settings option for Active Device&amp#27;[0m                  &amp#27;[90m# DeviceList.DeviceList.settings()&amp#27;[0m
  &amp#27;[32mThen &amp#27;[0m&amp#27;[32muser click Add option&amp#27;[0m                                        &amp#27;[90m# DeviceList.DeviceList.Addoption()&amp#27;[0m
  &amp#27;[32mAnd &amp#27;[0m&amp#27;[32muser entered &amp#27;[0m&amp#27;[32m&amp#27;[1m"20:15:10"&amp#27;[0m&amp#27;[32m and &amp#27;[0m&amp#27;[32m&amp#27;[1m"20:16:10"&amp#27;[0m                        &amp#27;[90m# DeviceList.DeviceList.Dtime(java.lang.String,java.lang.String)&amp#27;[0m
  &amp#27;[32mThen &amp#27;[0m&amp#27;[32mselect configuration status Enable&amp#27;[0m                           &amp#27;[90m# DeviceList.DeviceList.Dstatus()&amp#27;[0m
  &amp#27;[32mAnd &amp#27;[0m&amp#27;[32muser clicked Add option&amp#27;[0m                                       &amp#27;[90m# DeviceList.DeviceList.save()&amp#27;[0m
Device Configuration Added
  &amp#27;[32mThen &amp#27;[0m&amp#27;[32mverify configured time saved in Device Configuration&amp#27;[0m         &amp#27;[90m# DeviceList.DeviceList.DeviceCng()&amp#27;[0m
User navigated to main dashboard
  &amp#27;[32mAnd &amp#27;[0m&amp#27;[32muser navigated to main dashboard&amp#27;[0m                              &amp#27;[90m# DeviceList.DeviceList.maindsh()&amp#27;[0m
Test case executed
]]></system-out>
    <system-err><![CDATA[Starting ChromeDriver 141.0.7390.122 (b477534e7e10d193e916cd4e2967c589383625b2-refs/branch-heads/7390@{#2667}) on port 52269
Only local connections are allowed.
Please see https://chromedriver.chromium.org/security-considerations for suggestions on keeping ChromeDriver safe.
ChromeDriver was started successfully on port 52269.
[1763822589.745][WARNING]: This version of ChromeDriver has not been tested with Chrome version 142.
Nov 22, 2025 8:13:09 PM org.openqa.selenium.remote.ProtocolHandshake createSession
INFO: Detected dialect: W3C
]]></system-err>
  </testcase>
  <testcase name="Testing invalid time Device configuration #1" classname="Testing Device list page" time="22.43">
    <system-out><![CDATA[
@Invalidtimeconfiguration
Scenario Outline: Testing invalid time Device configuration              &amp#27;[90m# src/test/resources/Features/DeviceList.feature:51&amp#27;[0m
Logged In
  &amp#27;[32mGiven &amp#27;[0m&amp#27;[32muser is on login page&amp#27;[0m                                            &amp#27;[90m# DeviceList.DeviceList.login()&amp#27;[0m
Provided credentials
  &amp#27;[32mAnd &amp#27;[0m&amp#27;[32mprovided &amp#27;[0m&amp#27;[32m&amp#27;[1m"Akash_QA1"&amp#27;[0m&amp#27;[32m and &amp#27;[0m&amp#27;[32m&amp#27;[1m"root@1234"&amp#27;[0m                               &amp#27;[90m# DeviceList.DeviceList.credentials(java.lang.String,java.lang.String)&amp#27;[0m
Landed to Main Dashboard
  &amp#27;[32mThen &amp#27;[0m&amp#27;[32mclicked signin button&amp#27;[0m                                             &amp#27;[90m# DeviceList.DeviceList.signin()&amp#27;[0m
Displayed Menu List
  &amp#27;[32mAnd &amp#27;[0m&amp#27;[32mselect menu option&amp#27;[0m                                                 &amp#27;[90m# DeviceList.DeviceList.menu()&amp#27;[0m
Device list option selected
  &amp#27;[32mThen &amp#27;[0m&amp#27;[32muser select Device list option&amp#27;[0m                                    &amp#27;[90m# DeviceList.DeviceList.Dlistopt()&amp#27;[0m
User is at Device List page 
  &amp#27;[32mAnd &amp#27;[0m&amp#27;[32mredirected to Device List page&amp#27;[0m                                     &amp#27;[90m# DeviceList.DeviceList.Dlistpage()&amp#27;[0m
User clicked Setting option
  &amp#27;[32mAnd &amp#27;[0m&amp#27;[32muser click settings option of Active Device&amp#27;[0m                        &amp#27;[90m# DeviceList.DeviceList.ActDvcsetting()&amp#27;[0m
  &amp#27;[32mThen &amp#27;[0m&amp#27;[32mclick Add option&amp#27;[0m                                                  &amp#27;[90m# DeviceList.DeviceList.addoption()&amp#27;[0m
  &amp#27;[32mAnd &amp#27;[0m&amp#27;[32mentered &amp#27;[0m&amp#27;[32m&amp#27;[1m"20:17:10"&amp#27;[0m&amp#27;[32m more then &amp#27;[0m&amp#27;[32m&amp#27;[1m"20:16:10"&amp#27;[0m                            &amp#27;[90m# DeviceList.DeviceList.invalidDtime(java.lang.String,java.lang.String)&amp#27;[0m
  &amp#27;[32mThen &amp#27;[0m&amp#27;[32mselected Enable status of configuration&amp#27;[0m                           &amp#27;[90m# DeviceList.DeviceList.Dvcstatus()&amp#27;[0m
  &amp#27;[32mAnd &amp#27;[0m&amp#27;[32mclicked Add option&amp#27;[0m                                                 &amp#27;[90m# DeviceList.DeviceList.Dsave()&amp#27;[0m
End Time must be greater than Start Time.
  &amp#27;[32mThen &amp#27;[0m&amp#27;[32mIt should throw exception Start time cannot be more than End time&amp#27;[0m &amp#27;[90m# DeviceList.DeviceList.expt_time()&amp#27;[0m
Test case executed
]]></system-out>
    <system-err><![CDATA[Starting ChromeDriver 141.0.7390.122 (b477534e7e10d193e916cd4e2967c589383625b2-refs/branch-heads/7390@{#2667}) on port 51323
Only local connections are allowed.
Please see https://chromedriver.chromium.org/security-considerations for suggestions on keeping ChromeDriver safe.
ChromeDriver was started successfully on port 51323.
[1763822613.379][WARNING]: This version of ChromeDriver has not been tested with Chrome version 142.
Nov 22, 2025 8:13:33 PM org.openqa.selenium.remote.ProtocolHandshake createSession
INFO: Detected dialect: W3C
]]></system-err>
  </testcase>
  <testcase name="Testing invalid time Device configuration #2" classname="Testing Device list page" time="20.811">
    <system-out><![CDATA[
@Invalidtimeformat
Scenario Outline: Testing invalid time Device configuration                 &amp#27;[90m# src/test/resources/Features/DeviceList.feature:65&amp#27;[0m
Logged In
  &amp#27;[32mGiven &amp#27;[0m&amp#27;[32muser is on login page&amp#27;[0m                                               &amp#27;[90m# DeviceList.DeviceList.login()&amp#27;[0m
Provided credentials
  &amp#27;[32mAnd &amp#27;[0m&amp#27;[32mprovided &amp#27;[0m&amp#27;[32m&amp#27;[1m"Akash_QA1"&amp#27;[0m&amp#27;[32m and &amp#27;[0m&amp#27;[32m&amp#27;[1m"root@1234"&amp#27;[0m                                  &amp#27;[90m# DeviceList.DeviceList.credentials(java.lang.String,java.lang.String)&amp#27;[0m
Landed to Main Dashboard
  &amp#27;[32mThen &amp#27;[0m&amp#27;[32mclicked signin button&amp#27;[0m                                                &amp#27;[90m# DeviceList.DeviceList.signin()&amp#27;[0m
Displayed Menu List
  &amp#27;[32mAnd &amp#27;[0m&amp#27;[32mselect menu option&amp#27;[0m                                                    &amp#27;[90m# DeviceList.DeviceList.menu()&amp#27;[0m
Device list option selected
  &amp#27;[32mThen &amp#27;[0m&amp#27;[32muser select Device list option&amp#27;[0m                                       &amp#27;[90m# DeviceList.DeviceList.Dlistopt()&amp#27;[0m
User is at Device List page 
  &amp#27;[32mAnd &amp#27;[0m&amp#27;[32mredirected to Device List page&amp#27;[0m                                        &amp#27;[90m# DeviceList.DeviceList.Dlistpage()&amp#27;[0m
User clicked Setting option
  &amp#27;[32mAnd &amp#27;[0m&amp#27;[32muser selected configuration option&amp#27;[0m                                    &amp#27;[90m# DeviceList.DeviceList.settingsopt()&amp#27;[0m
  &amp#27;[32mThen &amp#27;[0m&amp#27;[32muser select Add option&amp#27;[0m                                               &amp#27;[90m# DeviceList.DeviceList.adopt()&amp#27;[0m
  &amp#27;[32mAnd &amp#27;[0m&amp#27;[32muser entered alphabet at &amp#27;[0m&amp#27;[32m&amp#27;[1m"starttime"&amp#27;[0m&amp#27;[32m and &amp#27;[0m&amp#27;[32m&amp#27;[1m"endtime"&amp#27;[0m                    &amp#27;[90m# DeviceList.DeviceList.less_time(java.lang.String,java.lang.String)&amp#27;[0m
  &amp#27;[32mThen &amp#27;[0m&amp#27;[32mselected Enable status at configuration&amp#27;[0m                              &amp#27;[90m# DeviceList.DeviceList.cng_status()&amp#27;[0m
  &amp#27;[32mAnd &amp#27;[0m&amp#27;[32muser selected Add option&amp#27;[0m                                              &amp#27;[90m# DeviceList.DeviceList.Dvcsave()&amp#27;[0m
Enter proper time format (HH:MM:SS)
  &amp#27;[32mThen &amp#27;[0m&amp#27;[32mIt should throw exception End Time cannot be earlier than Start Time&amp#27;[0m &amp#27;[90m# DeviceList.DeviceList.exception_time()&amp#27;[0m
Test case executed
]]></system-out>
    <system-err><![CDATA[Starting ChromeDriver 141.0.7390.122 (b477534e7e10d193e916cd4e2967c589383625b2-refs/branch-heads/7390@{#2667}) on port 52635
Only local connections are allowed.
Please see https://chromedriver.chromium.org/security-considerations for suggestions on keeping ChromeDriver safe.
ChromeDriver was started successfully on port 52635.
[1763822635.814][WARNING]: This version of ChromeDriver has not been tested with Chrome version 142.
Nov 22, 2025 8:13:55 PM org.openqa.selenium.remote.ProtocolHandshake createSession
INFO: Detected dialect: W3C
]]></system-err>
  </testcase>
  <testcase name="Testing mandatory status Device configuration" classname="Testing Device list page" time="18.504">
    <system-out><![CDATA[
@Mandatorydeviceconfiguration
Scenario Outline: Testing mandatory status Device configuration &amp#27;[90m# src/test/resources/Features/DeviceList.feature:78&amp#27;[0m
Logged In
  &amp#27;[32mGiven &amp#27;[0m&amp#27;[32muser is on login page&amp#27;[0m                                   &amp#27;[90m# DeviceList.DeviceList.login()&amp#27;[0m
Provided credentials
  &amp#27;[32mAnd &amp#27;[0m&amp#27;[32mprovided &amp#27;[0m&amp#27;[32m&amp#27;[1m"Akash_QA1"&amp#27;[0m&amp#27;[32m and &amp#27;[0m&amp#27;[32m&amp#27;[1m"root@1234"&amp#27;[0m                      &amp#27;[90m# DeviceList.DeviceList.credentials(java.lang.String,java.lang.String)&amp#27;[0m
Landed to Main Dashboard
  &amp#27;[32mThen &amp#27;[0m&amp#27;[32mclicked signin button&amp#27;[0m                                    &amp#27;[90m# DeviceList.DeviceList.signin()&amp#27;[0m
Displayed Menu List
  &amp#27;[32mAnd &amp#27;[0m&amp#27;[32mselect menu option&amp#27;[0m                                        &amp#27;[90m# DeviceList.DeviceList.menu()&amp#27;[0m
Device list option selected
  &amp#27;[32mThen &amp#27;[0m&amp#27;[32muser select Device list option&amp#27;[0m                           &amp#27;[90m# DeviceList.DeviceList.Dlistopt()&amp#27;[0m
User is at Device List page 
  &amp#27;[32mAnd &amp#27;[0m&amp#27;[32mredirected to Device List page&amp#27;[0m                            &amp#27;[90m# DeviceList.DeviceList.Dlistpage()&amp#27;[0m
  &amp#27;[32mAnd &amp#27;[0m&amp#27;[32mselected configuration option&amp#27;[0m                             &amp#27;[90m# DeviceList.DeviceList.confopt()&amp#27;[0m
  &amp#27;[32mThen &amp#27;[0m&amp#27;[32mselect Add option&amp#27;[0m                                        &amp#27;[90m# DeviceList.DeviceList.addopt()&amp#27;[0m
  &amp#27;[32mAnd &amp#27;[0m&amp#27;[32mentered &amp#27;[0m&amp#27;[32m&amp#27;[1m"20:15:10"&amp#27;[0m&amp#27;[32m and &amp#27;[0m&amp#27;[32m&amp#27;[1m"20:16:10"&amp#27;[0m                         &amp#27;[90m# DeviceList.DeviceList.timing(java.lang.String,java.lang.String)&amp#27;[0m
  &amp#27;[32mThen &amp#27;[0m&amp#27;[32mselected Add option&amp#27;[0m                                      &amp#27;[90m# DeviceList.DeviceList.saveadd()&amp#27;[0m
Please select a Status.
  &amp#27;[32mAnd &amp#27;[0m&amp#27;[32mIt should throw exception Status is mandatory&amp#27;[0m             &amp#27;[90m# DeviceList.DeviceList.confstatus()&amp#27;[0m
Test case executed
]]></system-out>
    <system-err><![CDATA[Starting ChromeDriver 141.0.7390.122 (b477534e7e10d193e916cd4e2967c589383625b2-refs/branch-heads/7390@{#2667}) on port 42598
Only local connections are allowed.
Please see https://chromedriver.chromium.org/security-considerations for suggestions on keeping ChromeDriver safe.
ChromeDriver was started successfully on port 42598.
[1763822656.585][WARNING]: This version of ChromeDriver has not been tested with Chrome version 142.
Nov 22, 2025 8:14:16 PM org.openqa.selenium.remote.ProtocolHandshake createSession
INFO: Detected dialect: W3C
]]></system-err>
  </testcase>
  <testcase name="Testing mandatoy time configuration" classname="Testing Device list page" time="17.14">
    <system-out><![CDATA[
@Blanktimeconfiguration
Scenario Outline: Testing mandatoy time configuration                          &amp#27;[90m# src/test/resources/Features/DeviceList.feature:92&amp#27;[0m
Logged In
  &amp#27;[32mGiven &amp#27;[0m&amp#27;[32muser is on login page&amp#27;[0m                                                  &amp#27;[90m# DeviceList.DeviceList.login()&amp#27;[0m
Provided credentials
  &amp#27;[32mAnd &amp#27;[0m&amp#27;[32mprovided &amp#27;[0m&amp#27;[32m&amp#27;[1m"Akash_QA1"&amp#27;[0m&amp#27;[32m and &amp#27;[0m&amp#27;[32m&amp#27;[1m"root@1234"&amp#27;[0m                                     &amp#27;[90m# DeviceList.DeviceList.credentials(java.lang.String,java.lang.String)&amp#27;[0m
Landed to Main Dashboard
  &amp#27;[32mThen &amp#27;[0m&amp#27;[32mclicked signin button&amp#27;[0m                                                   &amp#27;[90m# DeviceList.DeviceList.signin()&amp#27;[0m
Displayed Menu List
  &amp#27;[32mAnd &amp#27;[0m&amp#27;[32mselect menu option&amp#27;[0m                                                       &amp#27;[90m# DeviceList.DeviceList.menu()&amp#27;[0m
Device list option selected
  &amp#27;[32mThen &amp#27;[0m&amp#27;[32muser select Device list option&amp#27;[0m                                          &amp#27;[90m# DeviceList.DeviceList.Dlistopt()&amp#27;[0m
User is at Device List page 
  &amp#27;[32mAnd &amp#27;[0m&amp#27;[32mredirected to Device List page&amp#27;[0m                                           &amp#27;[90m# DeviceList.DeviceList.Dlistpage()&amp#27;[0m
  &amp#27;[32mAnd &amp#27;[0m&amp#27;[32muser clicked configuration setting option&amp#27;[0m                                &amp#27;[90m# DeviceList.DeviceList.confsettingopt()&amp#27;[0m
  &amp#27;[32mThen &amp#27;[0m&amp#27;[32muser clicked Add button&amp#27;[0m                                                 &amp#27;[90m# DeviceList.DeviceList.addbtn()&amp#27;[0m
  &amp#27;[32mAnd &amp#27;[0m&amp#27;[32muser not entered &amp#27;[0m&amp#27;[32m&amp#27;[1m""&amp#27;[0m&amp#27;[32m and &amp#27;[0m&amp#27;[32m&amp#27;[1m""&amp#27;[0m                                               &amp#27;[90m# DeviceList.DeviceList.timenull(java.lang.String,java.lang.String)&amp#27;[0m
  &amp#27;[32mAnd &amp#27;[0m&amp#27;[32mselect Device status Enable&amp#27;[0m                                              &amp#27;[90m# DeviceList.DeviceList.settingstatus()&amp#27;[0m
  &amp#27;[32mThen &amp#27;[0m&amp#27;[32muser click Save button&amp#27;[0m                                                  &amp#27;[90m# DeviceList.DeviceList.savebtn()&amp#27;[0m
Start Time is required.
End Time is required.
  &amp#27;[32mAnd &amp#27;[0m&amp#27;[32mIt should throw mandatory exception start time and end time are required&amp#27;[0m &amp#27;[90m# DeviceList.DeviceList.blanktimeexp()&amp#27;[0m
Test case executed
]]></system-out>
    <system-err><![CDATA[Starting ChromeDriver 141.0.7390.122 (b477534e7e10d193e916cd4e2967c589383625b2-refs/branch-heads/7390@{#2667}) on port 28245
Only local connections are allowed.
Please see https://chromedriver.chromium.org/security-considerations for suggestions on keeping ChromeDriver safe.
ChromeDriver was started successfully on port 28245.
[1763822674.969][WARNING]: This version of ChromeDriver has not been tested with Chrome version 142.
Nov 22, 2025 8:14:34 PM org.openqa.selenium.remote.ProtocolHandshake createSession
INFO: Detected dialect: W3C
]]></system-err>
  </testcase>
  <testcase name="Testing Device configuration for object Detection #2" classname="Testing Device list page" time="21.005">
    <system-out><![CDATA[
@Disableconfiguration
Scenario Outline: Testing Device configuration for object Detection &amp#27;[90m# src/test/resources/Features/DeviceList.feature:107&amp#27;[0m
Logged In
  &amp#27;[32mGiven &amp#27;[0m&amp#27;[32muser is on login page&amp#27;[0m                                       &amp#27;[90m# DeviceList.DeviceList.login()&amp#27;[0m
Provided credentials
  &amp#27;[32mAnd &amp#27;[0m&amp#27;[32mprovided &amp#27;[0m&amp#27;[32m&amp#27;[1m"Akash_QA1"&amp#27;[0m&amp#27;[32m and &amp#27;[0m&amp#27;[32m&amp#27;[1m"root@1234"&amp#27;[0m                          &amp#27;[90m# DeviceList.DeviceList.credentials(java.lang.String,java.lang.String)&amp#27;[0m
Landed to Main Dashboard
  &amp#27;[32mThen &amp#27;[0m&amp#27;[32mclicked signin button&amp#27;[0m                                        &amp#27;[90m# DeviceList.DeviceList.signin()&amp#27;[0m
Displayed Menu List
  &amp#27;[32mAnd &amp#27;[0m&amp#27;[32mselect menu option&amp#27;[0m                                            &amp#27;[90m# DeviceList.DeviceList.menu()&amp#27;[0m
Device list option selected
  &amp#27;[32mThen &amp#27;[0m&amp#27;[32muser select Device list option&amp#27;[0m                               &amp#27;[90m# DeviceList.DeviceList.Dlistopt()&amp#27;[0m
User is at Device List page 
  &amp#27;[32mAnd &amp#27;[0m&amp#27;[32mredirected to Device List page&amp#27;[0m                                &amp#27;[90m# DeviceList.DeviceList.Dlistpage()&amp#27;[0m
  &amp#27;[32mAnd &amp#27;[0m&amp#27;[32mConfiguration settings button clicked&amp#27;[0m                         &amp#27;[90m# DeviceList.DeviceList.settingbtn()&amp#27;[0m
  &amp#27;[32mThen &amp#27;[0m&amp#27;[32muser click Add button&amp#27;[0m                                        &amp#27;[90m# DeviceList.DeviceList.addbutton()&amp#27;[0m
  &amp#27;[32mAnd &amp#27;[0m&amp#27;[32muser provide &amp#27;[0m&amp#27;[32m&amp#27;[1m"21:10:10"&amp#27;[0m&amp#27;[32m and &amp#27;[0m&amp#27;[32m&amp#27;[1m"21:11:10"&amp#27;[0m                        &amp#27;[90m# DeviceList.DeviceList.startendtime(java.lang.String,java.lang.String)&amp#27;[0m
Disable Option selected
  &amp#27;[32mThen &amp#27;[0m&amp#27;[32mselect configuration status Disable&amp#27;[0m                          &amp#27;[90m# DeviceList.DeviceList.statusopt()&amp#27;[0m
  &amp#27;[32mAnd &amp#27;[0m&amp#27;[32muser clicked Save button&amp#27;[0m                                      &amp#27;[90m# DeviceList.DeviceList.settingsbtn()&amp#27;[0m
  &amp#27;[32mThen &amp#27;[0m&amp#27;[32mconfigured time saved in Device Configuration page&amp#27;[0m           &amp#27;[90m# DeviceList.DeviceList.DvcConfpage()&amp#27;[0m
User navigated to main dashboard
  &amp#27;[32mAnd &amp#27;[0m&amp#27;[32muser redirected back to main dashboard&amp#27;[0m                        &amp#27;[90m# DeviceList.DeviceList.maindashboard()&amp#27;[0m
Test case executed
]]></system-out>
    <system-err><![CDATA[Starting ChromeDriver 141.0.7390.122 (b477534e7e10d193e916cd4e2967c589383625b2-refs/branch-heads/7390@{#2667}) on port 48737
Only local connections are allowed.
Please see https://chromedriver.chromium.org/security-considerations for suggestions on keeping ChromeDriver safe.
ChromeDriver was started successfully on port 48737.
[1763822692.275][WARNING]: This version of ChromeDriver has not been tested with Chrome version 142.
Nov 22, 2025 8:14:52 PM org.openqa.selenium.remote.ProtocolHandshake createSession
INFO: Detected dialect: W3C
]]></system-err>
  </testcase>
</testsuite>