<?xml version="1.0" encoding="UTF-8"?>
<testsuite xmlns:xsi="http://www.w3.org/2001/XMLSchema-instance" xsi:noNamespaceSchemaLocation="https://maven.apache.org/surefire/maven-surefire-plugin/xsd/surefire-test-report-3.0.xsd" version="3.0" name="DeviceList.TestRunner_DeviceList" time="92.415" tests="8" errors="0" skipped="0" failures="8">
  <properties>
    <property name="java.specification.version" value="25"/>
    <property name="webdriver.chrome.driver" value="C:/Users/ASUS/eclipse-workspace/CucumberJava01/src/test/resources/Drivers/chromedriver.exe"/>
    <property name="sun.cpu.isalist" value="amd64"/>
    <property name="sun.jnu.encoding" value="Cp1252"/>
    <property name="java.class.path" value="E:\AutomationWork\eclipse-workspace\CucumberJava01\target\test-classes;E:\AutomationWork\eclipse-workspace\CucumberJava01\target\classes;C:\Users\ASUS\.m2\repository\io\cucumber\cucumber-java\7.18.0\cucumber-java-7.18.0.jar;C:\Users\ASUS\.m2\repository\org\apiguardian\apiguardian-api\1.1.2\apiguardian-api-1.1.2.jar;C:\Users\ASUS\.m2\repository\io\cucumber\cucumber-junit\7.18.0\cucumber-junit-7.18.0.jar;C:\Users\ASUS\.m2\repository\io\cucumber\cucumber-core\7.18.0\cucumber-core-7.18.0.jar;C:\Users\ASUS\.m2\repository\io\cucumber\cucumber-gherkin\7.18.0\cucumber-gherkin-7.18.0.jar;C:\Users\ASUS\.m2\repository\io\cucumber\cucumber-gherkin-messages\7.18.0\cucumber-gherkin-messages-7.18.0.jar;C:\Users\ASUS\.m2\repository\io\cucumber\gherkin\28.0.0\gherkin-28.0.0.jar;C:\Users\ASUS\.m2\repository\io\cucumber\messages\24.1.0\messages-24.1.0.jar;C:\Users\ASUS\.m2\repository\io\cucumber\testng-xml-formatter\0.1.0\testng-xml-formatter-0.1.0.jar;C:\Users\ASUS\.m2\repository\io\cucumber\query\12.2.0\query-12.2.0.jar;C:\Users\ASUS\.m2\repository\io\cucumber\tag-expressions\6.1.0\tag-expressions-6.1.0.jar;C:\Users\ASUS\.m2\repository\io\cucumber\cucumber-expressions\17.1.0\cucumber-expressions-17.1.0.jar;C:\Users\ASUS\.m2\repository\io\cucumber\datatable\7.18.0\datatable-7.18.0.jar;C:\Users\ASUS\.m2\repository\io\cucumber\cucumber-plugin\7.18.0\cucumber-plugin-7.18.0.jar;C:\Users\ASUS\.m2\repository\io\cucumber\docstring\7.18.0\docstring-7.18.0.jar;C:\Users\ASUS\.m2\repository\io\cucumber\html-formatter\21.3.1\html-formatter-21.3.1.jar;C:\Users\ASUS\.m2\repository\io\cucumber\junit-xml-formatter\0.4.0\junit-xml-formatter-0.4.0.jar;C:\Users\ASUS\.m2\repository\io\cucumber\ci-environment\10.0.1\ci-environment-10.0.1.jar;C:\Users\ASUS\.m2\repository\com\google\protobuf\protobuf-java\3.25.3\protobuf-java-3.25.3.jar;C:\Users\ASUS\.m2\repository\org\seleniumhq\selenium\selenium-java\3.141.59\selenium-java-3.141.59.jar;C:\Users\ASUS\.m2\repository\org\seleniumhq\selenium\selenium-api\3.141.59\selenium-api-3.141.59.jar;C:\Users\ASUS\.m2\repository\org\seleniumhq\selenium\selenium-chrome-driver\3.141.59\selenium-chrome-driver-3.141.59.jar;C:\Users\ASUS\.m2\repository\org\seleniumhq\selenium\selenium-edge-driver\3.141.59\selenium-edge-driver-3.141.59.jar;C:\Users\ASUS\.m2\repository\org\seleniumhq\selenium\selenium-firefox-driver\3.141.59\selenium-firefox-driver-3.141.59.jar;C:\Users\ASUS\.m2\repository\org\seleniumhq\selenium\selenium-ie-driver\3.141.59\selenium-ie-driver-3.141.59.jar;C:\Users\ASUS\.m2\repository\org\seleniumhq\selenium\selenium-opera-driver\3.141.59\selenium-opera-driver-3.141.59.jar;C:\Users\ASUS\.m2\repository\org\seleniumhq\selenium\selenium-remote-driver\3.141.59\selenium-remote-driver-3.141.59.jar;C:\Users\ASUS\.m2\repository\org\seleniumhq\selenium\selenium-safari-driver\3.141.59\selenium-safari-driver-3.141.59.jar;C:\Users\ASUS\.m2\repository\org\seleniumhq\selenium\selenium-support\3.141.59\selenium-support-3.141.59.jar;C:\Users\ASUS\.m2\repository\net\bytebuddy\byte-buddy\1.8.15\byte-buddy-1.8.15.jar;C:\Users\ASUS\.m2\repository\org\apache\commons\commons-exec\1.3\commons-exec-1.3.jar;C:\Users\ASUS\.m2\repository\com\google\guava\guava\25.0-jre\guava-25.0-jre.jar;C:\Users\ASUS\.m2\repository\com\google\code\findbugs\jsr305\1.3.9\jsr305-1.3.9.jar;C:\Users\ASUS\.m2\repository\org\checkerframework\checker-compat-qual\2.0.0\checker-compat-qual-2.0.0.jar;C:\Users\ASUS\.m2\repository\com\google\errorprone\error_prone_annotations\2.1.3\error_prone_annotations-2.1.3.jar;C:\Users\ASUS\.m2\repository\com\google\j2objc\j2objc-annotations\1.1\j2objc-annotations-1.1.jar;C:\Users\ASUS\.m2\repository\org\codehaus\mojo\animal-sniffer-annotations\1.14\animal-sniffer-annotations-1.14.jar;C:\Users\ASUS\.m2\repository\com\squareup\okhttp3\okhttp\3.11.0\okhttp-3.11.0.jar;C:\Users\ASUS\.m2\repository\com\squareup\okio\okio\1.14.0\okio-1.14.0.jar;C:\Users\ASUS\.m2\repository\net\masterthought\cucumber-reporting\5.7.4\cucumber-reporting-5.7.4.jar;C:\Users\ASUS\.m2\repository\com\fasterxml\jackson\core\jackson-databind\2.13.2.2\jackson-databind-2.13.2.2.jar;C:\Users\ASUS\.m2\repository\com\fasterxml\jackson\core\jackson-annotations\2.13.2\jackson-annotations-2.13.2.jar;C:\Users\ASUS\.m2\repository\com\fasterxml\jackson\core\jackson-core\2.13.2\jackson-core-2.13.2.jar;C:\Users\ASUS\.m2\repository\com\fasterxml\jackson\datatype\jackson-datatype-jsr310\2.13.2\jackson-datatype-jsr310-2.13.2.jar;C:\Users\ASUS\.m2\repository\org\apache\velocity\velocity-engine-core\2.3\velocity-engine-core-2.3.jar;C:\Users\ASUS\.m2\repository\org\slf4j\slf4j-api\1.7.30\slf4j-api-1.7.30.jar;C:\Users\ASUS\.m2\repository\org\apache\commons\commons-collections4\4.4\commons-collections4-4.4.jar;C:\Users\ASUS\.m2\repository\joda-time\joda-time\2.10.14\joda-time-2.10.14.jar;C:\Users\ASUS\.m2\repository\org\apache\commons\commons-lang3\3.12.0\commons-lang3-3.12.0.jar;C:\Users\ASUS\.m2\repository\org\codehaus\plexus\plexus-utils\3.4.2\plexus-utils-3.4.2.jar;C:\Users\ASUS\.m2\repository\org\jsoup\jsoup\1.15.3\jsoup-1.15.3.jar;C:\Users\ASUS\.m2\repository\com\googlecode\owasp-java-html-sanitizer\owasp-java-html-sanitizer\20211018.2\owasp-java-html-sanitizer-20211018.2.jar;C:\Users\ASUS\.m2\repository\commons-configuration\commons-configuration\1.10\commons-configuration-1.10.jar;C:\Users\ASUS\.m2\repository\commons-lang\commons-lang\2.6\commons-lang-2.6.jar;C:\Users\ASUS\.m2\repository\commons-logging\commons-logging\1.1.1\commons-logging-1.1.1.jar;C:\Users\ASUS\.m2\repository\junit\junit\4.13.2\junit-4.13.2.jar;C:\Users\ASUS\.m2\repository\org\hamcrest\hamcrest-core\1.3\hamcrest-core-1.3.jar;C:\Users\ASUS\.m2\repository\commons-io\commons-io\2.21.0\commons-io-2.21.0.jar;C:\Users\ASUS\.m2\repository\tech\grasshopper\extentreports-cucumber7-adapter\1.8.4\extentreports-cucumber7-adapter-1.8.4.jar;C:\Users\ASUS\.m2\repository\com\aventstack\extentreports\5.0.9\extentreports-5.0.9.jar;C:\Users\ASUS\.m2\repository\io\reactivex\rxjava3\rxjava\3.0.4\rxjava-3.0.4.jar;C:\Users\ASUS\.m2\repository\org\reactivestreams\reactive-streams\1.0.3\reactive-streams-1.0.3.jar;C:\Users\ASUS\.m2\repository\org\freemarker\freemarker\2.3.30\freemarker-2.3.30.jar;C:\Users\ASUS\.m2\repository\org\projectlombok\lombok\1.18.12\lombok-1.18.12.jar;C:\Users\ASUS\.m2\repository\com\google\code\gson\gson\2.8.6\gson-2.8.6.jar;C:\Users\ASUS\.m2\repository\tech\grasshopper\extent-pdf-report\2.9.0\extent-pdf-report-2.9.0.jar;C:\Users\ASUS\.m2\repository\tech\grasshopper\cucumber-pdf-report\2.11.0\cucumber-pdf-report-2.11.0.jar;C:\Users\ASUS\.m2\repository\org\apache\pdfbox\pdfbox\2.0.26\pdfbox-2.0.26.jar;C:\Users\ASUS\.m2\repository\org\apache\pdfbox\fontbox\2.0.26\fontbox-2.0.26.jar;C:\Users\ASUS\.m2\repository\org\knowm\xchart\xchart\3.8.0\xchart-3.8.0.jar;C:\Users\ASUS\.m2\repository\de\erichseifert\vectorgraphics2d\VectorGraphics2D\0.13\VectorGraphics2D-0.13.jar;C:\Users\ASUS\.m2\repository\de\rototor\pdfbox\graphics2d\0.30\graphics2d-0.30.jar;C:\Users\ASUS\.m2\repository\com\madgag\animated-gif-lib\1.4\animated-gif-lib-1.4.jar;C:\Users\ASUS\.m2\repository\org\yaml\snakeyaml\1.28\snakeyaml-1.28.jar;C:\Users\ASUS\.m2\repository\tech\grasshopper\table-layout\1.5.1\table-layout-1.5.1.jar;C:\Users\ASUS\.m2\repository\tech\grasshopper\rest-assured-cucumber-pdf-report\1.4.1\rest-assured-cucumber-pdf-report-1.4.1.jar;C:\Users\ASUS\.m2\repository\com\aventstack\klov-reporter\5.0.9\klov-reporter-5.0.9.jar;C:\Users\ASUS\.m2\repository\org\mongodb\mongodb-driver\3.6.4\mongodb-driver-3.6.4.jar;C:\Users\ASUS\.m2\repository\org\mongodb\mongodb-driver-core\3.6.4\mongodb-driver-core-3.6.4.jar;C:\Users\ASUS\.m2\repository\org\mongodb\bson\3.6.4\bson-3.6.4.jar;C:\Users\ASUS\.m2\repository\org\apache\httpcomponents\httpclient\4.5.13\httpclient-4.5.13.jar;C:\Users\ASUS\.m2\repository\org\apache\httpcomponents\httpcore\4.4.13\httpcore-4.4.13.jar;C:\Users\ASUS\.m2\repository\commons-codec\commons-codec\1.11\commons-codec-1.11.jar;C:\Users\ASUS\.m2\repository\org\apache\httpcomponents\httpmime\4.5.13\httpmime-4.5.13.jar;C:\Users\ASUS\.m2\repository\tech\grasshopper\htmlextentreporter\1.0.1\htmlextentreporter-1.0.1.jar;"/>
    <property name="java.vm.vendor" value="Oracle Corporation"/>
    <property name="sun.arch.data.model" value="64"/>
    <property name="user.variant" value=""/>
    <property name="java.vendor.url" value="https://java.oracle.com/"/>
    <property name="user.timezone" value="Asia/Calcutta"/>
    <property name="os.name" value="Windows 11"/>
    <property name="java.vm.specification.version" value="25"/>
    <property name="sun.java.launcher" value="SUN_STANDARD"/>
    <property name="user.country" value="IN"/>
    <property name="sun.boot.library.path" value="C:\Program Files\jdk-25.0.1\bin"/>
    <property name="sun.java.command" value="C:\Users\ASUS\AppData\Local\Temp\surefire964309014108491537\surefirebooter-20251213182055187_3.jar C:\Users\ASUS\AppData\Local\Temp\surefire964309014108491537 2025-12-13T18-20-54_988-jvmRun1 surefire-20251213182055187_1tmp surefire_0-20251213182055187_2tmp"/>
    <property name="jdk.debug" value="release"/>
    <property name="surefire.test.class.path" value="E:\AutomationWork\eclipse-workspace\CucumberJava01\target\test-classes;E:\AutomationWork\eclipse-workspace\CucumberJava01\target\classes;C:\Users\ASUS\.m2\repository\io\cucumber\cucumber-java\7.18.0\cucumber-java-7.18.0.jar;C:\Users\ASUS\.m2\repository\org\apiguardian\apiguardian-api\1.1.2\apiguardian-api-1.1.2.jar;C:\Users\ASUS\.m2\repository\io\cucumber\cucumber-junit\7.18.0\cucumber-junit-7.18.0.jar;C:\Users\ASUS\.m2\repository\io\cucumber\cucumber-core\7.18.0\cucumber-core-7.18.0.jar;C:\Users\ASUS\.m2\repository\io\cucumber\cucumber-gherkin\7.18.0\cucumber-gherkin-7.18.0.jar;C:\Users\ASUS\.m2\repository\io\cucumber\cucumber-gherkin-messages\7.18.0\cucumber-gherkin-messages-7.18.0.jar;C:\Users\ASUS\.m2\repository\io\cucumber\gherkin\28.0.0\gherkin-28.0.0.jar;C:\Users\ASUS\.m2\repository\io\cucumber\messages\24.1.0\messages-24.1.0.jar;C:\Users\ASUS\.m2\repository\io\cucumber\testng-xml-formatter\0.1.0\testng-xml-formatter-0.1.0.jar;C:\Users\ASUS\.m2\repository\io\cucumber\query\12.2.0\query-12.2.0.jar;C:\Users\ASUS\.m2\repository\io\cucumber\tag-expressions\6.1.0\tag-expressions-6.1.0.jar;C:\Users\ASUS\.m2\repository\io\cucumber\cucumber-expressions\17.1.0\cucumber-expressions-17.1.0.jar;C:\Users\ASUS\.m2\repository\io\cucumber\datatable\7.18.0\datatable-7.18.0.jar;C:\Users\ASUS\.m2\repository\io\cucumber\cucumber-plugin\7.18.0\cucumber-plugin-7.18.0.jar;C:\Users\ASUS\.m2\repository\io\cucumber\docstring\7.18.0\docstring-7.18.0.jar;C:\Users\ASUS\.m2\repository\io\cucumber\html-formatter\21.3.1\html-formatter-21.3.1.jar;C:\Users\ASUS\.m2\repository\io\cucumber\junit-xml-formatter\0.4.0\junit-xml-formatter-0.4.0.jar;C:\Users\ASUS\.m2\repository\io\cucumber\ci-environment\10.0.1\ci-environment-10.0.1.jar;C:\Users\ASUS\.m2\repository\com\google\protobuf\protobuf-java\3.25.3\protobuf-java-3.25.3.jar;C:\Users\ASUS\.m2\repository\org\seleniumhq\selenium\selenium-java\3.141.59\selenium-java-3.141.59.jar;C:\Users\ASUS\.m2\repository\org\seleniumhq\selenium\selenium-api\3.141.59\selenium-api-3.141.59.jar;C:\Users\ASUS\.m2\repository\org\seleniumhq\selenium\selenium-chrome-driver\3.141.59\selenium-chrome-driver-3.141.59.jar;C:\Users\ASUS\.m2\repository\org\seleniumhq\selenium\selenium-edge-driver\3.141.59\selenium-edge-driver-3.141.59.jar;C:\Users\ASUS\.m2\repository\org\seleniumhq\selenium\selenium-firefox-driver\3.141.59\selenium-firefox-driver-3.141.59.jar;C:\Users\ASUS\.m2\repository\org\seleniumhq\selenium\selenium-ie-driver\3.141.59\selenium-ie-driver-3.141.59.jar;C:\Users\ASUS\.m2\repository\org\seleniumhq\selenium\selenium-opera-driver\3.141.59\selenium-opera-driver-3.141.59.jar;C:\Users\ASUS\.m2\repository\org\seleniumhq\selenium\selenium-remote-driver\3.141.59\selenium-remote-driver-3.141.59.jar;C:\Users\ASUS\.m2\repository\org\seleniumhq\selenium\selenium-safari-driver\3.141.59\selenium-safari-driver-3.141.59.jar;C:\Users\ASUS\.m2\repository\org\seleniumhq\selenium\selenium-support\3.141.59\selenium-support-3.141.59.jar;C:\Users\ASUS\.m2\repository\net\bytebuddy\byte-buddy\1.8.15\byte-buddy-1.8.15.jar;C:\Users\ASUS\.m2\repository\org\apache\commons\commons-exec\1.3\commons-exec-1.3.jar;C:\Users\ASUS\.m2\repository\com\google\guava\guava\25.0-jre\guava-25.0-jre.jar;C:\Users\ASUS\.m2\repository\com\google\code\findbugs\jsr305\1.3.9\jsr305-1.3.9.jar;C:\Users\ASUS\.m2\repository\org\checkerframework\checker-compat-qual\2.0.0\checker-compat-qual-2.0.0.jar;C:\Users\ASUS\.m2\repository\com\google\errorprone\error_prone_annotations\2.1.3\error_prone_annotations-2.1.3.jar;C:\Users\ASUS\.m2\repository\com\google\j2objc\j2objc-annotations\1.1\j2objc-annotations-1.1.jar;C:\Users\ASUS\.m2\repository\org\codehaus\mojo\animal-sniffer-annotations\1.14\animal-sniffer-annotations-1.14.jar;C:\Users\ASUS\.m2\repository\com\squareup\okhttp3\okhttp\3.11.0\okhttp-3.11.0.jar;C:\Users\ASUS\.m2\repository\com\squareup\okio\okio\1.14.0\okio-1.14.0.jar;C:\Users\ASUS\.m2\repository\net\masterthought\cucumber-reporting\5.7.4\cucumber-reporting-5.7.4.jar;C:\Users\ASUS\.m2\repository\com\fasterxml\jackson\core\jackson-databind\2.13.2.2\jackson-databind-2.13.2.2.jar;C:\Users\ASUS\.m2\repository\com\fasterxml\jackson\core\jackson-annotations\2.13.2\jackson-annotations-2.13.2.jar;C:\Users\ASUS\.m2\repository\com\fasterxml\jackson\core\jackson-core\2.13.2\jackson-core-2.13.2.jar;C:\Users\ASUS\.m2\repository\com\fasterxml\jackson\datatype\jackson-datatype-jsr310\2.13.2\jackson-datatype-jsr310-2.13.2.jar;C:\Users\ASUS\.m2\repository\org\apache\velocity\velocity-engine-core\2.3\velocity-engine-core-2.3.jar;C:\Users\ASUS\.m2\repository\org\slf4j\slf4j-api\1.7.30\slf4j-api-1.7.30.jar;C:\Users\ASUS\.m2\repository\org\apache\commons\commons-collections4\4.4\commons-collections4-4.4.jar;C:\Users\ASUS\.m2\repository\joda-time\joda-time\2.10.14\joda-time-2.10.14.jar;C:\Users\ASUS\.m2\repository\org\apache\commons\commons-lang3\3.12.0\commons-lang3-3.12.0.jar;C:\Users\ASUS\.m2\repository\org\codehaus\plexus\plexus-utils\3.4.2\plexus-utils-3.4.2.jar;C:\Users\ASUS\.m2\repository\org\jsoup\jsoup\1.15.3\jsoup-1.15.3.jar;C:\Users\ASUS\.m2\repository\com\googlecode\owasp-java-html-sanitizer\owasp-java-html-sanitizer\20211018.2\owasp-java-html-sanitizer-20211018.2.jar;C:\Users\ASUS\.m2\repository\commons-configuration\commons-configuration\1.10\commons-configuration-1.10.jar;C:\Users\ASUS\.m2\repository\commons-lang\commons-lang\2.6\commons-lang-2.6.jar;C:\Users\ASUS\.m2\repository\commons-logging\commons-logging\1.1.1\commons-logging-1.1.1.jar;C:\Users\ASUS\.m2\repository\junit\junit\4.13.2\junit-4.13.2.jar;C:\Users\ASUS\.m2\repository\org\hamcrest\hamcrest-core\1.3\hamcrest-core-1.3.jar;C:\Users\ASUS\.m2\repository\commons-io\commons-io\2.21.0\commons-io-2.21.0.jar;C:\Users\ASUS\.m2\repository\tech\grasshopper\extentreports-cucumber7-adapter\1.8.4\extentreports-cucumber7-adapter-1.8.4.jar;C:\Users\ASUS\.m2\repository\com\aventstack\extentreports\5.0.9\extentreports-5.0.9.jar;C:\Users\ASUS\.m2\repository\io\reactivex\rxjava3\rxjava\3.0.4\rxjava-3.0.4.jar;C:\Users\ASUS\.m2\repository\org\reactivestreams\reactive-streams\1.0.3\reactive-streams-1.0.3.jar;C:\Users\ASUS\.m2\repository\org\freemarker\freemarker\2.3.30\freemarker-2.3.30.jar;C:\Users\ASUS\.m2\repository\org\projectlombok\lombok\1.18.12\lombok-1.18.12.jar;C:\Users\ASUS\.m2\repository\com\google\code\gson\gson\2.8.6\gson-2.8.6.jar;C:\Users\ASUS\.m2\repository\tech\grasshopper\extent-pdf-report\2.9.0\extent-pdf-report-2.9.0.jar;C:\Users\ASUS\.m2\repository\tech\grasshopper\cucumber-pdf-report\2.11.0\cucumber-pdf-report-2.11.0.jar;C:\Users\ASUS\.m2\repository\org\apache\pdfbox\pdfbox\2.0.26\pdfbox-2.0.26.jar;C:\Users\ASUS\.m2\repository\org\apache\pdfbox\fontbox\2.0.26\fontbox-2.0.26.jar;C:\Users\ASUS\.m2\repository\org\knowm\xchart\xchart\3.8.0\xchart-3.8.0.jar;C:\Users\ASUS\.m2\repository\de\erichseifert\vectorgraphics2d\VectorGraphics2D\0.13\VectorGraphics2D-0.13.jar;C:\Users\ASUS\.m2\repository\de\rototor\pdfbox\graphics2d\0.30\graphics2d-0.30.jar;C:\Users\ASUS\.m2\repository\com\madgag\animated-gif-lib\1.4\animated-gif-lib-1.4.jar;C:\Users\ASUS\.m2\repository\org\yaml\snakeyaml\1.28\snakeyaml-1.28.jar;C:\Users\ASUS\.m2\repository\tech\grasshopper\table-layout\1.5.1\table-layout-1.5.1.jar;C:\Users\ASUS\.m2\repository\tech\grasshopper\rest-assured-cucumber-pdf-report\1.4.1\rest-assured-cucumber-pdf-report-1.4.1.jar;C:\Users\ASUS\.m2\repository\com\aventstack\klov-reporter\5.0.9\klov-reporter-5.0.9.jar;C:\Users\ASUS\.m2\repository\org\mongodb\mongodb-driver\3.6.4\mongodb-driver-3.6.4.jar;C:\Users\ASUS\.m2\repository\org\mongodb\mongodb-driver-core\3.6.4\mongodb-driver-core-3.6.4.jar;C:\Users\ASUS\.m2\repository\org\mongodb\bson\3.6.4\bson-3.6.4.jar;C:\Users\ASUS\.m2\repository\org\apache\httpcomponents\httpclient\4.5.13\httpclient-4.5.13.jar;C:\Users\ASUS\.m2\repository\org\apache\httpcomponents\httpcore\4.4.13\httpcore-4.4.13.jar;C:\Users\ASUS\.m2\repository\commons-codec\commons-codec\1.11\commons-codec-1.11.jar;C:\Users\ASUS\.m2\repository\org\apache\httpcomponents\httpmime\4.5.13\httpmime-4.5.13.jar;C:\Users\ASUS\.m2\repository\tech\grasshopper\htmlextentreporter\1.0.1\htmlextentreporter-1.0.1.jar;"/>
    <property name="sun.cpu.endian" value="little"/>
    <property name="user.home" value="C:\Users\ASUS"/>
    <property name="user.language" value="en"/>
    <property name="java.specification.vendor" value="Oracle Corporation"/>
    <property name="java.version.date" value="2025-10-21"/>
    <property name="java.home" value="C:\Program Files\jdk-25.0.1"/>
    <property name="file.separator" value="\"/>
    <property name="basedir" value="E:\AutomationWork\eclipse-workspace\CucumberJava01"/>
    <property name="java.vm.compressedOopsMode" value="32-bit"/>
    <property name="line.separator" value="&#10;"/>
    <property name="java.vm.specification.vendor" value="Oracle Corporation"/>
    <property name="java.specification.name" value="Java Platform API Specification"/>
    <property name="surefire.real.class.path" value="C:\Users\ASUS\AppData\Local\Temp\surefire964309014108491537\surefirebooter-20251213182055187_3.jar"/>
    <property name="user.script" value=""/>
    <property name="sun.management.compiler" value="HotSpot 64-Bit Tiered Compilers"/>
    <property name="java.runtime.version" value="25.0.1+8-27"/>
    <property name="user.name" value="ASUS"/>
    <property name="stdout.encoding" value="Cp1252"/>
    <property name="path.separator" value=";"/>
    <property name="os.version" value="10.0"/>
    <property name="java.runtime.name" value="OpenJDK Runtime Environment"/>
    <property name="file.encoding" value="UTF-8"/>
    <property name="java.vm.name" value="OpenJDK 64-Bit Server VM"/>
    <property name="localRepository" value="C:\Users\ASUS\.m2\repository"/>
    <property name="java.vendor.url.bug" value="https://bugreport.java.com/bugreport/"/>
    <property name="java.io.tmpdir" value="C:\Users\ASUS\AppData\Local\Temp\"/>
    <property name="java.version" value="25.0.1"/>
    <property name="user.dir" value="E:\AutomationWork\eclipse-workspace\CucumberJava01"/>
    <property name="os.arch" value="amd64"/>
    <property name="java.vm.specification.name" value="Java Virtual Machine Specification"/>
    <property name="sun.os.patch.level" value=""/>
    <property name="native.encoding" value="Cp1252"/>
    <property name="java.library.path" value="C:\Program Files\jdk-25.0.1\bin;C:\WINDOWS\Sun\Java\bin;C:\WINDOWS\system32;C:\WINDOWS;C:\WINDOWS\system32;C:\WINDOWS;C:\WINDOWS\System32\Wbem;C:\WINDOWS\System32\WindowsPowerShell\v1.0\;C:\WINDOWS\System32\OpenSSH\;C:\Program Files\Redis\;C:\Program Files\ffmpeg-2025-07-21-git-8cdb47e47a-essentials_build\bin;C:\src\flutter\bin;C:\Program Files\OpenSSL-Win64\bin;C:\Program Files\nodejs\;C:\Program Files\Tailscale\;C:\Program Files\jdk-25.0.1\bin;C:\Program Files\apache-maven-3.9.11\bin;C:\Program Files\Git\cmd;;C:\Program Files\Docker\Docker\resources\bin;C:\Users\ASUS\AppData\Local\Programs\Python\Python311\Scripts\;C:\Users\ASUS\AppData\Local\Programs\Python\Python311\;C:\Users\ASUS\AppData\Local\Microsoft\WindowsApps;C:\Users\ASUS\AppData\Local\Programs\Microsoft VS Code\bin;C:\Users\ASUS\AppData\Roaming\npm;."/>
    <property name="java.vm.info" value="mixed mode, sharing"/>
    <property name="stderr.encoding" value="Cp1252"/>
    <property name="java.vendor" value="Oracle Corporation"/>
    <property name="java.vm.version" value="25.0.1+8-27"/>
    <property name="stdin.encoding" value="Cp1252"/>
    <property name="sun.io.unicode.encoding" value="UnicodeLittle"/>
    <property name="java.class.version" value="69.0"/>
  </properties>
  <testcase name="Testing list of Devices" classname="Testing Device list page" time="20.98">
    <failure message="No Active Device found, skipping test" type="java.lang.AssertionError"><![CDATA[java.lang.AssertionError: No Active Device found, skipping test
	at DeviceList.DeviceList.Active(DeviceList.java:111)
	at ✽.user able to see Active Devices(file:///E:/AutomationWork/eclipse-workspace/CucumberJava01/src/test/resources/Features/DeviceList.feature:15)
]]></failure>
    <system-out><![CDATA[
@validscenario
Scenario Outline: Testing list of Devices  &amp#27;[90m# src/test/resources/Features/DeviceList.feature:12&amp#27;[0m
Logged In
  &amp#27;[32mGiven &amp#27;[0m&amp#27;[32muser is on login page&amp#27;[0m              &amp#27;[90m# DeviceList.DeviceList.login()&amp#27;[0m
Provided credentials
  &amp#27;[32mAnd &amp#27;[0m&amp#27;[32mprovided &amp#27;[0m&amp#27;[32m&amp#27;[1m"Akash_QA1"&amp#27;[0m&amp#27;[32m and &amp#27;[0m&amp#27;[32m&amp#27;[1m"root@1234"&amp#27;[0m &amp#27;[90m# DeviceList.DeviceList.credentials(java.lang.String,java.lang.String)&amp#27;[0m
Landed to Main Dashboard
  &amp#27;[32mThen &amp#27;[0m&amp#27;[32mclicked signin button&amp#27;[0m               &amp#27;[90m# DeviceList.DeviceList.signin()&amp#27;[0m
Displayed Menu List
  &amp#27;[32mAnd &amp#27;[0m&amp#27;[32mselect menu option&amp#27;[0m                   &amp#27;[90m# DeviceList.DeviceList.menu()&amp#27;[0m
Device list option selected
  &amp#27;[32mThen &amp#27;[0m&amp#27;[32muser select Device list option&amp#27;[0m      &amp#27;[90m# DeviceList.DeviceList.Dlistopt()&amp#27;[0m
User at Device List Page

    Embedding Device List Page [image/png 59673 bytes]

  &amp#27;[32mAnd &amp#27;[0m&amp#27;[32mredirected to Device List page&amp#27;[0m       &amp#27;[90m# DeviceList.DeviceList.Dlistpage()&amp#27;[0m
List of Devices: 
CAM01
ASNI DEMO CAM 03
Camera 10
Camera 04
ASNI DEMO CAM 02
ASNI DEMO DRONE 01
ASNI DEMO SNSR 02
ASNI DEMO SNSR 01
ASNI DEMO CAM 01
Number of Devices: 9

    Embedding Device List Page [image/png 59673 bytes]

  &amp#27;[32mAnd &amp#27;[0m&amp#27;[32muser able to see list of Devices&amp#27;[0m     &amp#27;[90m# DeviceList.DeviceList.Dlist()&amp#27;[0m
No Active Device found
  &amp#27;[31mThen &amp#27;[0m&amp#27;[31muser able to see Active Devices&amp#27;[0m     &amp#27;[90m# DeviceList.DeviceList.Active()&amp#27;[0m
      &amp#27;[31mjava.lang.AssertionError: No Active Device found, skipping test
	at DeviceList.DeviceList.Active(DeviceList.java:111)
	at ✽.user able to see Active Devices(file:///E:/AutomationWork/eclipse-workspace/CucumberJava01/src/test/resources/Features/DeviceList.feature:15)
&amp#27;[0m
Test case executed
]]></system-out>
    <system-err><![CDATA[Starting ChromeDriver 141.0.7390.122 (b477534e7e10d193e916cd4e2967c589383625b2-refs/branch-heads/7390@{#2667}) on port 62701
Only local connections are allowed.
Please see https://chromedriver.chromium.org/security-considerations for suggestions on keeping ChromeDriver safe.
ChromeDriver was started successfully on port 62701.
[1765630371.884][WARNING]: This version of ChromeDriver has not been tested with Chrome version 142.
Dec 13, 2025 6:22:51 PM org.openqa.selenium.remote.ProtocolHandshake createSession
INFO: Detected dialect: W3C
]]></system-err>
  </testcase>
  <testcase name="Testing Device configuration option" classname="Testing Device list page" time="10.191">
    <failure message="No Active Device found, skipping test" type="java.lang.AssertionError"><![CDATA[java.lang.AssertionError: No Active Device found, skipping test
	at DeviceList.DeviceList.Cngopt(DeviceList.java:123)
	at ✽.user able to see configuration option only for Active "ASNI DEMO CAM 03"(file:///E:/AutomationWork/eclipse-workspace/CucumberJava01/src/test/resources/Features/DeviceList.feature:20)
]]></failure>
    <system-out><![CDATA[
@Configurationoption
Scenario Outline: Testing Device configuration option                          &amp#27;[90m# src/test/resources/Features/DeviceList.feature:26&amp#27;[0m
Logged In
  &amp#27;[32mGiven &amp#27;[0m&amp#27;[32muser is on login page&amp#27;[0m                                                  &amp#27;[90m# DeviceList.DeviceList.login()&amp#27;[0m
Provided credentials
  &amp#27;[32mAnd &amp#27;[0m&amp#27;[32mprovided &amp#27;[0m&amp#27;[32m&amp#27;[1m"Akash_QA1"&amp#27;[0m&amp#27;[32m and &amp#27;[0m&amp#27;[32m&amp#27;[1m"root@1234"&amp#27;[0m                                     &amp#27;[90m# DeviceList.DeviceList.credentials(java.lang.String,java.lang.String)&amp#27;[0m
Landed to Main Dashboard
  &amp#27;[32mThen &amp#27;[0m&amp#27;[32mclicked signin button&amp#27;[0m                                                   &amp#27;[90m# DeviceList.DeviceList.signin()&amp#27;[0m
Displayed Menu List
  &amp#27;[32mAnd &amp#27;[0m&amp#27;[32mselect menu option&amp#27;[0m                                                       &amp#27;[90m# DeviceList.DeviceList.menu()&amp#27;[0m
Device list option selected
  &amp#27;[32mThen &amp#27;[0m&amp#27;[32muser select Device list option&amp#27;[0m                                          &amp#27;[90m# DeviceList.DeviceList.Dlistopt()&amp#27;[0m
User at Device List Page

    Embedding Device List Page [image/png 59673 bytes]

  &amp#27;[32mAnd &amp#27;[0m&amp#27;[32mredirected to Device List page&amp#27;[0m                                           &amp#27;[90m# DeviceList.DeviceList.Dlistpage()&amp#27;[0m
Found Device: ASNI DEMO CAM 03, Status: INACTIVE
Device ASNI DEMO CAM 03 is not Active
  &amp#27;[31mAnd &amp#27;[0m&amp#27;[31muser able to see configuration option only for Active &amp#27;[0m&amp#27;[31m&amp#27;[1m"ASNI DEMO CAM 03"&amp#27;[0m &amp#27;[90m# DeviceList.DeviceList.Cngopt(java.lang.String)&amp#27;[0m
      &amp#27;[31mjava.lang.AssertionError: No Active Device found, skipping test
	at DeviceList.DeviceList.Cngopt(DeviceList.java:123)
	at ✽.user able to see configuration option only for Active "ASNI DEMO CAM 03"(file:///E:/AutomationWork/eclipse-workspace/CucumberJava01/src/test/resources/Features/DeviceList.feature:20)
&amp#27;[0m
  &amp#27;[36mThen &amp#27;[0m&amp#27;[36mclicked configuration option&amp#27;[0m                                            &amp#27;[90m# DeviceList.DeviceList.opt()&amp#27;[0m
  &amp#27;[36mAnd &amp#27;[0m&amp#27;[36muser redirected to Device configuration page&amp#27;[0m                             &amp#27;[90m# DeviceList.DeviceList.DvcCng()&amp#27;[0m
Test case executed
]]></system-out>
    <system-err><![CDATA[Starting ChromeDriver 141.0.7390.122 (b477534e7e10d193e916cd4e2967c589383625b2-refs/branch-heads/7390@{#2667}) on port 6266
Only local connections are allowed.
Please see https://chromedriver.chromium.org/security-considerations for suggestions on keeping ChromeDriver safe.
ChromeDriver was started successfully on port 6266.
[1765630392.650][WARNING]: This version of ChromeDriver has not been tested with Chrome version 142.
Dec 13, 2025 6:23:12 PM org.openqa.selenium.remote.ProtocolHandshake createSession
INFO: Detected dialect: W3C
]]></system-err>
  </testcase>
  <testcase name="Testing Device configuration for object Detection #1" classname="Testing Device list page" time="10.09">
    <failure message="No Active Device found, skipping test" type="java.lang.AssertionError"><![CDATA[java.lang.AssertionError: No Active Device found, skipping test
	at DeviceList.DeviceList.Cngopt(DeviceList.java:123)
	at ✽.user able to see configuration option only for Active "ASNI DEMO CAM 03"(file:///E:/AutomationWork/eclipse-workspace/CucumberJava01/src/test/resources/Features/DeviceList.feature:31)
]]></failure>
    <system-out><![CDATA[
@Deviceconfiguration
Scenario Outline: Testing Device configuration for object Detection            &amp#27;[90m# src/test/resources/Features/DeviceList.feature:43&amp#27;[0m
Logged In
  &amp#27;[32mGiven &amp#27;[0m&amp#27;[32muser is on login page&amp#27;[0m                                                  &amp#27;[90m# DeviceList.DeviceList.login()&amp#27;[0m
Provided credentials
  &amp#27;[32mAnd &amp#27;[0m&amp#27;[32mprovided &amp#27;[0m&amp#27;[32m&amp#27;[1m"Akash_QA1"&amp#27;[0m&amp#27;[32m and &amp#27;[0m&amp#27;[32m&amp#27;[1m"root@1234"&amp#27;[0m                                     &amp#27;[90m# DeviceList.DeviceList.credentials(java.lang.String,java.lang.String)&amp#27;[0m
Landed to Main Dashboard
  &amp#27;[32mThen &amp#27;[0m&amp#27;[32mclicked signin button&amp#27;[0m                                                   &amp#27;[90m# DeviceList.DeviceList.signin()&amp#27;[0m
Displayed Menu List
  &amp#27;[32mAnd &amp#27;[0m&amp#27;[32mselect menu option&amp#27;[0m                                                       &amp#27;[90m# DeviceList.DeviceList.menu()&amp#27;[0m
Device list option selected
  &amp#27;[32mThen &amp#27;[0m&amp#27;[32muser select Device list option&amp#27;[0m                                          &amp#27;[90m# DeviceList.DeviceList.Dlistopt()&amp#27;[0m
User at Device List Page

    Embedding Device List Page [image/png 59673 bytes]

  &amp#27;[32mAnd &amp#27;[0m&amp#27;[32mredirected to Device List page&amp#27;[0m                                           &amp#27;[90m# DeviceList.DeviceList.Dlistpage()&amp#27;[0m
Found Device: ASNI DEMO CAM 03, Status: INACTIVE
Device ASNI DEMO CAM 03 is not Active
  &amp#27;[31mAnd &amp#27;[0m&amp#27;[31muser able to see configuration option only for Active &amp#27;[0m&amp#27;[31m&amp#27;[1m"ASNI DEMO CAM 03"&amp#27;[0m &amp#27;[90m# DeviceList.DeviceList.Cngopt(java.lang.String)&amp#27;[0m
      &amp#27;[31mjava.lang.AssertionError: No Active Device found, skipping test
	at DeviceList.DeviceList.Cngopt(DeviceList.java:123)
	at ✽.user able to see configuration option only for Active "ASNI DEMO CAM 03"(file:///E:/AutomationWork/eclipse-workspace/CucumberJava01/src/test/resources/Features/DeviceList.feature:31)
&amp#27;[0m
  &amp#27;[36mThen &amp#27;[0m&amp#27;[36mclicked configuration option&amp#27;[0m                                            &amp#27;[90m# DeviceList.DeviceList.opt()&amp#27;[0m
  &amp#27;[36mAnd &amp#27;[0m&amp#27;[36muser redirected to Device configuration page&amp#27;[0m                             &amp#27;[90m# DeviceList.DeviceList.DvcCng()&amp#27;[0m
  &amp#27;[36mThen &amp#27;[0m&amp#27;[36muser click Add option&amp#27;[0m                                                   &amp#27;[90m# DeviceList.DeviceList.Addoption()&amp#27;[0m
  &amp#27;[36mAnd &amp#27;[0m&amp#27;[36muser entered &amp#27;[0m&amp#27;[36m&amp#27;[1m"20:15:10"&amp#27;[0m&amp#27;[36m and &amp#27;[0m&amp#27;[36m&amp#27;[1m"20:16:10"&amp#27;[0m                                   &amp#27;[90m# DeviceList.DeviceList.Dtime(java.lang.String,java.lang.String)&amp#27;[0m
  &amp#27;[36mThen &amp#27;[0m&amp#27;[36mselect configuration &amp#27;[0m&amp#27;[36m&amp#27;[1m"Enabled"&amp#27;[0m                                          &amp#27;[90m# DeviceList.DeviceList.Dstatus(java.lang.String)&amp#27;[0m
  &amp#27;[36mAnd &amp#27;[0m&amp#27;[36muser clicked Add option&amp#27;[0m                                                  &amp#27;[90m# DeviceList.DeviceList.save()&amp#27;[0m
  &amp#27;[36mThen &amp#27;[0m&amp#27;[36mverify configured time saved in Device Configuration&amp#27;[0m                    &amp#27;[90m# DeviceList.DeviceList.DeviceCng()&amp#27;[0m
  &amp#27;[36mAnd &amp#27;[0m&amp#27;[36muser navigated to main dashboard&amp#27;[0m                                         &amp#27;[90m# DeviceList.DeviceList.maindsh()&amp#27;[0m
Test case executed
]]></system-out>
    <system-err><![CDATA[Starting ChromeDriver 141.0.7390.122 (b477534e7e10d193e916cd4e2967c589383625b2-refs/branch-heads/7390@{#2667}) on port 31017
Only local connections are allowed.
Please see https://chromedriver.chromium.org/security-considerations for suggestions on keeping ChromeDriver safe.
ChromeDriver was started successfully on port 31017.
[1765630402.874][WARNING]: This version of ChromeDriver has not been tested with Chrome version 142.
Dec 13, 2025 6:23:22 PM org.openqa.selenium.remote.ProtocolHandshake createSession
INFO: Detected dialect: W3C
]]></system-err>
  </testcase>
  <testcase name="Testing invalid time Device configuration #1" classname="Testing Device list page" time="10.219">
    <failure message="No Active Device found, skipping test" type="java.lang.AssertionError"><![CDATA[java.lang.AssertionError: No Active Device found, skipping test
	at DeviceList.DeviceList.Cngopt(DeviceList.java:123)
	at ✽.user able to see configuration option only for Active "ASNI DEMO CAM 03"(file:///E:/AutomationWork/eclipse-workspace/CucumberJava01/src/test/resources/Features/DeviceList.feature:48)
]]></failure>
    <system-out><![CDATA[
@Invalidtimeconfiguration
Scenario Outline: Testing invalid time Device configuration                    &amp#27;[90m# src/test/resources/Features/DeviceList.feature:59&amp#27;[0m
Logged In
  &amp#27;[32mGiven &amp#27;[0m&amp#27;[32muser is on login page&amp#27;[0m                                                  &amp#27;[90m# DeviceList.DeviceList.login()&amp#27;[0m
Provided credentials
  &amp#27;[32mAnd &amp#27;[0m&amp#27;[32mprovided &amp#27;[0m&amp#27;[32m&amp#27;[1m"Akash_QA1"&amp#27;[0m&amp#27;[32m and &amp#27;[0m&amp#27;[32m&amp#27;[1m"root@1234"&amp#27;[0m                                     &amp#27;[90m# DeviceList.DeviceList.credentials(java.lang.String,java.lang.String)&amp#27;[0m
Landed to Main Dashboard
  &amp#27;[32mThen &amp#27;[0m&amp#27;[32mclicked signin button&amp#27;[0m                                                   &amp#27;[90m# DeviceList.DeviceList.signin()&amp#27;[0m
Displayed Menu List
  &amp#27;[32mAnd &amp#27;[0m&amp#27;[32mselect menu option&amp#27;[0m                                                       &amp#27;[90m# DeviceList.DeviceList.menu()&amp#27;[0m
Device list option selected
  &amp#27;[32mThen &amp#27;[0m&amp#27;[32muser select Device list option&amp#27;[0m                                          &amp#27;[90m# DeviceList.DeviceList.Dlistopt()&amp#27;[0m
User at Device List Page

    Embedding Device List Page [image/png 59673 bytes]

  &amp#27;[32mAnd &amp#27;[0m&amp#27;[32mredirected to Device List page&amp#27;[0m                                           &amp#27;[90m# DeviceList.DeviceList.Dlistpage()&amp#27;[0m
Found Device: ASNI DEMO CAM 03, Status: INACTIVE
Device ASNI DEMO CAM 03 is not Active
  &amp#27;[31mAnd &amp#27;[0m&amp#27;[31muser able to see configuration option only for Active &amp#27;[0m&amp#27;[31m&amp#27;[1m"ASNI DEMO CAM 03"&amp#27;[0m &amp#27;[90m# DeviceList.DeviceList.Cngopt(java.lang.String)&amp#27;[0m
      &amp#27;[31mjava.lang.AssertionError: No Active Device found, skipping test
	at DeviceList.DeviceList.Cngopt(DeviceList.java:123)
	at ✽.user able to see configuration option only for Active "ASNI DEMO CAM 03"(file:///E:/AutomationWork/eclipse-workspace/CucumberJava01/src/test/resources/Features/DeviceList.feature:48)
&amp#27;[0m
  &amp#27;[36mThen &amp#27;[0m&amp#27;[36mclicked configuration option&amp#27;[0m                                            &amp#27;[90m# DeviceList.DeviceList.opt()&amp#27;[0m
  &amp#27;[36mAnd &amp#27;[0m&amp#27;[36muser redirected to Device configuration page&amp#27;[0m                             &amp#27;[90m# DeviceList.DeviceList.DvcCng()&amp#27;[0m
  &amp#27;[36mThen &amp#27;[0m&amp#27;[36muser click Add option&amp#27;[0m                                                   &amp#27;[90m# DeviceList.DeviceList.Addoption()&amp#27;[0m
  &amp#27;[36mAnd &amp#27;[0m&amp#27;[36mentered &amp#27;[0m&amp#27;[36m&amp#27;[1m"20:15:10"&amp#27;[0m&amp#27;[36m more then &amp#27;[0m&amp#27;[36m&amp#27;[1m"20:14:10"&amp#27;[0m                                  &amp#27;[90m# DeviceList.DeviceList.invalidDtime(java.lang.String,java.lang.String)&amp#27;[0m
  &amp#27;[36mThen &amp#27;[0m&amp#27;[36mselect configuration &amp#27;[0m&amp#27;[36m&amp#27;[1m"Enabled"&amp#27;[0m                                          &amp#27;[90m# DeviceList.DeviceList.Dstatus(java.lang.String)&amp#27;[0m
  &amp#27;[36mAnd &amp#27;[0m&amp#27;[36muser clicked Add option&amp#27;[0m                                                  &amp#27;[90m# DeviceList.DeviceList.save()&amp#27;[0m
  &amp#27;[36mThen &amp#27;[0m&amp#27;[36mIt should throw exception Start time cannot be more than End time&amp#27;[0m       &amp#27;[90m# DeviceList.DeviceList.expt_time()&amp#27;[0m
Test case executed
]]></system-out>
    <system-err><![CDATA[Starting ChromeDriver 141.0.7390.122 (b477534e7e10d193e916cd4e2967c589383625b2-refs/branch-heads/7390@{#2667}) on port 34172
Only local connections are allowed.
Please see https://chromedriver.chromium.org/security-considerations for suggestions on keeping ChromeDriver safe.
ChromeDriver was started successfully on port 34172.
[1765630412.954][WARNING]: This version of ChromeDriver has not been tested with Chrome version 142.
Dec 13, 2025 6:23:33 PM org.openqa.selenium.remote.ProtocolHandshake createSession
INFO: Detected dialect: W3C
]]></system-err>
  </testcase>
  <testcase name="Testing invalid time Device configuration #2" classname="Testing Device list page" time="10.369">
    <failure message="No Active Device found, skipping test" type="java.lang.AssertionError"><![CDATA[java.lang.AssertionError: No Active Device found, skipping test
	at DeviceList.DeviceList.Cngopt(DeviceList.java:123)
	at ✽.user able to see configuration option only for Active "ASNI DEMO CAM 03"(file:///E:/AutomationWork/eclipse-workspace/CucumberJava01/src/test/resources/Features/DeviceList.feature:64)
]]></failure>
    <system-out><![CDATA[
@Invalidtimeformat
Scenario Outline: Testing invalid time Device configuration                    &amp#27;[90m# src/test/resources/Features/DeviceList.feature:75&amp#27;[0m
Logged In
  &amp#27;[32mGiven &amp#27;[0m&amp#27;[32muser is on login page&amp#27;[0m                                                  &amp#27;[90m# DeviceList.DeviceList.login()&amp#27;[0m
Provided credentials
  &amp#27;[32mAnd &amp#27;[0m&amp#27;[32mprovided &amp#27;[0m&amp#27;[32m&amp#27;[1m"Akash_QA1"&amp#27;[0m&amp#27;[32m and &amp#27;[0m&amp#27;[32m&amp#27;[1m"root@1234"&amp#27;[0m                                     &amp#27;[90m# DeviceList.DeviceList.credentials(java.lang.String,java.lang.String)&amp#27;[0m
Landed to Main Dashboard
  &amp#27;[32mThen &amp#27;[0m&amp#27;[32mclicked signin button&amp#27;[0m                                                   &amp#27;[90m# DeviceList.DeviceList.signin()&amp#27;[0m
Displayed Menu List
  &amp#27;[32mAnd &amp#27;[0m&amp#27;[32mselect menu option&amp#27;[0m                                                       &amp#27;[90m# DeviceList.DeviceList.menu()&amp#27;[0m
Device list option selected
  &amp#27;[32mThen &amp#27;[0m&amp#27;[32muser select Device list option&amp#27;[0m                                          &amp#27;[90m# DeviceList.DeviceList.Dlistopt()&amp#27;[0m
User at Device List Page

    Embedding Device List Page [image/png 59673 bytes]

  &amp#27;[32mAnd &amp#27;[0m&amp#27;[32mredirected to Device List page&amp#27;[0m                                           &amp#27;[90m# DeviceList.DeviceList.Dlistpage()&amp#27;[0m
Found Device: ASNI DEMO CAM 03, Status: INACTIVE
Device ASNI DEMO CAM 03 is not Active
  &amp#27;[31mAnd &amp#27;[0m&amp#27;[31muser able to see configuration option only for Active &amp#27;[0m&amp#27;[31m&amp#27;[1m"ASNI DEMO CAM 03"&amp#27;[0m &amp#27;[90m# DeviceList.DeviceList.Cngopt(java.lang.String)&amp#27;[0m
      &amp#27;[31mjava.lang.AssertionError: No Active Device found, skipping test
	at DeviceList.DeviceList.Cngopt(DeviceList.java:123)
	at ✽.user able to see configuration option only for Active "ASNI DEMO CAM 03"(file:///E:/AutomationWork/eclipse-workspace/CucumberJava01/src/test/resources/Features/DeviceList.feature:64)
&amp#27;[0m
  &amp#27;[36mThen &amp#27;[0m&amp#27;[36mclicked configuration option&amp#27;[0m                                            &amp#27;[90m# DeviceList.DeviceList.opt()&amp#27;[0m
  &amp#27;[36mAnd &amp#27;[0m&amp#27;[36muser redirected to Device configuration page&amp#27;[0m                             &amp#27;[90m# DeviceList.DeviceList.DvcCng()&amp#27;[0m
  &amp#27;[36mThen &amp#27;[0m&amp#27;[36muser click Add option&amp#27;[0m                                                   &amp#27;[90m# DeviceList.DeviceList.Addoption()&amp#27;[0m
  &amp#27;[36mAnd &amp#27;[0m&amp#27;[36muser entered alphabet at &amp#27;[0m&amp#27;[36m&amp#27;[1m"starttime"&amp#27;[0m&amp#27;[36m and &amp#27;[0m&amp#27;[36m&amp#27;[1m"endtime"&amp#27;[0m                       &amp#27;[90m# DeviceList.DeviceList.less_time(java.lang.String,java.lang.String)&amp#27;[0m
  &amp#27;[36mThen &amp#27;[0m&amp#27;[36mselect configuration &amp#27;[0m&amp#27;[36m&amp#27;[1m"Enabled"&amp#27;[0m                                          &amp#27;[90m# DeviceList.DeviceList.Dstatus(java.lang.String)&amp#27;[0m
  &amp#27;[36mAnd &amp#27;[0m&amp#27;[36muser clicked Add option&amp#27;[0m                                                  &amp#27;[90m# DeviceList.DeviceList.save()&amp#27;[0m
  &amp#27;[36mThen &amp#27;[0m&amp#27;[36mIt should throw exception Enter proper time format&amp#27;[0m                      &amp#27;[90m# DeviceList.DeviceList.exception_time()&amp#27;[0m
Test case executed
]]></system-out>
    <system-err><![CDATA[Starting ChromeDriver 141.0.7390.122 (b477534e7e10d193e916cd4e2967c589383625b2-refs/branch-heads/7390@{#2667}) on port 44628
Only local connections are allowed.
Please see https://chromedriver.chromium.org/security-considerations for suggestions on keeping ChromeDriver safe.
ChromeDriver was started successfully on port 44628.
[1765630423.444][WARNING]: This version of ChromeDriver has not been tested with Chrome version 142.
Dec 13, 2025 6:23:43 PM org.openqa.selenium.remote.ProtocolHandshake createSession
INFO: Detected dialect: W3C
]]></system-err>
  </testcase>
  <testcase name="Testing mandatory status Device configuration" classname="Testing Device list page" time="10.137">
    <failure message="No Active Device found, skipping test" type="java.lang.AssertionError"><![CDATA[java.lang.AssertionError: No Active Device found, skipping test
	at DeviceList.DeviceList.Cngopt(DeviceList.java:123)
	at ✽.user able to see configuration option only for Active "ASNI DEMO CAM 03"(file:///E:/AutomationWork/eclipse-workspace/CucumberJava01/src/test/resources/Features/DeviceList.feature:80)
]]></failure>
    <system-out><![CDATA[
@Mandatorydeviceconfiguration
Scenario Outline: Testing mandatory status Device configuration                &amp#27;[90m# src/test/resources/Features/DeviceList.feature:90&amp#27;[0m
Logged In
  &amp#27;[32mGiven &amp#27;[0m&amp#27;[32muser is on login page&amp#27;[0m                                                  &amp#27;[90m# DeviceList.DeviceList.login()&amp#27;[0m
Provided credentials
  &amp#27;[32mAnd &amp#27;[0m&amp#27;[32mprovided &amp#27;[0m&amp#27;[32m&amp#27;[1m"Akash_QA1"&amp#27;[0m&amp#27;[32m and &amp#27;[0m&amp#27;[32m&amp#27;[1m"root@1234"&amp#27;[0m                                     &amp#27;[90m# DeviceList.DeviceList.credentials(java.lang.String,java.lang.String)&amp#27;[0m
Landed to Main Dashboard
  &amp#27;[32mThen &amp#27;[0m&amp#27;[32mclicked signin button&amp#27;[0m                                                   &amp#27;[90m# DeviceList.DeviceList.signin()&amp#27;[0m
Displayed Menu List
  &amp#27;[32mAnd &amp#27;[0m&amp#27;[32mselect menu option&amp#27;[0m                                                       &amp#27;[90m# DeviceList.DeviceList.menu()&amp#27;[0m
Device list option selected
  &amp#27;[32mThen &amp#27;[0m&amp#27;[32muser select Device list option&amp#27;[0m                                          &amp#27;[90m# DeviceList.DeviceList.Dlistopt()&amp#27;[0m
User at Device List Page

    Embedding Device List Page [image/png 59673 bytes]

  &amp#27;[32mAnd &amp#27;[0m&amp#27;[32mredirected to Device List page&amp#27;[0m                                           &amp#27;[90m# DeviceList.DeviceList.Dlistpage()&amp#27;[0m
Found Device: ASNI DEMO CAM 03, Status: INACTIVE
Device ASNI DEMO CAM 03 is not Active
  &amp#27;[31mAnd &amp#27;[0m&amp#27;[31muser able to see configuration option only for Active &amp#27;[0m&amp#27;[31m&amp#27;[1m"ASNI DEMO CAM 03"&amp#27;[0m &amp#27;[90m# DeviceList.DeviceList.Cngopt(java.lang.String)&amp#27;[0m
      &amp#27;[31mjava.lang.AssertionError: No Active Device found, skipping test
	at DeviceList.DeviceList.Cngopt(DeviceList.java:123)
	at ✽.user able to see configuration option only for Active "ASNI DEMO CAM 03"(file:///E:/AutomationWork/eclipse-workspace/CucumberJava01/src/test/resources/Features/DeviceList.feature:80)
&amp#27;[0m
  &amp#27;[36mThen &amp#27;[0m&amp#27;[36mclicked configuration option&amp#27;[0m                                            &amp#27;[90m# DeviceList.DeviceList.opt()&amp#27;[0m
  &amp#27;[36mAnd &amp#27;[0m&amp#27;[36muser redirected to Device configuration page&amp#27;[0m                             &amp#27;[90m# DeviceList.DeviceList.DvcCng()&amp#27;[0m
  &amp#27;[36mThen &amp#27;[0m&amp#27;[36muser click Add option&amp#27;[0m                                                   &amp#27;[90m# DeviceList.DeviceList.Addoption()&amp#27;[0m
  &amp#27;[36mAnd &amp#27;[0m&amp#27;[36mentered &amp#27;[0m&amp#27;[36m&amp#27;[1m"20:15:10"&amp#27;[0m&amp#27;[36m and &amp#27;[0m&amp#27;[36m&amp#27;[1m"20:16:10"&amp#27;[0m                                        &amp#27;[90m# DeviceList.DeviceList.timing(java.lang.String,java.lang.String)&amp#27;[0m
  &amp#27;[36mThen &amp#27;[0m&amp#27;[36mselected Add option&amp#27;[0m                                                     &amp#27;[90m# DeviceList.DeviceList.saveadd()&amp#27;[0m
  &amp#27;[36mAnd &amp#27;[0m&amp#27;[36mIt should throw exception Status is mandatory&amp#27;[0m                            &amp#27;[90m# DeviceList.DeviceList.confstatus()&amp#27;[0m
Test case executed
]]></system-out>
    <system-err><![CDATA[Starting ChromeDriver 141.0.7390.122 (b477534e7e10d193e916cd4e2967c589383625b2-refs/branch-heads/7390@{#2667}) on port 42528
Only local connections are allowed.
Please see https://chromedriver.chromium.org/security-considerations for suggestions on keeping ChromeDriver safe.
ChromeDriver was started successfully on port 42528.
[1765630433.638][WARNING]: This version of ChromeDriver has not been tested with Chrome version 142.
Dec 13, 2025 6:23:53 PM org.openqa.selenium.remote.ProtocolHandshake createSession
INFO: Detected dialect: W3C
]]></system-err>
  </testcase>
  <testcase name="Testing mandatoy time configuration" classname="Testing Device list page" time="10.114">
    <failure message="No Active Device found, skipping test" type="java.lang.AssertionError"><![CDATA[java.lang.AssertionError: No Active Device found, skipping test
	at DeviceList.DeviceList.Cngopt(DeviceList.java:123)
	at ✽.user able to see configuration option only for Active "ASNI DEMO CAM 03"(file:///E:/AutomationWork/eclipse-workspace/CucumberJava01/src/test/resources/Features/DeviceList.feature:95)
]]></failure>
    <system-out><![CDATA[
@Blanktimeconfiguration
Scenario Outline: Testing mandatoy time configuration                          &amp#27;[90m# src/test/resources/Features/DeviceList.feature:106&amp#27;[0m
Logged In
  &amp#27;[32mGiven &amp#27;[0m&amp#27;[32muser is on login page&amp#27;[0m                                                  &amp#27;[90m# DeviceList.DeviceList.login()&amp#27;[0m
Provided credentials
  &amp#27;[32mAnd &amp#27;[0m&amp#27;[32mprovided &amp#27;[0m&amp#27;[32m&amp#27;[1m"Akash_QA1"&amp#27;[0m&amp#27;[32m and &amp#27;[0m&amp#27;[32m&amp#27;[1m"root@1234"&amp#27;[0m                                     &amp#27;[90m# DeviceList.DeviceList.credentials(java.lang.String,java.lang.String)&amp#27;[0m
Landed to Main Dashboard
  &amp#27;[32mThen &amp#27;[0m&amp#27;[32mclicked signin button&amp#27;[0m                                                   &amp#27;[90m# DeviceList.DeviceList.signin()&amp#27;[0m
Displayed Menu List
  &amp#27;[32mAnd &amp#27;[0m&amp#27;[32mselect menu option&amp#27;[0m                                                       &amp#27;[90m# DeviceList.DeviceList.menu()&amp#27;[0m
Device list option selected
  &amp#27;[32mThen &amp#27;[0m&amp#27;[32muser select Device list option&amp#27;[0m                                          &amp#27;[90m# DeviceList.DeviceList.Dlistopt()&amp#27;[0m
User at Device List Page

    Embedding Device List Page [image/png 59673 bytes]

  &amp#27;[32mAnd &amp#27;[0m&amp#27;[32mredirected to Device List page&amp#27;[0m                                           &amp#27;[90m# DeviceList.DeviceList.Dlistpage()&amp#27;[0m
Found Device: ASNI DEMO CAM 03, Status: INACTIVE
Device ASNI DEMO CAM 03 is not Active
  &amp#27;[31mAnd &amp#27;[0m&amp#27;[31muser able to see configuration option only for Active &amp#27;[0m&amp#27;[31m&amp#27;[1m"ASNI DEMO CAM 03"&amp#27;[0m &amp#27;[90m# DeviceList.DeviceList.Cngopt(java.lang.String)&amp#27;[0m
      &amp#27;[31mjava.lang.AssertionError: No Active Device found, skipping test
	at DeviceList.DeviceList.Cngopt(DeviceList.java:123)
	at ✽.user able to see configuration option only for Active "ASNI DEMO CAM 03"(file:///E:/AutomationWork/eclipse-workspace/CucumberJava01/src/test/resources/Features/DeviceList.feature:95)
&amp#27;[0m
  &amp#27;[36mThen &amp#27;[0m&amp#27;[36mclicked configuration option&amp#27;[0m                                            &amp#27;[90m# DeviceList.DeviceList.opt()&amp#27;[0m
  &amp#27;[36mAnd &amp#27;[0m&amp#27;[36muser redirected to Device configuration page&amp#27;[0m                             &amp#27;[90m# DeviceList.DeviceList.DvcCng()&amp#27;[0m
  &amp#27;[36mThen &amp#27;[0m&amp#27;[36muser click Add option&amp#27;[0m                                                   &amp#27;[90m# DeviceList.DeviceList.Addoption()&amp#27;[0m
  &amp#27;[36mAnd &amp#27;[0m&amp#27;[36muser not entered &amp#27;[0m&amp#27;[36m&amp#27;[1m""&amp#27;[0m&amp#27;[36m and &amp#27;[0m&amp#27;[36m&amp#27;[1m""&amp#27;[0m                                               &amp#27;[90m# DeviceList.DeviceList.timenull(java.lang.String,java.lang.String)&amp#27;[0m
  &amp#27;[36mThen &amp#27;[0m&amp#27;[36mselect configuration &amp#27;[0m&amp#27;[36m&amp#27;[1m"Enabled"&amp#27;[0m                                          &amp#27;[90m# DeviceList.DeviceList.Dstatus(java.lang.String)&amp#27;[0m
  &amp#27;[36mAnd &amp#27;[0m&amp#27;[36muser clicked Add option&amp#27;[0m                                                  &amp#27;[90m# DeviceList.DeviceList.save()&amp#27;[0m
  &amp#27;[36mAnd &amp#27;[0m&amp#27;[36mIt should throw mandatory exception start time and end time are required&amp#27;[0m &amp#27;[90m# DeviceList.DeviceList.blanktimeexp()&amp#27;[0m
Test case executed
]]></system-out>
    <system-err><![CDATA[Starting ChromeDriver 141.0.7390.122 (b477534e7e10d193e916cd4e2967c589383625b2-refs/branch-heads/7390@{#2667}) on port 64678
Only local connections are allowed.
Please see https://chromedriver.chromium.org/security-considerations for suggestions on keeping ChromeDriver safe.
ChromeDriver was started successfully on port 64678.
[1765630443.756][WARNING]: This version of ChromeDriver has not been tested with Chrome version 142.
Dec 13, 2025 6:24:03 PM org.openqa.selenium.remote.ProtocolHandshake createSession
INFO: Detected dialect: W3C
]]></system-err>
  </testcase>
  <testcase name="Testing Device configuration for object Detection #2" classname="Testing Device list page" time="10.244">
    <failure message="No Active Device found, skipping test" type="java.lang.AssertionError"><![CDATA[java.lang.AssertionError: No Active Device found, skipping test
	at DeviceList.DeviceList.Cngopt(DeviceList.java:123)
	at ✽.user able to see configuration option only for Active "ASNI DEMO CAM 03"(file:///E:/AutomationWork/eclipse-workspace/CucumberJava01/src/test/resources/Features/DeviceList.feature:111)
]]></failure>
    <system-out><![CDATA[
@Disableconfiguration
Scenario Outline: Testing Device configuration for object Detection            &amp#27;[90m# src/test/resources/Features/DeviceList.feature:123&amp#27;[0m
Logged In
  &amp#27;[32mGiven &amp#27;[0m&amp#27;[32muser is on login page&amp#27;[0m                                                  &amp#27;[90m# DeviceList.DeviceList.login()&amp#27;[0m
Provided credentials
  &amp#27;[32mAnd &amp#27;[0m&amp#27;[32mprovided &amp#27;[0m&amp#27;[32m&amp#27;[1m"Akash_QA1"&amp#27;[0m&amp#27;[32m and &amp#27;[0m&amp#27;[32m&amp#27;[1m"root@1234"&amp#27;[0m                                     &amp#27;[90m# DeviceList.DeviceList.credentials(java.lang.String,java.lang.String)&amp#27;[0m
Landed to Main Dashboard
  &amp#27;[32mThen &amp#27;[0m&amp#27;[32mclicked signin button&amp#27;[0m                                                   &amp#27;[90m# DeviceList.DeviceList.signin()&amp#27;[0m
Displayed Menu List
  &amp#27;[32mAnd &amp#27;[0m&amp#27;[32mselect menu option&amp#27;[0m                                                       &amp#27;[90m# DeviceList.DeviceList.menu()&amp#27;[0m
Device list option selected
  &amp#27;[32mThen &amp#27;[0m&amp#27;[32muser select Device list option&amp#27;[0m                                          &amp#27;[90m# DeviceList.DeviceList.Dlistopt()&amp#27;[0m
User at Device List Page

    Embedding Device List Page [image/png 59673 bytes]

  &amp#27;[32mAnd &amp#27;[0m&amp#27;[32mredirected to Device List page&amp#27;[0m                                           &amp#27;[90m# DeviceList.DeviceList.Dlistpage()&amp#27;[0m
Found Device: ASNI DEMO CAM 03, Status: INACTIVE
Device ASNI DEMO CAM 03 is not Active
  &amp#27;[31mAnd &amp#27;[0m&amp#27;[31muser able to see configuration option only for Active &amp#27;[0m&amp#27;[31m&amp#27;[1m"ASNI DEMO CAM 03"&amp#27;[0m &amp#27;[90m# DeviceList.DeviceList.Cngopt(java.lang.String)&amp#27;[0m
      &amp#27;[31mjava.lang.AssertionError: No Active Device found, skipping test
	at DeviceList.DeviceList.Cngopt(DeviceList.java:123)
	at ✽.user able to see configuration option only for Active "ASNI DEMO CAM 03"(file:///E:/AutomationWork/eclipse-workspace/CucumberJava01/src/test/resources/Features/DeviceList.feature:111)
&amp#27;[0m
  &amp#27;[36mThen &amp#27;[0m&amp#27;[36mclicked configuration option&amp#27;[0m                                            &amp#27;[90m# DeviceList.DeviceList.opt()&amp#27;[0m
  &amp#27;[36mAnd &amp#27;[0m&amp#27;[36muser redirected to Device configuration page&amp#27;[0m                             &amp#27;[90m# DeviceList.DeviceList.DvcCng()&amp#27;[0m
  &amp#27;[36mThen &amp#27;[0m&amp#27;[36muser click Add option&amp#27;[0m                                                   &amp#27;[90m# DeviceList.DeviceList.Addoption()&amp#27;[0m
  &amp#27;[36mAnd &amp#27;[0m&amp#27;[36muser not entered &amp#27;[0m&amp#27;[36m&amp#27;[1m"20:15:10"&amp#27;[0m&amp#27;[36m and &amp#27;[0m&amp#27;[36m&amp#27;[1m"20:16:10"&amp#27;[0m                               &amp#27;[90m# DeviceList.DeviceList.timenull(java.lang.String,java.lang.String)&amp#27;[0m
  &amp#27;[36mThen &amp#27;[0m&amp#27;[36mselect configuration &amp#27;[0m&amp#27;[36m&amp#27;[1m"Disabled"&amp#27;[0m                                         &amp#27;[90m# DeviceList.DeviceList.Dstatus(java.lang.String)&amp#27;[0m
  &amp#27;[36mAnd &amp#27;[0m&amp#27;[36muser clicked Add option&amp#27;[0m                                                  &amp#27;[90m# DeviceList.DeviceList.save()&amp#27;[0m
  &amp#27;[36mThen &amp#27;[0m&amp#27;[36mconfigured time saved in Device Configuration page&amp#27;[0m                      &amp#27;[90m# DeviceList.DeviceList.DvcConfpage()&amp#27;[0m
  &amp#27;[36mAnd &amp#27;[0m&amp#27;[36muser navigated to main dashboard&amp#27;[0m                                         &amp#27;[90m# DeviceList.DeviceList.maindsh()&amp#27;[0m
Test case executed
]]></system-out>
    <system-err><![CDATA[Starting ChromeDriver 141.0.7390.122 (b477534e7e10d193e916cd4e2967c589383625b2-refs/branch-heads/7390@{#2667}) on port 29490
Only local connections are allowed.
Please see https://chromedriver.chromium.org/security-considerations for suggestions on keeping ChromeDriver safe.
ChromeDriver was started successfully on port 29490.
[1765630453.891][WARNING]: This version of ChromeDriver has not been tested with Chrome version 142.
Dec 13, 2025 6:24:13 PM org.openqa.selenium.remote.ProtocolHandshake createSession
INFO: Detected dialect: W3C
]]></system-err>
  </testcase>
</testsuite>