<?xml version="1.0" encoding="UTF-8"?>
<testsuite xmlns:xsi="http://www.w3.org/2001/XMLSchema-instance" xsi:noNamespaceSchemaLocation="https://maven.apache.org/surefire/maven-surefire-plugin/xsd/surefire-test-report-3.0.xsd" version="3.0" name="LoginPage.TestRunner_LoginPage" time="93.433" tests="9" errors="0" skipped="0" failures="2">
  <properties>
    <property name="java.specification.version" value="25"/>
    <property name="webdriver.chrome.driver" value="C:/Users/ASUS/eclipse-workspace/CucumberJava01/src/test/resources/Drivers/chromedriver.exe"/>
    <property name="sun.cpu.isalist" value="amd64"/>
    <property name="sun.jnu.encoding" value="Cp1252"/>
    <property name="java.class.path" value="C:\Users\ASUS\eclipse-workspace\CucumberJava01\target\test-classes;C:\Users\ASUS\eclipse-workspace\CucumberJava01\target\classes;C:\Users\ASUS\.m2\repository\io\cucumber\cucumber-java\7.18.0\cucumber-java-7.18.0.jar;C:\Users\ASUS\.m2\repository\org\apiguardian\apiguardian-api\1.1.2\apiguardian-api-1.1.2.jar;C:\Users\ASUS\.m2\repository\io\cucumber\cucumber-junit\7.18.0\cucumber-junit-7.18.0.jar;C:\Users\ASUS\.m2\repository\io\cucumber\cucumber-core\7.18.0\cucumber-core-7.18.0.jar;C:\Users\ASUS\.m2\repository\io\cucumber\cucumber-gherkin\7.18.0\cucumber-gherkin-7.18.0.jar;C:\Users\ASUS\.m2\repository\io\cucumber\cucumber-gherkin-messages\7.18.0\cucumber-gherkin-messages-7.18.0.jar;C:\Users\ASUS\.m2\repository\io\cucumber\gherkin\28.0.0\gherkin-28.0.0.jar;C:\Users\ASUS\.m2\repository\io\cucumber\messages\24.1.0\messages-24.1.0.jar;C:\Users\ASUS\.m2\repository\io\cucumber\testng-xml-formatter\0.1.0\testng-xml-formatter-0.1.0.jar;C:\Users\ASUS\.m2\repository\io\cucumber\query\12.2.0\query-12.2.0.jar;C:\Users\ASUS\.m2\repository\io\cucumber\tag-expressions\6.1.0\tag-expressions-6.1.0.jar;C:\Users\ASUS\.m2\repository\io\cucumber\cucumber-expressions\17.1.0\cucumber-expressions-17.1.0.jar;C:\Users\ASUS\.m2\repository\io\cucumber\datatable\7.18.0\datatable-7.18.0.jar;C:\Users\ASUS\.m2\repository\io\cucumber\cucumber-plugin\7.18.0\cucumber-plugin-7.18.0.jar;C:\Users\ASUS\.m2\repository\io\cucumber\docstring\7.18.0\docstring-7.18.0.jar;C:\Users\ASUS\.m2\repository\io\cucumber\html-formatter\21.3.1\html-formatter-21.3.1.jar;C:\Users\ASUS\.m2\repository\io\cucumber\junit-xml-formatter\0.4.0\junit-xml-formatter-0.4.0.jar;C:\Users\ASUS\.m2\repository\io\cucumber\ci-environment\10.0.1\ci-environment-10.0.1.jar;C:\Users\ASUS\.m2\repository\com\google\protobuf\protobuf-java\3.25.3\protobuf-java-3.25.3.jar;C:\Users\ASUS\.m2\repository\org\seleniumhq\selenium\selenium-java\3.141.59\selenium-java-3.141.59.jar;C:\Users\ASUS\.m2\repository\org\seleniumhq\selenium\selenium-api\3.141.59\selenium-api-3.141.59.jar;C:\Users\ASUS\.m2\repository\org\seleniumhq\selenium\selenium-chrome-driver\3.141.59\selenium-chrome-driver-3.141.59.jar;C:\Users\ASUS\.m2\repository\org\seleniumhq\selenium\selenium-edge-driver\3.141.59\selenium-edge-driver-3.141.59.jar;C:\Users\ASUS\.m2\repository\org\seleniumhq\selenium\selenium-firefox-driver\3.141.59\selenium-firefox-driver-3.141.59.jar;C:\Users\ASUS\.m2\repository\org\seleniumhq\selenium\selenium-ie-driver\3.141.59\selenium-ie-driver-3.141.59.jar;C:\Users\ASUS\.m2\repository\org\seleniumhq\selenium\selenium-opera-driver\3.141.59\selenium-opera-driver-3.141.59.jar;C:\Users\ASUS\.m2\repository\org\seleniumhq\selenium\selenium-remote-driver\3.141.59\selenium-remote-driver-3.141.59.jar;C:\Users\ASUS\.m2\repository\org\seleniumhq\selenium\selenium-safari-driver\3.141.59\selenium-safari-driver-3.141.59.jar;C:\Users\ASUS\.m2\repository\org\seleniumhq\selenium\selenium-support\3.141.59\selenium-support-3.141.59.jar;C:\Users\ASUS\.m2\repository\net\bytebuddy\byte-buddy\1.8.15\byte-buddy-1.8.15.jar;C:\Users\ASUS\.m2\repository\org\apache\commons\commons-exec\1.3\commons-exec-1.3.jar;C:\Users\ASUS\.m2\repository\com\google\guava\guava\25.0-jre\guava-25.0-jre.jar;C:\Users\ASUS\.m2\repository\com\google\code\findbugs\jsr305\1.3.9\jsr305-1.3.9.jar;C:\Users\ASUS\.m2\repository\org\checkerframework\checker-compat-qual\2.0.0\checker-compat-qual-2.0.0.jar;C:\Users\ASUS\.m2\repository\com\google\errorprone\error_prone_annotations\2.1.3\error_prone_annotations-2.1.3.jar;C:\Users\ASUS\.m2\repository\com\google\j2objc\j2objc-annotations\1.1\j2objc-annotations-1.1.jar;C:\Users\ASUS\.m2\repository\org\codehaus\mojo\animal-sniffer-annotations\1.14\animal-sniffer-annotations-1.14.jar;C:\Users\ASUS\.m2\repository\com\squareup\okhttp3\okhttp\3.11.0\okhttp-3.11.0.jar;C:\Users\ASUS\.m2\repository\com\squareup\okio\okio\1.14.0\okio-1.14.0.jar;C:\Users\ASUS\.m2\repository\net\masterthought\cucumber-reporting\5.7.4\cucumber-reporting-5.7.4.jar;C:\Users\ASUS\.m2\repository\com\fasterxml\jackson\core\jackson-databind\2.13.2.2\jackson-databind-2.13.2.2.jar;C:\Users\ASUS\.m2\repository\com\fasterxml\jackson\core\jackson-annotations\2.13.2\jackson-annotations-2.13.2.jar;C:\Users\ASUS\.m2\repository\com\fasterxml\jackson\core\jackson-core\2.13.2\jackson-core-2.13.2.jar;C:\Users\ASUS\.m2\repository\com\fasterxml\jackson\datatype\jackson-datatype-jsr310\2.13.2\jackson-datatype-jsr310-2.13.2.jar;C:\Users\ASUS\.m2\repository\org\apache\velocity\velocity-engine-core\2.3\velocity-engine-core-2.3.jar;C:\Users\ASUS\.m2\repository\org\slf4j\slf4j-api\1.7.30\slf4j-api-1.7.30.jar;C:\Users\ASUS\.m2\repository\org\apache\commons\commons-collections4\4.4\commons-collections4-4.4.jar;C:\Users\ASUS\.m2\repository\joda-time\joda-time\2.10.14\joda-time-2.10.14.jar;C:\Users\ASUS\.m2\repository\org\apache\commons\commons-lang3\3.12.0\commons-lang3-3.12.0.jar;C:\Users\ASUS\.m2\repository\commons-io\commons-io\2.7\commons-io-2.7.jar;C:\Users\ASUS\.m2\repository\org\codehaus\plexus\plexus-utils\3.4.2\plexus-utils-3.4.2.jar;C:\Users\ASUS\.m2\repository\org\jsoup\jsoup\1.15.3\jsoup-1.15.3.jar;C:\Users\ASUS\.m2\repository\com\googlecode\owasp-java-html-sanitizer\owasp-java-html-sanitizer\20211018.2\owasp-java-html-sanitizer-20211018.2.jar;C:\Users\ASUS\.m2\repository\commons-configuration\commons-configuration\1.10\commons-configuration-1.10.jar;C:\Users\ASUS\.m2\repository\commons-lang\commons-lang\2.6\commons-lang-2.6.jar;C:\Users\ASUS\.m2\repository\commons-logging\commons-logging\1.1.1\commons-logging-1.1.1.jar;C:\Users\ASUS\.m2\repository\junit\junit\4.13.2\junit-4.13.2.jar;C:\Users\ASUS\.m2\repository\org\hamcrest\hamcrest-core\1.3\hamcrest-core-1.3.jar;"/>
    <property name="java.vm.vendor" value="Oracle Corporation"/>
    <property name="sun.arch.data.model" value="64"/>
    <property name="user.variant" value=""/>
    <property name="java.vendor.url" value="https://java.oracle.com/"/>
    <property name="user.timezone" value="Asia/Calcutta"/>
    <property name="os.name" value="Windows 11"/>
    <property name="java.vm.specification.version" value="25"/>
    <property name="sun.java.launcher" value="SUN_STANDARD"/>
    <property name="user.country" value="IN"/>
    <property name="sun.boot.library.path" value="C:\Program Files\jdk-25.0.1\bin"/>
    <property name="sun.java.command" value="C:\Users\ASUS\AppData\Local\Temp\surefire12921528752132373193\surefirebooter-20251122201047939_3.jar C:\Users\ASUS\AppData\Local\Temp\surefire12921528752132373193 2025-11-22T20-10-47_773-jvmRun1 surefire-20251122201047939_1tmp surefire_0-20251122201047939_2tmp"/>
    <property name="jdk.debug" value="release"/>
    <property name="surefire.test.class.path" value="C:\Users\ASUS\eclipse-workspace\CucumberJava01\target\test-classes;C:\Users\ASUS\eclipse-workspace\CucumberJava01\target\classes;C:\Users\ASUS\.m2\repository\io\cucumber\cucumber-java\7.18.0\cucumber-java-7.18.0.jar;C:\Users\ASUS\.m2\repository\org\apiguardian\apiguardian-api\1.1.2\apiguardian-api-1.1.2.jar;C:\Users\ASUS\.m2\repository\io\cucumber\cucumber-junit\7.18.0\cucumber-junit-7.18.0.jar;C:\Users\ASUS\.m2\repository\io\cucumber\cucumber-core\7.18.0\cucumber-core-7.18.0.jar;C:\Users\ASUS\.m2\repository\io\cucumber\cucumber-gherkin\7.18.0\cucumber-gherkin-7.18.0.jar;C:\Users\ASUS\.m2\repository\io\cucumber\cucumber-gherkin-messages\7.18.0\cucumber-gherkin-messages-7.18.0.jar;C:\Users\ASUS\.m2\repository\io\cucumber\gherkin\28.0.0\gherkin-28.0.0.jar;C:\Users\ASUS\.m2\repository\io\cucumber\messages\24.1.0\messages-24.1.0.jar;C:\Users\ASUS\.m2\repository\io\cucumber\testng-xml-formatter\0.1.0\testng-xml-formatter-0.1.0.jar;C:\Users\ASUS\.m2\repository\io\cucumber\query\12.2.0\query-12.2.0.jar;C:\Users\ASUS\.m2\repository\io\cucumber\tag-expressions\6.1.0\tag-expressions-6.1.0.jar;C:\Users\ASUS\.m2\repository\io\cucumber\cucumber-expressions\17.1.0\cucumber-expressions-17.1.0.jar;C:\Users\ASUS\.m2\repository\io\cucumber\datatable\7.18.0\datatable-7.18.0.jar;C:\Users\ASUS\.m2\repository\io\cucumber\cucumber-plugin\7.18.0\cucumber-plugin-7.18.0.jar;C:\Users\ASUS\.m2\repository\io\cucumber\docstring\7.18.0\docstring-7.18.0.jar;C:\Users\ASUS\.m2\repository\io\cucumber\html-formatter\21.3.1\html-formatter-21.3.1.jar;C:\Users\ASUS\.m2\repository\io\cucumber\junit-xml-formatter\0.4.0\junit-xml-formatter-0.4.0.jar;C:\Users\ASUS\.m2\repository\io\cucumber\ci-environment\10.0.1\ci-environment-10.0.1.jar;C:\Users\ASUS\.m2\repository\com\google\protobuf\protobuf-java\3.25.3\protobuf-java-3.25.3.jar;C:\Users\ASUS\.m2\repository\org\seleniumhq\selenium\selenium-java\3.141.59\selenium-java-3.141.59.jar;C:\Users\ASUS\.m2\repository\org\seleniumhq\selenium\selenium-api\3.141.59\selenium-api-3.141.59.jar;C:\Users\ASUS\.m2\repository\org\seleniumhq\selenium\selenium-chrome-driver\3.141.59\selenium-chrome-driver-3.141.59.jar;C:\Users\ASUS\.m2\repository\org\seleniumhq\selenium\selenium-edge-driver\3.141.59\selenium-edge-driver-3.141.59.jar;C:\Users\ASUS\.m2\repository\org\seleniumhq\selenium\selenium-firefox-driver\3.141.59\selenium-firefox-driver-3.141.59.jar;C:\Users\ASUS\.m2\repository\org\seleniumhq\selenium\selenium-ie-driver\3.141.59\selenium-ie-driver-3.141.59.jar;C:\Users\ASUS\.m2\repository\org\seleniumhq\selenium\selenium-opera-driver\3.141.59\selenium-opera-driver-3.141.59.jar;C:\Users\ASUS\.m2\repository\org\seleniumhq\selenium\selenium-remote-driver\3.141.59\selenium-remote-driver-3.141.59.jar;C:\Users\ASUS\.m2\repository\org\seleniumhq\selenium\selenium-safari-driver\3.141.59\selenium-safari-driver-3.141.59.jar;C:\Users\ASUS\.m2\repository\org\seleniumhq\selenium\selenium-support\3.141.59\selenium-support-3.141.59.jar;C:\Users\ASUS\.m2\repository\net\bytebuddy\byte-buddy\1.8.15\byte-buddy-1.8.15.jar;C:\Users\ASUS\.m2\repository\org\apache\commons\commons-exec\1.3\commons-exec-1.3.jar;C:\Users\ASUS\.m2\repository\com\google\guava\guava\25.0-jre\guava-25.0-jre.jar;C:\Users\ASUS\.m2\repository\com\google\code\findbugs\jsr305\1.3.9\jsr305-1.3.9.jar;C:\Users\ASUS\.m2\repository\org\checkerframework\checker-compat-qual\2.0.0\checker-compat-qual-2.0.0.jar;C:\Users\ASUS\.m2\repository\com\google\errorprone\error_prone_annotations\2.1.3\error_prone_annotations-2.1.3.jar;C:\Users\ASUS\.m2\repository\com\google\j2objc\j2objc-annotations\1.1\j2objc-annotations-1.1.jar;C:\Users\ASUS\.m2\repository\org\codehaus\mojo\animal-sniffer-annotations\1.14\animal-sniffer-annotations-1.14.jar;C:\Users\ASUS\.m2\repository\com\squareup\okhttp3\okhttp\3.11.0\okhttp-3.11.0.jar;C:\Users\ASUS\.m2\repository\com\squareup\okio\okio\1.14.0\okio-1.14.0.jar;C:\Users\ASUS\.m2\repository\net\masterthought\cucumber-reporting\5.7.4\cucumber-reporting-5.7.4.jar;C:\Users\ASUS\.m2\repository\com\fasterxml\jackson\core\jackson-databind\2.13.2.2\jackson-databind-2.13.2.2.jar;C:\Users\ASUS\.m2\repository\com\fasterxml\jackson\core\jackson-annotations\2.13.2\jackson-annotations-2.13.2.jar;C:\Users\ASUS\.m2\repository\com\fasterxml\jackson\core\jackson-core\2.13.2\jackson-core-2.13.2.jar;C:\Users\ASUS\.m2\repository\com\fasterxml\jackson\datatype\jackson-datatype-jsr310\2.13.2\jackson-datatype-jsr310-2.13.2.jar;C:\Users\ASUS\.m2\repository\org\apache\velocity\velocity-engine-core\2.3\velocity-engine-core-2.3.jar;C:\Users\ASUS\.m2\repository\org\slf4j\slf4j-api\1.7.30\slf4j-api-1.7.30.jar;C:\Users\ASUS\.m2\repository\org\apache\commons\commons-collections4\4.4\commons-collections4-4.4.jar;C:\Users\ASUS\.m2\repository\joda-time\joda-time\2.10.14\joda-time-2.10.14.jar;C:\Users\ASUS\.m2\repository\org\apache\commons\commons-lang3\3.12.0\commons-lang3-3.12.0.jar;C:\Users\ASUS\.m2\repository\commons-io\commons-io\2.7\commons-io-2.7.jar;C:\Users\ASUS\.m2\repository\org\codehaus\plexus\plexus-utils\3.4.2\plexus-utils-3.4.2.jar;C:\Users\ASUS\.m2\repository\org\jsoup\jsoup\1.15.3\jsoup-1.15.3.jar;C:\Users\ASUS\.m2\repository\com\googlecode\owasp-java-html-sanitizer\owasp-java-html-sanitizer\20211018.2\owasp-java-html-sanitizer-20211018.2.jar;C:\Users\ASUS\.m2\repository\commons-configuration\commons-configuration\1.10\commons-configuration-1.10.jar;C:\Users\ASUS\.m2\repository\commons-lang\commons-lang\2.6\commons-lang-2.6.jar;C:\Users\ASUS\.m2\repository\commons-logging\commons-logging\1.1.1\commons-logging-1.1.1.jar;C:\Users\ASUS\.m2\repository\junit\junit\4.13.2\junit-4.13.2.jar;C:\Users\ASUS\.m2\repository\org\hamcrest\hamcrest-core\1.3\hamcrest-core-1.3.jar;"/>
    <property name="sun.cpu.endian" value="little"/>
    <property name="user.home" value="C:\Users\ASUS"/>
    <property name="user.language" value="en"/>
    <property name="java.specification.vendor" value="Oracle Corporation"/>
    <property name="java.version.date" value="2025-10-21"/>
    <property name="java.home" value="C:\Program Files\jdk-25.0.1"/>
    <property name="file.separator" value="\"/>
    <property name="basedir" value="C:\Users\ASUS\eclipse-workspace\CucumberJava01"/>
    <property name="java.vm.compressedOopsMode" value="32-bit"/>
    <property name="line.separator" value="&#10;"/>
    <property name="java.vm.specification.vendor" value="Oracle Corporation"/>
    <property name="java.specification.name" value="Java Platform API Specification"/>
    <property name="surefire.real.class.path" value="C:\Users\ASUS\AppData\Local\Temp\surefire12921528752132373193\surefirebooter-20251122201047939_3.jar"/>
    <property name="user.script" value=""/>
    <property name="sun.management.compiler" value="HotSpot 64-Bit Tiered Compilers"/>
    <property name="java.runtime.version" value="25.0.1+8-27"/>
    <property name="user.name" value="ASUS"/>
    <property name="stdout.encoding" value="Cp1252"/>
    <property name="path.separator" value=";"/>
    <property name="os.version" value="10.0"/>
    <property name="java.runtime.name" value="OpenJDK Runtime Environment"/>
    <property name="file.encoding" value="UTF-8"/>
    <property name="java.vm.name" value="OpenJDK 64-Bit Server VM"/>
    <property name="localRepository" value="C:\Users\ASUS\.m2\repository"/>
    <property name="java.vendor.url.bug" value="https://bugreport.java.com/bugreport/"/>
    <property name="java.io.tmpdir" value="C:\Users\ASUS\AppData\Local\Temp\"/>
    <property name="java.version" value="25.0.1"/>
    <property name="user.dir" value="C:\Users\ASUS\eclipse-workspace\CucumberJava01"/>
    <property name="os.arch" value="amd64"/>
    <property name="java.vm.specification.name" value="Java Virtual Machine Specification"/>
    <property name="sun.os.patch.level" value=""/>
    <property name="native.encoding" value="Cp1252"/>
    <property name="java.library.path" value="C:\Program Files\jdk-25.0.1\bin;C:\WINDOWS\Sun\Java\bin;C:\WINDOWS\system32;C:\WINDOWS;C:\WINDOWS\system32;C:\WINDOWS;C:\WINDOWS\System32\Wbem;C:\WINDOWS\System32\WindowsPowerShell\v1.0\;C:\WINDOWS\System32\OpenSSH\;C:\Program Files\Redis\;C:\Program Files\ffmpeg-2025-07-21-git-8cdb47e47a-essentials_build\bin;C:\src\flutter\bin;C:\Program Files\OpenSSL-Win64\bin;C:\Program Files\nodejs\;C:\Program Files\Tailscale\;C:\Program Files\jdk-25.0.1\bin;C:\Program Files\apache-maven-3.9.11\bin;C:\Users\ASUS\AppData\Local\Programs\Python\Python311\Scripts\;C:\Users\ASUS\AppData\Local\Programs\Python\Python311\;C:\Users\ASUS\AppData\Local\Microsoft\WindowsApps;C:\Users\ASUS\AppData\Local\Programs\Microsoft VS Code\bin;C:\Users\ASUS\AppData\Roaming\npm;."/>
    <property name="java.vm.info" value="mixed mode, sharing"/>
    <property name="stderr.encoding" value="Cp1252"/>
    <property name="java.vendor" value="Oracle Corporation"/>
    <property name="java.vm.version" value="25.0.1+8-27"/>
    <property name="stdin.encoding" value="Cp1252"/>
    <property name="sun.io.unicode.encoding" value="UnicodeLittle"/>
    <property name="java.class.version" value="69.0"/>
  </properties>
  <testcase name="Check login is successful with valid credentials" classname="feature to test login funtionality" time="16.214">
    <system-out><![CDATA[
@Validcredentials
Scenario Outline: Check login is successful with valid credentials &amp#27;[90m# src/test/resources/Features/login.feature:18&amp#27;[0m
Login Page
  &amp#27;[32mGiven &amp#27;[0m&amp#27;[32muser in on login page&amp#27;[0m                                      &amp#27;[90m# LoginPage.LoginSteps.user_in_on_login_page()&amp#27;[0m
Valid Credentials entered
  &amp#27;[32mWhen &amp#27;[0m&amp#27;[32muser enters valid credentials &amp#27;[0m&amp#27;[32m&amp#27;[1mAkash_QA1&amp#27;[0m&amp#27;[32m and &amp#27;[0m&amp#27;[32m&amp#27;[1mroot@1234&amp#27;[0m       &amp#27;[90m# LoginPage.LoginSteps.user_enters_valid_username_password(java.lang.String,java.lang.String)&amp#27;[0m
Clicked Signin option
  &amp#27;[32mAnd &amp#27;[0m&amp#27;[32mclicks on sign in button&amp#27;[0m                                     &amp#27;[90m# LoginPage.LoginSteps.click_on_signin_button()&amp#27;[0m
User navigated to Dashboard page
  &amp#27;[32mThen &amp#27;[0m&amp#27;[32muser is navigated to main Dashboard&amp#27;[0m                         &amp#27;[90m# LoginPage.LoginSteps.user_navigated_to_Dashboard()&amp#27;[0m
Clicked menu option
  &amp#27;[32mAnd &amp#27;[0m&amp#27;[32muser click open menu option&amp#27;[0m                                  &amp#27;[90m# LoginPage.LoginSteps.menu_option()&amp#27;[0m
Clicked logout option
  &amp#27;[32mWhen &amp#27;[0m&amp#27;[32muser click logout option&amp#27;[0m                                    &amp#27;[90m# LoginPage.LoginSteps.logout_option()&amp#27;[0m
Navigated back to login page
  &amp#27;[32mThen &amp#27;[0m&amp#27;[32muser navigated back to Login page&amp#27;[0m                           &amp#27;[90m# LoginPage.LoginSteps.Login_page()&amp#27;[0m
Test case executed
]]></system-out>
    <system-err><![CDATA[Starting ChromeDriver 141.0.7390.122 (b477534e7e10d193e916cd4e2967c589383625b2-refs/branch-heads/7390@{#2667}) on port 47517
Only local connections are allowed.
Please see https://chromedriver.chromium.org/security-considerations for suggestions on keeping ChromeDriver safe.
ChromeDriver was started successfully on port 47517.
[1763822788.686][WARNING]: This version of ChromeDriver has not been tested with Chrome version 142.
Nov 22, 2025 8:16:28 PM org.openqa.selenium.remote.ProtocolHandshake createSession
INFO: Detected dialect: W3C
]]></system-err>
  </testcase>
  <testcase name="Check login is unsuccessful with Invalid username" classname="feature to test login funtionality" time="12.937">
    <system-out><![CDATA[
@InvalidUsername
Scenario Outline: Check login is unsuccessful with Invalid username &amp#27;[90m# src/test/resources/Features/login.feature:29&amp#27;[0m
Login Page
  &amp#27;[32mGiven &amp#27;[0m&amp#27;[32muser in on login page&amp#27;[0m                                       &amp#27;[90m# LoginPage.LoginSteps.user_in_on_login_page()&amp#27;[0m
Invalid username entered
  &amp#27;[32mWhen &amp#27;[0m&amp#27;[32muser enters Invalid &amp#27;[0m&amp#27;[32m&amp#27;[1mAkash&amp#27;[0m&amp#27;[32m and &amp#27;[0m&amp#27;[32m&amp#27;[1mroot@1234&amp#27;[0m                      &amp#27;[90m# LoginPage.LoginSteps.Invalid_Username(java.lang.String,java.lang.String)&amp#27;[0m
Clicked Signin option
  &amp#27;[32mAnd &amp#27;[0m&amp#27;[32mclicks on sign in button&amp#27;[0m                                      &amp#27;[90m# LoginPage.LoginSteps.click_on_signin_button()&amp#27;[0m
  &amp#27;[32mThen &amp#27;[0m&amp#27;[32mThrowing exception Invalid username&amp#27;[0m                          &amp#27;[90m# LoginPage.LoginSteps.Invalid_exception()&amp#27;[0m
Test case executed
]]></system-out>
    <system-err><![CDATA[Starting ChromeDriver 141.0.7390.122 (b477534e7e10d193e916cd4e2967c589383625b2-refs/branch-heads/7390@{#2667}) on port 44282
Only local connections are allowed.
Please see https://chromedriver.chromium.org/security-considerations for suggestions on keeping ChromeDriver safe.
ChromeDriver was started successfully on port 44282.
[1763822804.883][WARNING]: This version of ChromeDriver has not been tested with Chrome version 142.
Nov 22, 2025 8:16:44 PM org.openqa.selenium.remote.ProtocolHandshake createSession
INFO: Detected dialect: W3C
]]></system-err>
  </testcase>
  <testcase name="Check login is unsuccessful with Invalid password" classname="feature to test login funtionality" time="10.11">
    <failure message="expected:&lt;[Expectedoutput: Invalid Username or Password.]&gt; but was:&lt;[Password must be at least 6 characters]&gt;" type="org.junit.ComparisonFailure"><![CDATA[org.junit.ComparisonFailure: expected:<[Expectedoutput: Invalid Username or Password.]> but was:<[Password must be at least 6 characters]>
	at org.junit.Assert.assertEquals(Assert.java:117)
	at org.junit.Assert.assertEquals(Assert.java:146)
	at LoginPage.LoginSteps.Invalidpwd_exception(LoginSteps.java:117)
	at ✽.Throwing exception Invalid password(file:///C:/Users/ASUS/eclipse-workspace/CucumberJava01/src/test/resources/Features/login.feature:36)
]]></failure>
    <system-out><![CDATA[
@InvalidPassword
Scenario Outline: Check login is unsuccessful with Invalid password &amp#27;[90m# src/test/resources/Features/login.feature:40&amp#27;[0m
Login Page
  &amp#27;[32mGiven &amp#27;[0m&amp#27;[32muser in on login page&amp#27;[0m                                       &amp#27;[90m# LoginPage.LoginSteps.user_in_on_login_page()&amp#27;[0m
Invalid password entered
  &amp#27;[32mWhen &amp#27;[0m&amp#27;[32muser enters &amp#27;[0m&amp#27;[32m&amp#27;[1mAkash_QA1&amp#27;[0m&amp#27;[32m and Invalid &amp#27;[0m&amp#27;[32m&amp#27;[1mroot&amp#27;[0m                       &amp#27;[90m# LoginPage.LoginSteps.Invalid_Password(java.lang.String,java.lang.String)&amp#27;[0m
Clicked Signin option
  &amp#27;[32mAnd &amp#27;[0m&amp#27;[32mclicks on sign in button&amp#27;[0m                                      &amp#27;[90m# LoginPage.LoginSteps.click_on_signin_button()&amp#27;[0m
  &amp#27;[31mThen &amp#27;[0m&amp#27;[31mThrowing exception Invalid password&amp#27;[0m                          &amp#27;[90m# LoginPage.LoginSteps.Invalidpwd_exception()&amp#27;[0m
      &amp#27;[31morg.junit.ComparisonFailure: expected:<[Expectedoutput: Invalid Username or Password.]> but was:<[Password must be at least 6 characters]>
	at org.junit.Assert.assertEquals(Assert.java:117)
	at org.junit.Assert.assertEquals(Assert.java:146)
	at LoginPage.LoginSteps.Invalidpwd_exception(LoginSteps.java:117)
	at ✽.Throwing exception Invalid password(file:///C:/Users/ASUS/eclipse-workspace/CucumberJava01/src/test/resources/Features/login.feature:36)
&amp#27;[0m
Test case executed
]]></system-out>
    <system-err><![CDATA[Starting ChromeDriver 141.0.7390.122 (b477534e7e10d193e916cd4e2967c589383625b2-refs/branch-heads/7390@{#2667}) on port 51691
Only local connections are allowed.
Please see https://chromedriver.chromium.org/security-considerations for suggestions on keeping ChromeDriver safe.
ChromeDriver was started successfully on port 51691.
[1763822817.831][WARNING]: This version of ChromeDriver has not been tested with Chrome version 142.
Nov 22, 2025 8:16:57 PM org.openqa.selenium.remote.ProtocolHandshake createSession
INFO: Detected dialect: W3C
]]></system-err>
  </testcase>
  <testcase name="Check login is unsuccessful with empty credentials" classname="feature to test login funtionality" time="8.671">
    <system-out><![CDATA[
@EmptyCredentials
Scenario Outline: Check login is unsuccessful with empty credentials    &amp#27;[90m# src/test/resources/Features/login.feature:51&amp#27;[0m
Login Page
  &amp#27;[32mGiven &amp#27;[0m&amp#27;[32muser in on login page&amp#27;[0m                                           &amp#27;[90m# LoginPage.LoginSteps.user_in_on_login_page()&amp#27;[0m
Empty Username and Password
  &amp#27;[32mWhen &amp#27;[0m&amp#27;[32muser enters empty  and empty &amp#27;[0m                                    &amp#27;[90m# LoginPage.LoginSteps.emptycredentials()&amp#27;[0m
Clicked Signin option
  &amp#27;[32mAnd &amp#27;[0m&amp#27;[32mclicks on sign in button&amp#27;[0m                                          &amp#27;[90m# LoginPage.LoginSteps.click_on_signin_button()&amp#27;[0m
Username is required Password is required
  &amp#27;[32mThen &amp#27;[0m&amp#27;[32mThrowing exception Username is required and Password is required&amp#27;[0m &amp#27;[90m# LoginPage.LoginSteps.empty_case()&amp#27;[0m
Test case executed
]]></system-out>
    <system-err><![CDATA[Starting ChromeDriver 141.0.7390.122 (b477534e7e10d193e916cd4e2967c589383625b2-refs/branch-heads/7390@{#2667}) on port 16300
Only local connections are allowed.
Please see https://chromedriver.chromium.org/security-considerations for suggestions on keeping ChromeDriver safe.
ChromeDriver was started successfully on port 16300.
[1763822827.951][WARNING]: This version of ChromeDriver has not been tested with Chrome version 142.
Nov 22, 2025 8:17:07 PM org.openqa.selenium.remote.ProtocolHandshake createSession
INFO: Detected dialect: W3C
]]></system-err>
  </testcase>
  <testcase name="Check range of the username #1" classname="feature to test login funtionality" time="9.845">
    <system-out><![CDATA[
@UsernamelessRange
Scenario Outline: Check range of the username                    &amp#27;[90m# src/test/resources/Features/login.feature:62&amp#27;[0m
Login Page
  &amp#27;[32mGiven &amp#27;[0m&amp#27;[32muser in on login page&amp#27;[0m                                    &amp#27;[90m# LoginPage.LoginSteps.user_in_on_login_page()&amp#27;[0m
Entered less character username and valid password
  &amp#27;[32mWhen &amp#27;[0m&amp#27;[32muser enter less than 3 characters &amp#27;[0m&amp#27;[32m&amp#27;[1mab&amp#27;[0m&amp#27;[32m and valid &amp#27;[0m&amp#27;[32m&amp#27;[1mroot@1234&amp#27;[0m  &amp#27;[90m# LoginPage.LoginSteps.lesscharacter_username(java.lang.String,java.lang.String)&amp#27;[0m
Clicked Signin option
  &amp#27;[32mAnd &amp#27;[0m&amp#27;[32mclicks on sign in button&amp#27;[0m                                   &amp#27;[90m# LoginPage.LoginSteps.click_on_signin_button()&amp#27;[0m
  &amp#27;[32mThen &amp#27;[0m&amp#27;[32mThrowing exception Username must be at least 3 characters&amp#27;[0m &amp#27;[90m# LoginPage.LoginSteps.less_username()&amp#27;[0m
Test case executed
]]></system-out>
    <system-err><![CDATA[Starting ChromeDriver 141.0.7390.122 (b477534e7e10d193e916cd4e2967c589383625b2-refs/branch-heads/7390@{#2667}) on port 40712
Only local connections are allowed.
Please see https://chromedriver.chromium.org/security-considerations for suggestions on keeping ChromeDriver safe.
ChromeDriver was started successfully on port 40712.
[1763822836.689][WARNING]: This version of ChromeDriver has not been tested with Chrome version 142.
Nov 22, 2025 8:17:16 PM org.openqa.selenium.remote.ProtocolHandshake createSession
INFO: Detected dialect: W3C
]]></system-err>
  </testcase>
  <testcase name="Check range of the password #1" classname="feature to test login funtionality" time="8.662">
    <system-out><![CDATA[
@PasswordlessRange
Scenario Outline: Check range of the password                        &amp#27;[90m# src/test/resources/Features/login.feature:73&amp#27;[0m
Login Page
  &amp#27;[32mGiven &amp#27;[0m&amp#27;[32muser in on login page&amp#27;[0m                                        &amp#27;[90m# LoginPage.LoginSteps.user_in_on_login_page()&amp#27;[0m
Entered less character password and valid username
  &amp#27;[32mWhen &amp#27;[0m&amp#27;[32muser enter valid &amp#27;[0m&amp#27;[32m&amp#27;[1mAkash_QA1&amp#27;[0m&amp#27;[32m and less than 6 characters in &amp#27;[0m&amp#27;[32m&amp#27;[1mroot&amp#27;[0m &amp#27;[90m# LoginPage.LoginSteps.lesscharacter_password(java.lang.String,java.lang.String)&amp#27;[0m
Clicked Signin option
  &amp#27;[32mAnd &amp#27;[0m&amp#27;[32mclicks on sign in button&amp#27;[0m                                       &amp#27;[90m# LoginPage.LoginSteps.click_on_signin_button()&amp#27;[0m
  &amp#27;[32mThen &amp#27;[0m&amp#27;[32mThrow exception Password must be at least 6 characters&amp#27;[0m        &amp#27;[90m# LoginPage.LoginSteps.less_pwd()&amp#27;[0m
Test case executed
]]></system-out>
    <system-err><![CDATA[Starting ChromeDriver 141.0.7390.122 (b477534e7e10d193e916cd4e2967c589383625b2-refs/branch-heads/7390@{#2667}) on port 62265
Only local connections are allowed.
Please see https://chromedriver.chromium.org/security-considerations for suggestions on keeping ChromeDriver safe.
ChromeDriver was started successfully on port 62265.
[1763822846.602][WARNING]: This version of ChromeDriver has not been tested with Chrome version 142.
Nov 22, 2025 8:17:26 PM org.openqa.selenium.remote.ProtocolHandshake createSession
INFO: Detected dialect: W3C
]]></system-err>
  </testcase>
  <testcase name="Check range of the username #2" classname="feature to test login funtionality" time="8.466">
    <system-out><![CDATA[
@UsernamemoreRange
Scenario Outline: Check range of the username                                           &amp#27;[90m# src/test/resources/Features/login.feature:84&amp#27;[0m
Login Page
  &amp#27;[32mGiven &amp#27;[0m&amp#27;[32muser in on login page&amp#27;[0m                                                           &amp#27;[90m# LoginPage.LoginSteps.user_in_on_login_page()&amp#27;[0m
Entered 20 character in username
  &amp#27;[32mWhen &amp#27;[0m&amp#27;[32muser enter more than 20 characters in &amp#27;[0m&amp#27;[32m&amp#27;[1mabcdefghijklmnopqrstuv&amp#27;[0m&amp#27;[32m and valid &amp#27;[0m&amp#27;[32m&amp#27;[1mroot@1234&amp#27;[0m &amp#27;[90m# LoginPage.LoginSteps.morecharacter_username(java.lang.String,java.lang.String)&amp#27;[0m
Clicked Signin option
  &amp#27;[32mAnd &amp#27;[0m&amp#27;[32mclicks on sign in button&amp#27;[0m                                                          &amp#27;[90m# LoginPage.LoginSteps.click_on_signin_button()&amp#27;[0m
  &amp#27;[32mThen &amp#27;[0m&amp#27;[32mThrow exception Username must be no more than 20 characters&amp#27;[0m                      &amp#27;[90m# LoginPage.LoginSteps.usr_morerange()&amp#27;[0m
Test case executed
]]></system-out>
    <system-err><![CDATA[Starting ChromeDriver 141.0.7390.122 (b477534e7e10d193e916cd4e2967c589383625b2-refs/branch-heads/7390@{#2667}) on port 30575
Only local connections are allowed.
Please see https://chromedriver.chromium.org/security-considerations for suggestions on keeping ChromeDriver safe.
ChromeDriver was started successfully on port 30575.
[1763822855.180][WARNING]: This version of ChromeDriver has not been tested with Chrome version 142.
Nov 22, 2025 8:17:35 PM org.openqa.selenium.remote.ProtocolHandshake createSession
INFO: Detected dialect: W3C
]]></system-err>
  </testcase>
  <testcase name="Check range of the password #2" classname="feature to test login funtionality" time="9.463">
    <failure message="expected:&lt;[Password must be no more than 24 characters]&gt; but was:&lt;[Invalid Username or Password.]&gt;" type="org.junit.ComparisonFailure"><![CDATA[org.junit.ComparisonFailure: expected:<[Password must be no more than 24 characters]> but was:<[Invalid Username or Password.]>
	at org.junit.Assert.assertEquals(Assert.java:117)
	at org.junit.Assert.assertEquals(Assert.java:146)
	at LoginPage.LoginSteps.pwd_morerange(LoginSteps.java:202)
	at ✽.Throw password must be more than 24 characters exception(file:///C:/Users/ASUS/eclipse-workspace/CucumberJava01/src/test/resources/Features/login.feature:91)
]]></failure>
    <system-out><![CDATA[
@PasswordmoreRange
Scenario Outline: Check range of the password                                                    &amp#27;[90m# src/test/resources/Features/login.feature:95&amp#27;[0m
Login Page
  &amp#27;[32mGiven &amp#27;[0m&amp#27;[32muser in on login page&amp#27;[0m                                                                    &amp#27;[90m# LoginPage.LoginSteps.user_in_on_login_page()&amp#27;[0m
Entered 24 characters in password
  &amp#27;[32mWhen &amp#27;[0m&amp#27;[32muser enter valid &amp#27;[0m&amp#27;[32m&amp#27;[1mAkash_QA1&amp#27;[0m&amp#27;[32m and more than 24 characters &amp#27;[0m&amp#27;[32m&amp#27;[1mabcdefghijklmnopqrstuvwxyzabcdefgh&amp#27;[0m &amp#27;[90m# LoginPage.LoginSteps.morecharacter_password(java.lang.String,java.lang.String)&amp#27;[0m
Clicked Signin option
  &amp#27;[32mAnd &amp#27;[0m&amp#27;[32mclicks on sign in button&amp#27;[0m                                                                   &amp#27;[90m# LoginPage.LoginSteps.click_on_signin_button()&amp#27;[0m
  &amp#27;[31mThen &amp#27;[0m&amp#27;[31mThrow password must be more than 24 characters exception&amp#27;[0m                                  &amp#27;[90m# LoginPage.LoginSteps.pwd_morerange()&amp#27;[0m
      &amp#27;[31morg.junit.ComparisonFailure: expected:<[Password must be no more than 24 characters]> but was:<[Invalid Username or Password.]>
	at org.junit.Assert.assertEquals(Assert.java:117)
	at org.junit.Assert.assertEquals(Assert.java:146)
	at LoginPage.LoginSteps.pwd_morerange(LoginSteps.java:202)
	at ✽.Throw password must be more than 24 characters exception(file:///C:/Users/ASUS/eclipse-workspace/CucumberJava01/src/test/resources/Features/login.feature:91)
&amp#27;[0m
Test case executed
]]></system-out>
    <system-err><![CDATA[Starting ChromeDriver 141.0.7390.122 (b477534e7e10d193e916cd4e2967c589383625b2-refs/branch-heads/7390@{#2667}) on port 44774
Only local connections are allowed.
Please see https://chromedriver.chromium.org/security-considerations for suggestions on keeping ChromeDriver safe.
ChromeDriver was started successfully on port 44774.
[1763822863.631][WARNING]: This version of ChromeDriver has not been tested with Chrome version 142.
Nov 22, 2025 8:17:43 PM org.openqa.selenium.remote.ProtocolHandshake createSession
INFO: Detected dialect: W3C
]]></system-err>
  </testcase>
  <testcase name="Check the case senstivity of username" classname="feature to test login funtionality" time="9.018">
    <system-out><![CDATA[
@Casesensitivitycheck
Scenario Outline: Check the case senstivity of username            &amp#27;[90m# src/test/resources/Features/login.feature:106&amp#27;[0m
Login Page
  &amp#27;[32mGiven &amp#27;[0m&amp#27;[32muser in on login page&amp#27;[0m                                      &amp#27;[90m# LoginPage.LoginSteps.user_in_on_login_page()&amp#27;[0m
Entered username without casesensitive
  &amp#27;[32mWhen &amp#27;[0m&amp#27;[32muser enters not casesensitive &amp#27;[0m&amp#27;[32m&amp#27;[1makash_qa1&amp#27;[0m&amp#27;[32m and valid &amp#27;[0m&amp#27;[32m&amp#27;[1mroot@1234&amp#27;[0m &amp#27;[90m# LoginPage.LoginSteps.casesensitive(java.lang.String,java.lang.String)&amp#27;[0m
Clicked Signin option
  &amp#27;[32mAnd &amp#27;[0m&amp#27;[32mclicks on sign in button&amp#27;[0m                                     &amp#27;[90m# LoginPage.LoginSteps.click_on_signin_button()&amp#27;[0m
  &amp#27;[32mThen &amp#27;[0m&amp#27;[32mThrowing exception Invalid casesensitive username&amp#27;[0m           &amp#27;[90m# LoginPage.LoginSteps.usr_case()&amp#27;[0m
Test case executed
]]></system-out>
    <system-err><![CDATA[Starting ChromeDriver 141.0.7390.122 (b477534e7e10d193e916cd4e2967c589383625b2-refs/branch-heads/7390@{#2667}) on port 26216
Only local connections are allowed.
Please see https://chromedriver.chromium.org/security-considerations for suggestions on keeping ChromeDriver safe.
ChromeDriver was started successfully on port 26216.
[1763822873.072][WARNING]: This version of ChromeDriver has not been tested with Chrome version 142.
Nov 22, 2025 8:17:53 PM org.openqa.selenium.remote.ProtocolHandshake createSession
INFO: Detected dialect: W3C
]]></system-err>
  </testcase>
</testsuite>