<?xml version="1.0" encoding="UTF-8"?>
<testsuite xmlns:xsi="http://www.w3.org/2001/XMLSchema-instance" xsi:noNamespaceSchemaLocation="https://maven.apache.org/surefire/maven-surefire-plugin/xsd/surefire-test-report-3.0.xsd" version="3.0" name="DeviceOrder.TestRunner_DeviceOrder" time="72.597" tests="4" errors="0" skipped="0" failures="0">
  <properties>
[...]
</properties>
  <testcase name="Provide new device details and order a device" classname="Testing Device Order Functionality" time="19.153">
    <system-out><![CDATA[
@ValidcaseDeviceOrder
Scenario Outline: Provide new device details and order a device &amp#27;[90m# src/test/resources/Features/DeviceOrder.feature:13&amp#27;[0m
Login Page
  &amp#27;[32mGiven &amp#27;[0m&amp#27;[32muser in on login page&amp#27;[0m                                   &amp#27;[90m# DeviceOrder.DeviceOrder.loginpage()&amp#27;[0m
  &amp#27;[32mAnd &amp#27;[0m&amp#27;[32mentered &amp#27;[0m&amp#27;[32m&amp#27;[1m"Akash_QA1"&amp#27;[0m&amp#27;[32m and &amp#27;[0m&amp#27;[32m&amp#27;[1m"root@1234"&amp#27;[0m                       &amp#27;[90m# DeviceOrder.DeviceOrder.credentials(java.lang.String,java.lang.String)&amp#27;[0m
  &amp#27;[32mThen &amp#27;[0m&amp#27;[32mclicks on sign in button&amp#27;[0m                                 &amp#27;[90m# DeviceOrder.DeviceOrder.signin()&amp#27;[0m
  &amp#27;[32mAnd &amp#27;[0m&amp#27;[32mUser click menu option&amp#27;[0m                                    &amp#27;[90m# DeviceOrder.DeviceOrder.menu()&amp#27;[0m
  &amp#27;[32mThen &amp#27;[0m&amp#27;[32mselect Device order menu&amp#27;[0m                                 &amp#27;[90m# DeviceOrder.DeviceOrder.deviceordermenu()&amp#27;[0m
https://appliedsni01/device-order

    Embedding DeviceOrder [image/png 22491 bytes]

  &amp#27;[32mAnd &amp#27;[0m&amp#27;[32muser redirected to Device order tab&amp#27;[0m                       &amp#27;[90m# DeviceOrder.DeviceOrder.Devicetab()&amp#27;[0m
  &amp#27;[32mThen &amp#27;[0m&amp#27;[32muser enter &amp#27;[0m&amp#27;[32m&amp#27;[1m"Camera 10"&amp#27;[0m                                   &amp#27;[90m# DeviceOrder.DeviceOrder.DvcName(java.lang.String)&amp#27;[0m
Device Type: Camera selected
  &amp#27;[32mAnd &amp#27;[0m&amp#27;[32mclick Device Type drop down and select the device type&amp#27;[0m    &amp#27;[90m# DeviceOrder.DeviceOrder.devicetype()&amp#27;[0m
  &amp#27;[32mThen &amp#27;[0m&amp#27;[32mclick Submit button&amp#27;[0m                                      &amp#27;[90m# DeviceOrder.DeviceOrder.order()&amp#27;[0m
Test case executed
]]></system-out>
    <system-err><![CDATA[Starting ChromeDriver 141.0.7390.122 (b477534e7e10d193e916cd4e2967c589383625b2-refs/branch-heads/7390@{#2667}) on port 24169
Only local connections are allowed.
Please see https://chromedriver.chromium.org/security-considerations for suggestions on keeping ChromeDriver safe.
ChromeDriver was started successfully on port 24169.
[1765630464.494][WARNING]: This version of ChromeDriver has not been tested with Chrome version 142.
Dec 13, 2025 6:24:24 PM org.openqa.selenium.remote.ProtocolHandshake createSession
INFO: Detected dialect: W3C
]]></system-err>
  </testcase>
  <testcase name="Testing negative case by providing same device name" classname="Testing Device Order Functionality" time="21.14">
    <system-out><![CDATA[
@SameDeviceName
Scenario Outline: Testing negative case by providing same device name &amp#27;[90m# src/test/resources/Features/DeviceOrder.feature:20&amp#27;[0m
Login Page
  &amp#27;[32mGiven &amp#27;[0m&amp#27;[32muser in on login page&amp#27;[0m                                         &amp#27;[90m# DeviceOrder.DeviceOrder.loginpage()&amp#27;[0m
  &amp#27;[32mAnd &amp#27;[0m&amp#27;[32mentered &amp#27;[0m&amp#27;[32m&amp#27;[1m"Akash_QA1"&amp#27;[0m&amp#27;[32m and &amp#27;[0m&amp#27;[32m&amp#27;[1m"root@1234"&amp#27;[0m                             &amp#27;[90m# DeviceOrder.DeviceOrder.credentials(java.lang.String,java.lang.String)&amp#27;[0m
  &amp#27;[32mThen &amp#27;[0m&amp#27;[32mclicks on sign in button&amp#27;[0m                                       &amp#27;[90m# DeviceOrder.DeviceOrder.signin()&amp#27;[0m
  &amp#27;[32mAnd &amp#27;[0m&amp#27;[32mUser click menu option&amp#27;[0m                                          &amp#27;[90m# DeviceOrder.DeviceOrder.menu()&amp#27;[0m
  &amp#27;[32mThen &amp#27;[0m&amp#27;[32mselect Device order menu&amp#27;[0m                                       &amp#27;[90m# DeviceOrder.DeviceOrder.deviceordermenu()&amp#27;[0m
https://appliedsni01/device-order

    Embedding DeviceOrder [image/png 22491 bytes]

  &amp#27;[32mAnd &amp#27;[0m&amp#27;[32muser redirected to Device order tab&amp#27;[0m                             &amp#27;[90m# DeviceOrder.DeviceOrder.Devicetab()&amp#27;[0m
  &amp#27;[32mAnd &amp#27;[0m&amp#27;[32muser enter the exsisting &amp#27;[0m&amp#27;[32m&amp#27;[1m"Camera 04"&amp#27;[0m                            &amp#27;[90m# DeviceOrder.DeviceOrder.Dname(java.lang.String)&amp#27;[0m
Device Type: Camera selected
  &amp#27;[32mThen &amp#27;[0m&amp#27;[32muser selected Device Type&amp#27;[0m                                      &amp#27;[90m# DeviceOrder.DeviceOrder.DvcTyp()&amp#27;[0m

    Embedding SameDeviceName [image/png 28278 bytes]

  &amp#27;[32mAnd &amp#27;[0m&amp#27;[32muser clicked submit button&amp#27;[0m                                      &amp#27;[90m# DeviceOrder.DeviceOrder.Dbutton()&amp#27;[0m
Device with name 'Camera 04' already exists.
  &amp#27;[32mThen &amp#27;[0m&amp#27;[32mDevice already exsist exception should be displayed&amp#27;[0m            &amp#27;[90m# DeviceOrder.DeviceOrder.exception()&amp#27;[0m
Test case executed
]]></system-out>
    <system-err><![CDATA[Starting ChromeDriver 141.0.7390.122 (b477534e7e10d193e916cd4e2967c589383625b2-refs/branch-heads/7390@{#2667}) on port 42943
Only local connections are allowed.
Please see https://chromedriver.chromium.org/security-considerations for suggestions on keeping ChromeDriver safe.
ChromeDriver was started successfully on port 42943.
[1765630483.553][WARNING]: This version of ChromeDriver has not been tested with Chrome version 142.
Dec 13, 2025 6:24:43 PM org.openqa.selenium.remote.ProtocolHandshake createSession
INFO: Detected dialect: W3C
]]></system-err>
  </testcase>
  <testcase name="Testing blank device name will be allowed or not in Device Order" classname="Testing Device Order Functionality" time="17.265">
    <system-out><![CDATA[
@BlankDeviceName
Scenario Outline: Testing blank device name will be allowed or not in Device Order &amp#27;[90m# src/test/resources/Features/DeviceOrder.feature:28&amp#27;[0m
Login Page
  &amp#27;[32mGiven &amp#27;[0m&amp#27;[32muser in on login page&amp#27;[0m                                                      &amp#27;[90m# DeviceOrder.DeviceOrder.loginpage()&amp#27;[0m
  &amp#27;[32mAnd &amp#27;[0m&amp#27;[32mentered &amp#27;[0m&amp#27;[32m&amp#27;[1m"Akash_QA1"&amp#27;[0m&amp#27;[32m and &amp#27;[0m&amp#27;[32m&amp#27;[1m"root@1234"&amp#27;[0m                                          &amp#27;[90m# DeviceOrder.DeviceOrder.credentials(java.lang.String,java.lang.String)&amp#27;[0m
  &amp#27;[32mThen &amp#27;[0m&amp#27;[32mclicks on sign in button&amp#27;[0m                                                    &amp#27;[90m# DeviceOrder.DeviceOrder.signin()&amp#27;[0m
  &amp#27;[32mAnd &amp#27;[0m&amp#27;[32mUser click menu option&amp#27;[0m                                                       &amp#27;[90m# DeviceOrder.DeviceOrder.menu()&amp#27;[0m
  &amp#27;[32mThen &amp#27;[0m&amp#27;[32mselect Device order menu&amp#27;[0m                                                    &amp#27;[90m# DeviceOrder.DeviceOrder.deviceordermenu()&amp#27;[0m
https://appliedsni01/device-order

    Embedding DeviceOrder [image/png 22491 bytes]

  &amp#27;[32mAnd &amp#27;[0m&amp#27;[32muser redirected to Device order tab&amp#27;[0m                                          &amp#27;[90m# DeviceOrder.DeviceOrder.Devicetab()&amp#27;[0m
Device Type: Camera selected
  &amp#27;[32mAnd &amp#27;[0m&amp#27;[32muser click Device Type Drop down and select Device type&amp#27;[0m                      &amp#27;[90m# DeviceOrder.DeviceOrder.Dtype()&amp#27;[0m
Opacity value from test step: 0.6
Opacity value from redirected page: 0.6

    Embedding BlankDeviceName [image/png 29440 bytes]

  &amp#27;[32mThen &amp#27;[0m&amp#27;[32mSubmit button opacity should be &amp#27;[0m&amp#27;[32m&amp#27;[1m"0.6"&amp#27;[0m                                       &amp#27;[90m# DeviceOrder.DeviceOrder.visible(java.lang.String)&amp#27;[0m
Test case executed
]]></system-out>
    <system-err><![CDATA[Starting ChromeDriver 141.0.7390.122 (b477534e7e10d193e916cd4e2967c589383625b2-refs/branch-heads/7390@{#2667}) on port 15771
Only local connections are allowed.
Please see https://chromedriver.chromium.org/security-considerations for suggestions on keeping ChromeDriver safe.
ChromeDriver was started successfully on port 15771.
[1765630504.963][WARNING]: This version of ChromeDriver has not been tested with Chrome version 142.
Dec 13, 2025 6:25:04 PM org.openqa.selenium.remote.ProtocolHandshake createSession
INFO: Detected dialect: W3C
]]></system-err>
  </testcase>
  <testcase name="Testing Device order without selecting Device Type" classname="Testing Device Order Functionality" time="14.969">
    <system-out><![CDATA[
@DeselectingDeviceType
Scenario Outline: Testing Device order without selecting Device Type           &amp#27;[90m# src/test/resources/Features/DeviceOrder.feature:34&amp#27;[0m
Login Page
  &amp#27;[32mGiven &amp#27;[0m&amp#27;[32muser in on login page&amp#27;[0m                                                  &amp#27;[90m# DeviceOrder.DeviceOrder.loginpage()&amp#27;[0m
  &amp#27;[32mAnd &amp#27;[0m&amp#27;[32mentered &amp#27;[0m&amp#27;[32m&amp#27;[1m"Akash_QA1"&amp#27;[0m&amp#27;[32m and &amp#27;[0m&amp#27;[32m&amp#27;[1m"root@1234"&amp#27;[0m                                      &amp#27;[90m# DeviceOrder.DeviceOrder.credentials(java.lang.String,java.lang.String)&amp#27;[0m
  &amp#27;[32mThen &amp#27;[0m&amp#27;[32mclicks on sign in button&amp#27;[0m                                                &amp#27;[90m# DeviceOrder.DeviceOrder.signin()&amp#27;[0m
  &amp#27;[32mAnd &amp#27;[0m&amp#27;[32mUser click menu option&amp#27;[0m                                                   &amp#27;[90m# DeviceOrder.DeviceOrder.menu()&amp#27;[0m
  &amp#27;[32mThen &amp#27;[0m&amp#27;[32mselect Device order menu&amp#27;[0m                                                &amp#27;[90m# DeviceOrder.DeviceOrder.deviceordermenu()&amp#27;[0m
https://appliedsni01/device-order

    Embedding DeviceOrder [image/png 22491 bytes]

  &amp#27;[32mAnd &amp#27;[0m&amp#27;[32muser redirected to Device order tab&amp#27;[0m                                      &amp#27;[90m# DeviceOrder.DeviceOrder.Devicetab()&amp#27;[0m
  &amp#27;[32mAnd &amp#27;[0m&amp#27;[32muser enter &amp#27;[0m&amp#27;[32m&amp#27;[1m"CameraTesting16"&amp#27;[0m                                             &amp#27;[90m# DeviceOrder.DeviceOrder.DvcName(java.lang.String)&amp#27;[0m
Opacity value from Test Step: 0.6
Opacity value from tesing window: 0.6

    Embedding DeselectingDeviceType [image/png 25719 bytes]

  &amp#27;[32mThen &amp#27;[0m&amp#27;[32mUser not selected Device Type and Submit button opacity should be &amp#27;[0m&amp#27;[32m&amp#27;[1m"0.6"&amp#27;[0m &amp#27;[90m# DeviceOrder.DeviceOrder.opacity(java.lang.String)&amp#27;[0m
Test case executed
]]></system-out>
    <system-err><![CDATA[Starting ChromeDriver 141.0.7390.122 (b477534e7e10d193e916cd4e2967c589383625b2-refs/branch-heads/7390@{#2667}) on port 11554
Only local connections are allowed.
Please see https://chromedriver.chromium.org/security-considerations for suggestions on keeping ChromeDriver safe.
ChromeDriver was started successfully on port 11554.
[1765630522.134][WARNING]: This version of ChromeDriver has not been tested with Chrome version 142.
Dec 13, 2025 6:25:22 PM org.openqa.selenium.remote.ProtocolHandshake createSession
INFO: Detected dialect: W3C
]]></system-err>
  </testcase>
</testsuite>